#
# A fatal error has been detected by the Java Runtime Environment:
#
#  SIGSEGV (0xb) at pc=0x00007fff7891769d, pid=841, tid=0x0000000000000307
#
# JRE version: Java(TM) SE Runtime Environment (8.0_251-b08) (build 1.8.0_251-b08)
# Java VM: Java HotSpot(TM) 64-Bit Server VM (25.251-b08 mixed mode bsd-amd64 compressed oops)
# Problematic frame:
# C  [libobjc.A.dylib+0x669d]  objc_msgSend+0x1d
#
# Failed to write core dump. Core dumps have been disabled. To enable core dumping, try "ulimit -c unlimited" before starting Java again
#
# If you would like to submit a bug report, please visit:
#   http://bugreport.java.com/bugreport/crash.jsp
# The crash happened outside the Java Virtual Machine in native code.
# See problematic frame for where to report the bug.
#

---------------  T H R E A D  ---------------

Current thread (0x00007fa721991800):  JavaThread "AppKit Thread" daemon [_thread_in_native, id=775, stack(0x00007ffeebd7d000,0x00007ffeec57d000)]

siginfo: si_signo: 11 (SIGSEGV), si_code: 1 (SEGV_MAPERR), si_addr: 0x0000000000000018

Registers:
RAX=0x00007fa72422e1e0, RBX=0x00007ffeec5784b0, RCX=0x00007fa722fd05c0, RDX=0x00007fa72422e1e0
RSP=0x00007ffeec578478, RBP=0x00007ffeec578480, RSI=0x00007fff64706839, RDI=0x00007fa722fd05c0
R8 =0x00000000000001ff, R9 =0x00007fa7240eb700, R10=0x0000000000000000, R11=0x00007fff64706839
R12=0x0000000000000000, R13=0x00007fa72422e1e0, R14=0x00007fa7240e9540, R15=0x0000000000000000
RIP=0x00007fff7891769d, EFLAGS=0x0000000000010246, ERR=0x0000000000000004
  TRAPNO=0x000000000000000e

Top of Stack: (sp=0x00007ffeec578478)
0x00007ffeec578478:   00007fff4e2002f6 00007ffeec5784a0
0x00007ffeec578488:   00007fff4e200270 00007fa7240eb700
0x00007ffeec578498:   0000000000000000 00007ffeec578510
0x00007ffeec5784a8:   00007fff4e2001da 00007fffb097d070
0x00007ffeec5784b8:   00000000c2000000 00007fff4e200231
0x00007ffeec5784c8:   00007fffa934a370 00007fa7240eb700
0x00007ffeec5784d8:   00007fa72422e1e0 0000000000000000
0x00007ffeec5784e8:   00007ffeec578527 00007fa7240eb700
0x00007ffeec5784f8:   00007ffeec5785d0 00007ffeec578d50
0x00007ffeec578508:   0000000000000000 00007ffeec578550
0x00007ffeec578518:   00007fff4e208688 00007fa72400ea50
0x00007ffeec578528:   0000000000000004 00007fff78917680
0x00007ffeec578538:   00007ffeec5785d0 00007ffeec578d50
0x00007ffeec578548:   00007fff4c316a3e 00007ffeec578c70
0x00007ffeec578558:   00007fff4e171014 0000000000000000
0x00007ffeec578568:   0000000000000000 00007ffeec578ac0
0x00007ffeec578578:   00007fa724076830 00007fa720512480
0x00007ffeec578588:   00007fffa9342c01 0000000000000000
0x00007ffeec578598:   00007fffa9342c20 00007fffa9385fb8
0x00007ffeec5785a8:   00007fa722fa8100 00007fffa934a030
0x00007ffeec5785b8:   0000000000000000 0000000000000000
0x00007ffeec5785c8:   0000000000000000 00007fa72400ea50
0x00007ffeec5785d8:   0000000000000040 0000000000000200
0x00007ffeec5785e8:   00007fa722fa8101 00007ffeec578a20
0x00007ffeec5785f8:   0000000000000000 0000000000000100
0x00007ffeec578608:   00007fa722fa8100 00007fffa9477138
0x00007ffeec578618:   00007fa7210020b8 00007ffeec578670
0x00007ffeec578628:   00007fff7891f0c8 ffff8058dd057ef0
0x00007ffeec578638:   ffff8058dd057ef0 00007fffb06cb480
0x00007ffeec578648:   00007fa721002010 a3a3a3a3a3a3a3a3
0x00007ffeec578658:   00007ffeec578b80 00007fa7210020a0
0x00007ffeec578668:   00007fa721002000 00007ffeec578ab0 

Instructions: (pc=0x00007fff7891769d)
0x00007fff7891767d:   0f 1f 00 48 85 ff 2e 74 62 40 f6 c7 01 2e 75 66
0x00007fff7891768d:   49 ba f8 ff ff ff ff 7f 00 00 4c 23 17 49 89 f3
0x00007fff7891769d:   45 23 5a 18 49 c1 e3 04 4d 03 5a 10 49 3b 33 75
0x00007fff789176ad:   04 41 ff 63 08 49 83 3b 01 76 0d 49 83 c3 10 49 

Register to memory mapping:

RAX=0x00007fa72422e1e0 is an unknown value
RBX=0x00007ffeec5784b0 is pointing into the stack for thread: 0x00007fa721991800
RCX=0x00007fa722fd05c0 is an unknown value
RDX=0x00007fa72422e1e0 is an unknown value
RSP=0x00007ffeec578478 is pointing into the stack for thread: 0x00007fa721991800
RBP=0x00007ffeec578480 is pointing into the stack for thread: 0x00007fa721991800
RSI=0x00007fff64706839 is an unknown value
RDI=0x00007fa722fd05c0 is an unknown value
R8 =0x00000000000001ff is an unknown value
R9 =0x00007fa7240eb700 is an unknown value
R10=0x0000000000000000 is an unknown value
R11=0x00007fff64706839 is an unknown value
R12=0x0000000000000000 is an unknown value
R13=0x00007fa72422e1e0 is an unknown value
R14=0x00007fa7240e9540 is an unknown value
R15=0x0000000000000000 is an unknown value


Stack: [0x00007ffeebd7d000,0x00007ffeec57d000],  sp=0x00007ffeec578478,  free space=8173k
Native frames: (J=compiled Java code, j=interpreted, Vv=VM code, C=native code)
C  [libobjc.A.dylib+0x669d]  objc_msgSend+0x1d
C  [CoreFoundation+0x9e270]  ___CFXRegistrationPost_block_invoke+0x3f
C  [CoreFoundation+0x9e1da]  _CFXRegistrationPost+0x194
C  [CoreFoundation+0xa6688]  ___CFXNotificationPost_block_invoke+0x57
C  [CoreFoundation+0xf014]  -[_CFXNotificationRegistrar find:object:observer:enumerator:]+0x66a
C  [CoreFoundation+0xe3c7]  _CFXNotificationPost+0x2dc
C  [Foundation+0x11aab]  -[NSNotificationCenter postNotificationName:object:userInfo:]+0x42
C  [CoreFoundation+0x9e2f6]  __CFNOTIFICATIONCENTER_IS_CALLING_OUT_TO_AN_OBSERVER__+0xc
C  [CoreFoundation+0x9e270]  ___CFXRegistrationPost_block_invoke+0x3f
C  [CoreFoundation+0x77ec4]  __CFRUNLOOP_IS_CALLING_OUT_TO_A_BLOCK__+0xc
C  [CoreFoundation+0x3b5e7]  __CFRunLoopDoBlocks+0x18a
C  [CoreFoundation+0x3b344]  __CFRunLoopRun+0xad4
C  [CoreFoundation+0x3a61e]  CFRunLoopRunSpecific+0x1c7
C  [HIToolbox+0xb1ab]  RunCurrentEventLoopInMode+0x124
C  [HIToolbox+0xaee5]  ReceiveNextEventCommon+0x25b
C  [HIToolbox+0xac76]  _BlockUntilNextEventMatchingListInModeWithFilter+0x40
C  [AppKit+0x1a77d]  _DPSNextEvent+0x46f
C  [AppKit+0x1946b]  -[NSApplication(NSEvent) _nextEventMatchingEventMask:untilDate:inMode:dequeue:]+0x551
C  [libosxapp.dylib+0x2328]  -[NSApplicationAWT nextEventMatchingMask:untilDate:inMode:dequeue:]+0x7c
C  [AppKit+0x13588]  -[NSApplication run]+0x2bb
C  [libosxapp.dylib+0x1f72]  +[NSApplicationAWT runAWTLoopWithApp:]+0x9c
C  [libawt_lwawt.dylib+0x4803b]  -[AWTStarter starter:]+0x389
C  [Foundation+0xb0302]  __NSThreadPerformPerform+0x148
C  [CoreFoundation+0x57de3]  __CFRUNLOOP_IS_CALLING_OUT_TO_A_SOURCE0_PERFORM_FUNCTION__+0x11
C  [CoreFoundation+0x57d89]  __CFRunLoopDoSource0+0x6c
C  [CoreFoundation+0x3b74b]  __CFRunLoopDoSources0+0xc3
C  [CoreFoundation+0x3ad15]  __CFRunLoopRun+0x4a5
C  [CoreFoundation+0x3a61e]  CFRunLoopRunSpecific+0x1c7
C  [java+0x646e]  CreateExecutionEnvironment+0x367
C  [java+0x203c]  JLI_Launch+0x7a0
C  [java+0x84cb]  main+0x65
C  [java+0x1894]  start+0x34
C  0x0000000000000003


---------------  P R O C E S S  ---------------

Java Threads: ( => current thread )
  0x00007fa72211c000 JavaThread "TimerQueue" daemon [_thread_blocked, id=77883, stack(0x000070001088e000,0x000070001098e000)]
  0x00007fa720a79000 JavaThread "DestroyJavaVM" [_thread_blocked, id=9475, stack(0x000070000f246000,0x000070000f346000)]
  0x00007fa720ca9000 JavaThread "AWT-EventQueue-0" [_thread_blocked, id=45475, stack(0x0000700010688000,0x0000700010788000)]
  0x00007fa720bf4800 JavaThread "AWT-Shutdown" [_thread_blocked, id=53487, stack(0x0000700010173000,0x0000700010273000)]
  0x00007fa721a2b800 JavaThread "Java2D Disposer" daemon [_thread_blocked, id=51979, stack(0x0000700010585000,0x0000700010685000)]
  0x00007fa7220a4800 JavaThread "Java2D Queue Flusher" daemon [_thread_blocked, id=81675, stack(0x0000700010482000,0x0000700010582000)]
=>0x00007fa721991800 JavaThread "AppKit Thread" daemon [_thread_in_native, id=775, stack(0x00007ffeebd7d000,0x00007ffeec57d000)]
  0x00007fa7209f7000 JavaThread "Timer-0" daemon [_thread_blocked, id=13827, stack(0x0000700010070000,0x0000700010170000)]
  0x00007fa722057000 JavaThread "Service Thread" daemon [_thread_blocked, id=12803, stack(0x000070000fe6a000,0x000070000ff6a000)]
  0x00007fa721803000 JavaThread "C1 CompilerThread2" daemon [_thread_blocked, id=12547, stack(0x000070000fd67000,0x000070000fe67000)]
  0x00007fa72203c800 JavaThread "C2 CompilerThread1" daemon [_thread_blocked, id=16899, stack(0x000070000fc64000,0x000070000fd64000)]
  0x00007fa72203b000 JavaThread "C2 CompilerThread0" daemon [_thread_blocked, id=17411, stack(0x000070000fb61000,0x000070000fc61000)]
  0x00007fa72203a000 JavaThread "Signal Dispatcher" daemon [_thread_blocked, id=17667, stack(0x000070000fa5e000,0x000070000fb5e000)]
  0x00007fa72202e800 JavaThread "Finalizer" daemon [_thread_blocked, id=19203, stack(0x000070000f95b000,0x000070000fa5b000)]
  0x00007fa720832000 JavaThread "Reference Handler" daemon [_thread_blocked, id=19715, stack(0x000070000f858000,0x000070000f958000)]

Other Threads:
  0x00007fa722026800 VMThread [stack: 0x000070000f755000,0x000070000f855000] [id=20227]
  0x00007fa720890000 WatcherThread [stack: 0x000070000ff6d000,0x000070001006d000] [id=13315]

VM state:not at safepoint (normal execution)

VM Mutex/Monitor currently owned by a thread: None

heap address: 0x0000000740000000, size: 2048 MB, Compressed Oops mode: Zero based, Oop shift amount: 3
Narrow klass base: 0x0000000000000000, Narrow klass shift: 3
Compressed class space size: 1073741824 Address: 0x00000007c0000000

Heap:
 PSYoungGen      total 35840K, used 6868K [0x0000000795580000, 0x0000000798200000, 0x00000007c0000000)
  eden space 31232K, 7% used [0x0000000795580000,0x00000007957c59d8,0x0000000797400000)
  from space 4608K, 98% used [0x0000000797480000,0x00000007978ef920,0x0000000797900000)
  to   space 7168K, 0% used [0x0000000797b00000,0x0000000797b00000,0x0000000798200000)
 ParOldGen       total 52224K, used 10750K [0x0000000740000000, 0x0000000743300000, 0x0000000795580000)
  object space 52224K, 20% used [0x0000000740000000,0x0000000740a7f8f8,0x0000000743300000)
 Metaspace       used 22508K, capacity 22972K, committed 23168K, reserved 1069056K
  class space    used 3242K, capacity 3367K, committed 3456K, reserved 1048576K

Card table byte_map: [0x000000010537e000,0x000000010577f000] byte_map_base: 0x000000010197e000

Marking Bits: (ParMarkBitMap*) 0x0000000104900f60
 Begin Bits: [0x0000000105a2a000, 0x0000000107a2a000)
 End Bits:   [0x0000000107a2a000, 0x0000000109a2a000)

Polling page: 0x000000010372f000

CodeCache: size=245760Kb used=11612Kb max_used=13007Kb free=234147Kb
 bounds [0x000000010e64a000, 0x000000010f31a000, 0x000000011d64a000]
 total_blobs=4201 nmethods=3564 adapters=549
 compilation: enabled

Compilation events (10 events):
Event: 356.230 Thread 0x00007fa721803000 4190       1       javax.swing.text.DefaultCaret::isSelectionVisible (5 bytes)
Event: 356.231 Thread 0x00007fa721803000 nmethod 4190 0x000000010ef4f0d0 code [0x000000010ef4f220, 0x000000010ef4f330]
Event: 356.231 Thread 0x00007fa721803000 4191       3       javax.swing.plaf.basic.BasicBorders$MarginBorder::getBorderInsets (131 bytes)
Event: 356.233 Thread 0x00007fa721803000 nmethod 4191 0x000000010ec11210 code [0x000000010ec11440, 0x000000010ec12438]
Event: 357.311 Thread 0x00007fa721803000 4192   !   3       javax.swing.plaf.basic.BasicLookAndFeel$AWTEventHelper::eventDispatched (247 bytes)
Event: 357.312 Thread 0x00007fa721803000 nmethod 4192 0x000000010ee04810 code [0x000000010ee04ae0, 0x000000010ee06698]
Event: 357.312 Thread 0x00007fa721803000 4193       3       java.lang.reflect.Array::newInstance (6 bytes)
Event: 357.312 Thread 0x00007fa721803000 nmethod 4193 0x000000010ec8c1d0 code [0x000000010ec8c340, 0x000000010ec8c4a8]
Event: 357.320 Thread 0x00007fa721803000 4194       3       java.lang.Float::floatToIntBits (26 bytes)
Event: 357.320 Thread 0x00007fa721803000 nmethod 4194 0x000000010ed788d0 code [0x000000010ed78a40, 0x000000010ed78c10]

GC Heap History (10 events):
Event: 279.727 GC heap before
{Heap before GC invocations=11 (full 3):
 PSYoungGen      total 37888K, used 36383K [0x0000000795580000, 0x0000000798480000, 0x00000007c0000000)
  eden space 32768K, 99% used [0x0000000795580000,0x000000079754f670,0x0000000797580000)
  from space 5120K, 74% used [0x0000000797600000,0x00000007979b86c8,0x0000000797b00000)
  to   space 7680K, 0% used [0x0000000797d00000,0x0000000797d00000,0x0000000798480000)
 ParOldGen       total 52224K, used 15322K [0x0000000740000000, 0x0000000743300000, 0x0000000795580000)
  object space 52224K, 29% used [0x0000000740000000,0x0000000740ef6880,0x0000000743300000)
 Metaspace       used 21421K, capacity 21918K, committed 22272K, reserved 1069056K
  class space    used 3085K, capacity 3234K, committed 3328K, reserved 1048576K
Event: 279.730 GC heap after
Heap after GC invocations=11 (full 3):
 PSYoungGen      total 38400K, used 3841K [0x0000000795580000, 0x0000000798300000, 0x00000007c0000000)
  eden space 32256K, 0% used [0x0000000795580000,0x0000000795580000,0x0000000797500000)
  from space 6144K, 62% used [0x0000000797d00000,0x00000007980c06c8,0x0000000798300000)
  to   space 7168K, 0% used [0x0000000797500000,0x0000000797500000,0x0000000797c00000)
 ParOldGen       total 52224K, used 15322K [0x0000000740000000, 0x0000000743300000, 0x0000000795580000)
  object space 52224K, 29% used [0x0000000740000000,0x0000000740ef6880,0x0000000743300000)
 Metaspace       used 21421K, capacity 21918K, committed 22272K, reserved 1069056K
  class space    used 3085K, capacity 3234K, committed 3328K, reserved 1048576K
}
Event: 319.896 GC heap before
{Heap before GC invocations=12 (full 3):
 PSYoungGen      total 38400K, used 34650K [0x0000000795580000, 0x0000000798300000, 0x00000007c0000000)
  eden space 32256K, 95% used [0x0000000795580000,0x00000007973963b8,0x0000000797500000)
  from space 6144K, 62% used [0x0000000797d00000,0x00000007980c06c8,0x0000000798300000)
  to   space 7168K, 0% used [0x0000000797500000,0x0000000797500000,0x0000000797c00000)
 ParOldGen       total 52224K, used 15322K [0x0000000740000000, 0x0000000743300000, 0x0000000795580000)
  object space 52224K, 29% used [0x0000000740000000,0x0000000740ef6880,0x0000000743300000)
 Metaspace       used 21427K, capacity 21918K, committed 22272K, reserved 1069056K
  class space    used 3085K, capacity 3234K, committed 3328K, reserved 1048576K
Event: 319.900 GC heap after
Heap after GC invocations=12 (full 3):
 PSYoungGen      total 35840K, used 3809K [0x0000000795580000, 0x0000000798280000, 0x00000007c0000000)
  eden space 31744K, 0% used [0x0000000795580000,0x0000000795580000,0x0000000797480000)
  from space 4096K, 93% used [0x0000000797500000,0x00000007978b86c8,0x0000000797900000)
  to   space 7168K, 0% used [0x0000000797b80000,0x0000000797b80000,0x0000000798280000)
 ParOldGen       total 52224K, used 15322K [0x0000000740000000, 0x0000000743300000, 0x0000000795580000)
  object space 52224K, 29% used [0x0000000740000000,0x0000000740ef6880,0x0000000743300000)
 Metaspace       used 21427K, capacity 21918K, committed 22272K, reserved 1069056K
  class space    used 3085K, capacity 3234K, committed 3328K, reserved 1048576K
}
Event: 353.272 GC heap before
{Heap before GC invocations=13 (full 3):
 PSYoungGen      total 35840K, used 23654K [0x0000000795580000, 0x0000000798280000, 0x00000007c0000000)
  eden space 31744K, 62% used [0x0000000795580000,0x00000007968e1240,0x0000000797480000)
  from space 4096K, 93% used [0x0000000797500000,0x00000007978b86c8,0x0000000797900000)
  to   space 7168K, 0% used [0x0000000797b80000,0x0000000797b80000,0x0000000798280000)
 ParOldGen       total 52224K, used 15322K [0x0000000740000000, 0x0000000743300000, 0x0000000795580000)
  object space 52224K, 29% used [0x0000000740000000,0x0000000740ef6880,0x0000000743300000)
 Metaspace       used 21635K, capacity 22116K, committed 22528K, reserved 1069056K
  class space    used 3094K, capacity 3235K, committed 3328K, reserved 1048576K
Event: 353.275 GC heap after
Heap after GC invocations=13 (full 3):
 PSYoungGen      total 38912K, used 5164K [0x0000000795580000, 0x0000000798280000, 0x00000007c0000000)
  eden space 31744K, 0% used [0x0000000795580000,0x0000000795580000,0x0000000797480000)
  from space 7168K, 72% used [0x0000000797b80000,0x000000079808b098,0x0000000798280000)
  to   space 7168K, 0% used [0x0000000797480000,0x0000000797480000,0x0000000797b80000)
 ParOldGen       total 52224K, used 15330K [0x0000000740000000, 0x0000000743300000, 0x0000000795580000)
  object space 52224K, 29% used [0x0000000740000000,0x0000000740ef8880,0x0000000743300000)
 Metaspace       used 21635K, capacity 22116K, committed 22528K, reserved 1069056K
  class space    used 3094K, capacity 3235K, committed 3328K, reserved 1048576K
}
Event: 353.275 GC heap before
{Heap before GC invocations=14 (full 4):
 PSYoungGen      total 38912K, used 5164K [0x0000000795580000, 0x0000000798280000, 0x00000007c0000000)
  eden space 31744K, 0% used [0x0000000795580000,0x0000000795580000,0x0000000797480000)
  from space 7168K, 72% used [0x0000000797b80000,0x000000079808b098,0x0000000798280000)
  to   space 7168K, 0% used [0x0000000797480000,0x0000000797480000,0x0000000797b80000)
 ParOldGen       total 52224K, used 15330K [0x0000000740000000, 0x0000000743300000, 0x0000000795580000)
  object space 52224K, 29% used [0x0000000740000000,0x0000000740ef8880,0x0000000743300000)
 Metaspace       used 21635K, capacity 22116K, committed 22528K, reserved 1069056K
  class space    used 3094K, capacity 3235K, committed 3328K, reserved 1048576K
Event: 353.343 GC heap after
Heap after GC invocations=14 (full 4):
 PSYoungGen      total 38912K, used 0K [0x0000000795580000, 0x0000000798280000, 0x00000007c0000000)
  eden space 31744K, 0% used [0x0000000795580000,0x0000000795580000,0x0000000797480000)
  from space 7168K, 0% used [0x0000000797b80000,0x0000000797b80000,0x0000000798280000)
  to   space 7168K, 0% used [0x0000000797480000,0x0000000797480000,0x0000000797b80000)
 ParOldGen       total 52224K, used 10742K [0x0000000740000000, 0x0000000743300000, 0x0000000795580000)
  object space 52224K, 20% used [0x0000000740000000,0x0000000740a7d8f8,0x0000000743300000)
 Metaspace       used 21635K, capacity 22116K, committed 22528K, reserved 1069056K
  class space    used 3094K, capacity 3235K, committed 3328K, reserved 1048576K
}
Event: 356.166 GC heap before
{Heap before GC invocations=15 (full 4):
 PSYoungGen      total 38912K, used 31184K [0x0000000795580000, 0x0000000798280000, 0x00000007c0000000)
  eden space 31744K, 98% used [0x0000000795580000,0x00000007973f4338,0x0000000797480000)
  from space 7168K, 0% used [0x0000000797b80000,0x0000000797b80000,0x0000000798280000)
  to   space 7168K, 0% used [0x0000000797480000,0x0000000797480000,0x0000000797b80000)
 ParOldGen       total 52224K, used 10742K [0x0000000740000000, 0x0000000743300000, 0x0000000795580000)
  object space 52224K, 20% used [0x0000000740000000,0x0000000740a7d8f8,0x0000000743300000)
 Metaspace       used 22493K, capacity 22972K, committed 23168K, reserved 1069056K
  class space    used 3240K, capacity 3367K, committed 3456K, reserved 1048576K
Event: 356.168 GC heap after
Heap after GC invocations=15 (full 4):
 PSYoungGen      total 35840K, used 4542K [0x0000000795580000, 0x0000000798200000, 0x00000007c0000000)
  eden space 31232K, 0% used [0x0000000795580000,0x0000000795580000,0x0000000797400000)
  from space 4608K, 98% used [0x0000000797480000,0x00000007978ef920,0x0000000797900000)
  to   space 7168K, 0% used [0x0000000797b00000,0x0000000797b00000,0x0000000798200000)
 ParOldGen       total 52224K, used 10750K [0x0000000740000000, 0x0000000743300000, 0x0000000795580000)
  object space 52224K, 20% used [0x0000000740000000,0x0000000740a7f8f8,0x0000000743300000)
 Metaspace       used 22493K, capacity 22972K, committed 23168K, reserved 1069056K
  class space    used 3240K, capacity 3367K, committed 3456K, reserved 1048576K
}

Deoptimization events (10 events):
Event: 355.400 Thread 0x00007fa720ca9000 Uncommon trap: reason=class_check action=maybe_recompile pc=0x000000010f08b8ac method=javax.swing.text.AbstractDocument$AbstractElement.getAttribute(Ljava/lang/Object;)Ljava/lang/Object; @ 5
Event: 355.401 Thread 0x00007fa720ca9000 Uncommon trap: reason=class_check action=maybe_recompile pc=0x000000010ef0ecdc method=sun.java2d.pipe.BufferedContext.setComposite(Ljava/awt/Composite;I)V @ 1
Event: 355.402 Thread 0x00007fa720ca9000 Uncommon trap: reason=bimorphic action=maybe_recompile pc=0x000000010f1bbdf0 method=javax.swing.text.AbstractDocument$AbstractElement.isDefined(Ljava/lang/Object;)Z @ 5
Event: 355.403 Thread 0x00007fa720ca9000 Uncommon trap: reason=bimorphic action=maybe_recompile pc=0x000000010f1bbdf0 method=javax.swing.text.AbstractDocument$AbstractElement.isDefined(Ljava/lang/Object;)Z @ 5
Event: 355.404 Thread 0x00007fa720ca9000 Uncommon trap: reason=class_check action=maybe_recompile pc=0x000000010f08b8ac method=javax.swing.text.AbstractDocument$AbstractElement.getAttribute(Ljava/lang/Object;)Ljava/lang/Object; @ 5
Event: 355.405 Thread 0x00007fa720ca9000 Uncommon trap: reason=class_check action=maybe_recompile pc=0x000000010ef0ecdc method=sun.java2d.pipe.BufferedContext.setComposite(Ljava/awt/Composite;I)V @ 1
Event: 355.409 Thread 0x00007fa720ca9000 Uncommon trap: reason=class_check action=maybe_recompile pc=0x000000010f08b8ac method=javax.swing.text.AbstractDocument$AbstractElement.getAttribute(Ljava/lang/Object;)Ljava/lang/Object; @ 5
Event: 355.410 Thread 0x00007fa720ca9000 Uncommon trap: reason=class_check action=maybe_recompile pc=0x000000010ef0ecdc method=sun.java2d.pipe.BufferedContext.setComposite(Ljava/awt/Composite;I)V @ 1
Event: 356.088 Thread 0x00007fa720ca9000 Uncommon trap: reason=unstable_if action=reinterpret pc=0x000000010e815514 method=javax.swing.JComponent.getBounds(Ljava/awt/Rectangle;)Ljava/awt/Rectangle; @ 1
Event: 356.088 Thread 0x00007fa720ca9000 Uncommon trap: reason=unstable_if action=reinterpret pc=0x000000010f13110c method=sun.java2d.SunGraphics2D.getClipBounds()Ljava/awt/Rectangle; @ 4

Classes redefined (0 events):
No events

Internal exceptions (10 events):
Event: 0.743 Thread 0x00007fa722002000 Exception <a 'java/security/PrivilegedActionException'> (0x00000007956f1f00) thrown at [/jenkins/workspace/8-2-build-macosx-x86_64/jdk8u251/737/hotspot/src/share/vm/prims/jvm.cpp, line 1502]
Event: 0.743 Thread 0x00007fa722002000 Exception <a 'java/security/PrivilegedActionException'> (0x00000007956f2110) thrown at [/jenkins/workspace/8-2-build-macosx-x86_64/jdk8u251/737/hotspot/src/share/vm/prims/jvm.cpp, line 1502]
Event: 1.867 Thread 0x00007fa722002000 Exception <a 'java/lang/NoSuchFieldError': method resolution failed> (0x000000079650cd18) thrown at [/jenkins/workspace/8-2-build-macosx-x86_64/jdk8u251/737/hotspot/src/share/vm/prims/methodHandles.cpp, line 1167]
Event: 1.870 Thread 0x00007fa722002000 Exception <a 'java/lang/NoSuchFieldError': method resolution failed> (0x000000079651a458) thrown at [/jenkins/workspace/8-2-build-macosx-x86_64/jdk8u251/737/hotspot/src/share/vm/prims/methodHandles.cpp, line 1167]
Event: 2.144 Thread 0x00007fa722002000 Exception <a 'java/io/FileNotFoundException'> (0x0000000796594ab0) thrown at [/jenkins/workspace/8-2-build-macosx-x86_64/jdk8u251/737/hotspot/src/share/vm/prims/jni.cpp, line 710]
Event: 2.145 Thread 0x00007fa722002000 Exception <a 'java/io/FileNotFoundException'> (0x00000007965955d8) thrown at [/jenkins/workspace/8-2-build-macosx-x86_64/jdk8u251/737/hotspot/src/share/vm/prims/jni.cpp, line 710]
Event: 2.993 Thread 0x00007fa722002000 Implicit null exception at 0x000000010e82ddf5 to 0x000000010e82e1b5
Event: 2.998 Thread 0x00007fa722002000 Implicit null exception at 0x000000010e82b976 to 0x000000010e82bd39
Event: 11.693 Thread 0x00007fa720ca9000 Exception <a 'java/lang/NullPointerException'> (0x0000000795dfdd78) thrown at [/jenkins/workspace/8-2-build-macosx-x86_64/jdk8u251/737/hotspot/src/share/vm/prims/jni.cpp, line 736]
Event: 44.865 Thread 0x00007fa720ca9000 Implicit null exception at 0x000000010ee146b5 to 0x000000010ee156e9

Events (10 events):
Event: 356.170 Executing VM operation: RevokeBias done
Event: 356.170 Executing VM operation: RevokeBias
Event: 356.170 Executing VM operation: RevokeBias done
Event: 356.170 Executing VM operation: RevokeBias
Event: 356.170 Executing VM operation: RevokeBias done
Event: 357.249 loading class java/util/LinkedHashSet
Event: 357.249 loading class java/util/LinkedHashSet done
Event: 358.758 Executing VM operation: RevokeBias
Event: 358.758 Executing VM operation: RevokeBias done
Event: 358.758 Thread 0x00007fa726253800 Thread exited: 0x00007fa726253800


Dynamic libraries:
0x00007fff4d8ed000 	/System/Library/Frameworks/Cocoa.framework/Versions/A/Cocoa
0x00007fff59692000 	/System/Library/Frameworks/Security.framework/Versions/A/Security
0x00007fff4c580000 	/System/Library/Frameworks/ApplicationServices.framework/Versions/A/ApplicationServices
0x00007fff79780000 	/usr/lib/libz.1.dylib
0x00007fff770da000 	/usr/lib/libSystem.B.dylib
0x00007fff78911000 	/usr/lib/libobjc.A.dylib
0x00007fff4e162000 	/System/Library/Frameworks/CoreFoundation.framework/Versions/A/CoreFoundation
0x00007fff503e5000 	/System/Library/Frameworks/Foundation.framework/Versions/C/Foundation
0x00007fff4b779000 	/System/Library/Frameworks/AppKit.framework/Versions/C/AppKit
0x00007fff4dceb000 	/System/Library/Frameworks/CoreData.framework/Versions/A/CoreData
0x00007fff70ba0000 	/System/Library/PrivateFrameworks/RemoteViewServices.framework/Versions/A/RemoteViewServices
0x00007fff74e17000 	/System/Library/PrivateFrameworks/UIFoundation.framework/Versions/A/UIFoundation
0x00007fff764fb000 	/System/Library/PrivateFrameworks/XCTTargetBootstrap.framework/Versions/A/XCTTargetBootstrap
0x00007fff4e071000 	/System/Library/Frameworks/CoreDisplay.framework/Versions/A/CoreDisplay
0x00007fff6b8da000 	/System/Library/PrivateFrameworks/IconServices.framework/Versions/A/IconServices
0x00007fff52d06000 	/System/Library/Frameworks/Metal.framework/Versions/A/Metal
0x00007fff62e1d000 	/System/Library/PrivateFrameworks/DesktopServicesPriv.framework/Versions/A/DesktopServicesPriv
0x00007fff77c74000 	/usr/lib/libenergytrace.dylib
0x00007fff732fe000 	/System/Library/PrivateFrameworks/SkyLight.framework/Versions/A/SkyLight
0x00007fff4e5a9000 	/System/Library/Frameworks/CoreGraphics.framework/Versions/A/CoreGraphics
0x00007fff4a545000 	/System/Library/Frameworks/Accelerate.framework/Versions/A/Accelerate
0x00007fff50b2e000 	/System/Library/Frameworks/IOSurface.framework/Versions/A/IOSurface
0x00007fff62c89000 	/System/Library/PrivateFrameworks/DFRFoundation.framework/Versions/A/DFRFoundation
0x00007fff4ca63000 	/System/Library/Frameworks/AudioToolbox.framework/Versions/A/AudioToolbox
0x00007fff4ccdc000 	/System/Library/Frameworks/AudioUnit.framework/Versions/A/AudioUnit
0x00007fff62d1e000 	/System/Library/PrivateFrameworks/DataDetectorsCore.framework/Versions/A/DataDetectorsCore
0x00007fff4d3f0000 	/System/Library/Frameworks/Carbon.framework/Versions/A/Frameworks/HIToolbox.framework/Versions/A/HIToolbox
0x00007fff77dcd000 	/usr/lib/libicucore.A.dylib
0x00007fff58c05000 	/System/Library/Frameworks/QuartzCore.framework/Versions/A/QuartzCore
0x00007fff4d7c5000 	/System/Library/Frameworks/Carbon.framework/Versions/A/Frameworks/SpeechRecognition.framework/Versions/A/SpeechRecognition
0x00007fff7722e000 	/usr/lib/libauto.dylib
0x00007fff79674000 	/usr/lib/libxml2.2.dylib
0x00007fff62864000 	/System/Library/PrivateFrameworks/CoreUI.framework/Versions/A/CoreUI
0x00007fff4dbd6000 	/System/Library/Frameworks/CoreAudio.framework/Versions/A/CoreAudio
0x00007fff5021a000 	/System/Library/Frameworks/DiskArbitration.framework/Versions/A/DiskArbitration
0x00007fff7807b000 	/usr/lib/liblangid.dylib
0x00007fff6cce5000 	/System/Library/PrivateFrameworks/MultitouchSupport.framework/Versions/A/MultitouchSupport
0x00007fff50a9d000 	/System/Library/Frameworks/IOKit.framework/Versions/A/IOKit
0x00007fff76c9a000 	/usr/lib/libDiagnosticMessagesClient.dylib
0x00007fff4f3b8000 	/System/Library/Frameworks/CoreServices.framework/Versions/A/CoreServices
0x00007fff6e99f000 	/System/Library/PrivateFrameworks/PerformanceAnalysis.framework/Versions/A/PerformanceAnalysis
0x00007fff57df3000 	/System/Library/Frameworks/OpenGL.framework/Versions/A/OpenGL
0x00007fff4d8fb000 	/System/Library/Frameworks/ColorSync.framework/Versions/A/ColorSync
0x00007fff4ec3a000 	/System/Library/Frameworks/CoreImage.framework/Versions/A/CoreImage
0x00007fff4fd90000 	/System/Library/Frameworks/CoreText.framework/Versions/A/CoreText
0x00007fff50b91000 	/System/Library/Frameworks/ImageIO.framework/Versions/A/ImageIO
0x00007fff5eeb6000 	/System/Library/PrivateFrameworks/Backup.framework/Versions/A/Backup
0x00007fff77181000 	/usr/lib/libarchive.2.dylib
0x00007fff4d035000 	/System/Library/Frameworks/CFNetwork.framework/Versions/A/CFNetwork
0x00007fff59dee000 	/System/Library/Frameworks/SystemConfiguration.framework/Versions/A/SystemConfiguration
0x00007fff76bcb000 	/usr/lib/libCRFSuite.dylib
0x00007fff7731d000 	/usr/lib/libc++.1.dylib
0x00007fff77371000 	/usr/lib/libc++abi.dylib
0x00007fff79f76000 	/usr/lib/system/libcache.dylib
0x00007fff79f7b000 	/usr/lib/system/libcommonCrypto.dylib
0x00007fff79f86000 	/usr/lib/system/libcompiler_rt.dylib
0x00007fff79f8e000 	/usr/lib/system/libcopyfile.dylib
0x00007fff79f98000 	/usr/lib/system/libcorecrypto.dylib
0x00007fff7a0a3000 	/usr/lib/system/libdispatch.dylib
0x00007fff7a0dd000 	/usr/lib/system/libdyld.dylib
0x00007fff7a10a000 	/usr/lib/system/libkeymgr.dylib
0x00007fff7a118000 	/usr/lib/system/liblaunch.dylib
0x00007fff7a119000 	/usr/lib/system/libmacho.dylib
0x00007fff7a11f000 	/usr/lib/system/libquarantine.dylib
0x00007fff7a122000 	/usr/lib/system/libremovefile.dylib
0x00007fff7a124000 	/usr/lib/system/libsystem_asl.dylib
0x00007fff7a13c000 	/usr/lib/system/libsystem_blocks.dylib
0x00007fff7a13d000 	/usr/lib/system/libsystem_c.dylib
0x00007fff7a1c5000 	/usr/lib/system/libsystem_configuration.dylib
0x00007fff7a1c9000 	/usr/lib/system/libsystem_coreservices.dylib
0x00007fff7a1cd000 	/usr/lib/system/libsystem_darwin.dylib
0x00007fff7a1d4000 	/usr/lib/system/libsystem_dnssd.dylib
0x00007fff7a1db000 	/usr/lib/system/libsystem_info.dylib
0x00007fff7a250000 	/usr/lib/system/libsystem_m.dylib
0x00007fff7a29c000 	/usr/lib/system/libsystem_malloc.dylib
0x00007fff7a2c7000 	/usr/lib/system/libsystem_networkextension.dylib
0x00007fff7a2d2000 	/usr/lib/system/libsystem_notify.dylib
0x00007fff7a2ef000 	/usr/lib/system/libsystem_sandbox.dylib
0x00007fff7a2f3000 	/usr/lib/system/libsystem_secinit.dylib
0x00007fff7a227000 	/usr/lib/system/libsystem_kernel.dylib
0x00007fff7a2da000 	/usr/lib/system/libsystem_platform.dylib
0x00007fff7a2e4000 	/usr/lib/system/libsystem_pthread.dylib
0x00007fff7a2f6000 	/usr/lib/system/libsystem_symptoms.dylib
0x00007fff7a2fe000 	/usr/lib/system/libsystem_trace.dylib
0x00007fff7a315000 	/usr/lib/system/libunwind.dylib
0x00007fff7a31b000 	/usr/lib/system/libxpc.dylib
0x00007fff772fe000 	/usr/lib/libbsm.0.dylib
0x00007fff7a10b000 	/usr/lib/system/libkxld.dylib
0x00007fff5e2a7000 	/System/Library/PrivateFrameworks/AppleFSCompression.framework/Versions/A/AppleFSCompression
0x00007fff76f9a000 	/usr/lib/libOpenScriptingUtil.dylib
0x00007fff77626000 	/usr/lib/libcoretls.dylib
0x00007fff7763d000 	/usr/lib/libcoretls_cfhelpers.dylib
0x00007fff790a8000 	/usr/lib/libpam.2.dylib
0x00007fff79268000 	/usr/lib/libsqlite3.dylib
0x00007fff79662000 	/usr/lib/libxar.1.dylib
0x00007fff7730f000 	/usr/lib/libbz2.1.0.dylib
0x00007fff7807d000 	/usr/lib/liblzma.5.dylib
0x00007fff7852e000 	/usr/lib/libnetwork.dylib
0x00007fff7716a000 	/usr/lib/libapple_nghttp2.dylib
0x00007fff790af000 	/usr/lib/libpcap.A.dylib
0x00007fff4f757000 	/System/Library/Frameworks/CoreServices.framework/Versions/A/Frameworks/FSEvents.framework/Versions/A/FSEvents
0x00007fff4f436000 	/System/Library/Frameworks/CoreServices.framework/Versions/A/Frameworks/CarbonCore.framework/Versions/A/CarbonCore
0x00007fff4f912000 	/System/Library/Frameworks/CoreServices.framework/Versions/A/Frameworks/Metadata.framework/Versions/A/Metadata
0x00007fff4f9b1000 	/System/Library/Frameworks/CoreServices.framework/Versions/A/Frameworks/OSServices.framework/Versions/A/OSServices
0x00007fff4f9fc000 	/System/Library/Frameworks/CoreServices.framework/Versions/A/Frameworks/SearchKit.framework/Versions/A/SearchKit
0x00007fff4f3b9000 	/System/Library/Frameworks/CoreServices.framework/Versions/A/Frameworks/AE.framework/Versions/A/AE
0x00007fff4f760000 	/System/Library/Frameworks/CoreServices.framework/Versions/A/Frameworks/LaunchServices.framework/Versions/A/LaunchServices
0x00007fff4f70e000 	/System/Library/Frameworks/CoreServices.framework/Versions/A/Frameworks/DictionaryServices.framework/Versions/A/DictionaryServices
0x00007fff4fa64000 	/System/Library/Frameworks/CoreServices.framework/Versions/A/Frameworks/SharedFileList.framework/Versions/A/SharedFileList
0x00007fff53dce000 	/System/Library/Frameworks/NetFS.framework/Versions/A/NetFS
0x00007fff6cf4b000 	/System/Library/PrivateFrameworks/NetAuth.framework/Versions/A/NetAuth
0x00007fff768ff000 	/System/Library/PrivateFrameworks/login.framework/Versions/A/Frameworks/loginsupport.framework/Versions/A/loginsupport
0x00007fff74a20000 	/System/Library/PrivateFrameworks/TCC.framework/Versions/A/TCC
0x00007fff61ec1000 	/System/Library/PrivateFrameworks/CoreNLP.framework/Versions/A/CoreNLP
0x00007fff6c9e0000 	/System/Library/PrivateFrameworks/MetadataUtilities.framework/Versions/A/MetadataUtilities
0x00007fff78152000 	/usr/lib/libmecabra.dylib
0x00007fff4c581000 	/System/Library/Frameworks/ApplicationServices.framework/Versions/A/Frameworks/ATS.framework/Versions/A/ATS
0x00007fff4c8d0000 	/System/Library/Frameworks/ApplicationServices.framework/Versions/A/Frameworks/ColorSyncLegacy.framework/Versions/A/ColorSyncLegacy
0x00007fff4c96f000 	/System/Library/Frameworks/ApplicationServices.framework/Versions/A/Frameworks/HIServices.framework/Versions/A/HIServices
0x00007fff4c9c2000 	/System/Library/Frameworks/ApplicationServices.framework/Versions/A/Frameworks/LangAnalysis.framework/Versions/A/LangAnalysis
0x00007fff4c9d2000 	/System/Library/Frameworks/ApplicationServices.framework/Versions/A/Frameworks/PrintCore.framework/Versions/A/PrintCore
0x00007fff4ca1c000 	/System/Library/Frameworks/ApplicationServices.framework/Versions/A/Frameworks/QD.framework/Versions/A/QD
0x00007fff4ca56000 	/System/Library/Frameworks/ApplicationServices.framework/Versions/A/Frameworks/SpeechSynthesis.framework/Versions/A/SpeechSynthesis
0x00007fff77399000 	/usr/lib/libcompression.dylib
0x00007fff52fd6000 	/System/Library/Frameworks/MetalPerformanceShaders.framework/Versions/A/MetalPerformanceShaders
0x00007fff4a55d000 	/System/Library/Frameworks/Accelerate.framework/Versions/A/Frameworks/vImage.framework/Versions/A/vImage
0x00007fff4b5d7000 	/System/Library/Frameworks/Accelerate.framework/Versions/A/Frameworks/vecLib.framework/Versions/A/vecLib
0x00007fff4b523000 	/System/Library/Frameworks/Accelerate.framework/Versions/A/Frameworks/vecLib.framework/Versions/A/libvMisc.dylib
0x00007fff4b33b000 	/System/Library/Frameworks/Accelerate.framework/Versions/A/Frameworks/vecLib.framework/Versions/A/libvDSP.dylib
0x00007fff4abf7000 	/System/Library/Frameworks/Accelerate.framework/Versions/A/Frameworks/vecLib.framework/Versions/A/libBLAS.dylib
0x00007fff4aee4000 	/System/Library/Frameworks/Accelerate.framework/Versions/A/Frameworks/vecLib.framework/Versions/A/libLAPACK.dylib
0x00007fff4b28e000 	/System/Library/Frameworks/Accelerate.framework/Versions/A/Frameworks/vecLib.framework/Versions/A/libLinearAlgebra.dylib
0x00007fff4b327000 	/System/Library/Frameworks/Accelerate.framework/Versions/A/Frameworks/vecLib.framework/Versions/A/libSparseBLAS.dylib
0x00007fff4b2a4000 	/System/Library/Frameworks/Accelerate.framework/Versions/A/Frameworks/vecLib.framework/Versions/A/libQuadrature.dylib
0x00007fff4ae71000 	/System/Library/Frameworks/Accelerate.framework/Versions/A/Frameworks/vecLib.framework/Versions/A/libBNNS.dylib
0x00007fff4b2aa000 	/System/Library/Frameworks/Accelerate.framework/Versions/A/Frameworks/vecLib.framework/Versions/A/libSparse.dylib
0x00007fff6920f000 	/System/Library/PrivateFrameworks/GPUWrangler.framework/Versions/A/GPUWrangler
0x00007fff6b50f000 	/System/Library/PrivateFrameworks/IOAccelerator.framework/Versions/A/IOAccelerator
0x00007fff6b51a000 	/System/Library/PrivateFrameworks/IOPresentment.framework/Versions/A/IOPresentment
0x00007fff62c99000 	/System/Library/PrivateFrameworks/DSExternalDisplay.framework/Versions/A/DSExternalDisplay
0x00007fff5724a000 	/System/Library/Frameworks/OpenGL.framework/Versions/A/Libraries/libCoreFSCache.dylib
0x00007fff52dca000 	/System/Library/Frameworks/MetalPerformanceShaders.framework/Frameworks/MPSCore.framework/Versions/A/MPSCore
0x00007fff52dea000 	/System/Library/Frameworks/MetalPerformanceShaders.framework/Frameworks/MPSImage.framework/Versions/A/MPSImage
0x00007fff52e8f000 	/System/Library/Frameworks/MetalPerformanceShaders.framework/Frameworks/MPSNeuralNetwork.framework/Versions/A/MPSNeuralNetwork
0x00007fff52e67000 	/System/Library/Frameworks/MetalPerformanceShaders.framework/Frameworks/MPSMatrix.framework/Versions/A/MPSMatrix
0x00007fff52fbb000 	/System/Library/Frameworks/MetalPerformanceShaders.framework/Frameworks/MPSRayIntersector.framework/Versions/A/MPSRayIntersector
0x00007fff6ca09000 	/System/Library/PrivateFrameworks/MetalTools.framework/Versions/A/MetalTools
0x00007fff5db51000 	/System/Library/PrivateFrameworks/AggregateDictionary.framework/Versions/A/AggregateDictionary
0x00007fff76f7a000 	/usr/lib/libMobileGestalt.dylib
0x00007fff4fef3000 	/System/Library/Frameworks/CoreVideo.framework/Versions/A/CoreVideo
0x00007fff6a020000 	/System/Library/PrivateFrameworks/GraphVisualizer.framework/Versions/A/GraphVisualizer
0x00007fff63e9f000 	/System/Library/PrivateFrameworks/FaceCore.framework/Versions/A/FaceCore
0x00007fff56878000 	/System/Library/Frameworks/OpenCL.framework/Versions/A/OpenCL
0x00007fff76cd2000 	/usr/lib/libFosl_dynamic.dylib
0x00007fff6d7b6000 	/System/Library/PrivateFrameworks/OTSVG.framework/Versions/A/OTSVG
0x00007fff4c685000 	/System/Library/Frameworks/ApplicationServices.framework/Versions/A/Frameworks/ATS.framework/Versions/A/Resources/libFontParser.dylib
0x00007fff4c79d000 	/System/Library/Frameworks/ApplicationServices.framework/Versions/A/Frameworks/ATS.framework/Versions/A/Resources/libFontRegistry.dylib
0x00007fff50dff000 	/System/Library/Frameworks/ImageIO.framework/Versions/A/Resources/libJPEG.dylib
0x00007fff51111000 	/System/Library/Frameworks/ImageIO.framework/Versions/A/Resources/libTIFF.dylib
0x00007fff510e7000 	/System/Library/Frameworks/ImageIO.framework/Versions/A/Resources/libPng.dylib
0x00007fff50d1d000 	/System/Library/Frameworks/ImageIO.framework/Versions/A/Resources/libGIF.dylib
0x00007fff50d22000 	/System/Library/Frameworks/ImageIO.framework/Versions/A/Resources/libJP2.dylib
0x00007fff5110e000 	/System/Library/Frameworks/ImageIO.framework/Versions/A/Resources/libRadiance.dylib
0x00007fff5e3fe000 	/System/Library/PrivateFrameworks/AppleJPEG.framework/Versions/A/AppleJPEG
0x00007fff57255000 	/System/Library/Frameworks/OpenGL.framework/Versions/A/Libraries/libGFXShared.dylib
0x00007fff57418000 	/System/Library/Frameworks/OpenGL.framework/Versions/A/Libraries/libGLU.dylib
0x00007fff5725e000 	/System/Library/Frameworks/OpenGL.framework/Versions/A/Libraries/libGL.dylib
0x00007fff5726a000 	/System/Library/Frameworks/OpenGL.framework/Versions/A/Libraries/libGLImage.dylib
0x00007fff57247000 	/System/Library/Frameworks/OpenGL.framework/Versions/A/Libraries/libCVMSPluginSupport.dylib
0x00007fff57250000 	/System/Library/Frameworks/OpenGL.framework/Versions/A/Libraries/libCoreVMClient.dylib
0x00007fff77aea000 	/usr/lib/libcups.2.dylib
0x00007fff522d1000 	/System/Library/Frameworks/Kerberos.framework/Versions/A/Kerberos
0x00007fff50801000 	/System/Library/Frameworks/GSS.framework/Versions/A/GSS
0x00007fff791fd000 	/usr/lib/libresolv.9.dylib
0x00007fff77cdc000 	/usr/lib/libiconv.2.dylib
0x00007fff6a195000 	/System/Library/PrivateFrameworks/Heimdal.framework/Versions/A/Heimdal
0x00007fff77cac000 	/usr/lib/libheimdal-asn1.dylib
0x00007fff568ec000 	/System/Library/Frameworks/OpenDirectory.framework/Versions/A/OpenDirectory
0x00007fff60c24000 	/System/Library/PrivateFrameworks/CommonAuth.framework/Versions/A/CommonAuth
0x00007fff568d0000 	/System/Library/Frameworks/OpenDirectory.framework/Versions/A/Frameworks/CFOpenDirectory.framework/Versions/A/CFOpenDirectory
0x00007fff59993000 	/System/Library/Frameworks/SecurityFoundation.framework/Versions/A/SecurityFoundation
0x00007fff5d097000 	/System/Library/PrivateFrameworks/APFS.framework/Versions/A/APFS
0x00007fff7965e000 	/usr/lib/libutil.dylib
0x00007fff77387000 	/usr/lib/libcharset.1.dylib
0x00007fff5e69b000 	/System/Library/PrivateFrameworks/AppleSauce.framework/Versions/A/AppleSauce
0x00007fff5e81c000 	/System/Library/PrivateFrameworks/AssertionServices.framework/Versions/A/AssertionServices
0x00007fff5ef4c000 	/System/Library/PrivateFrameworks/BaseBoard.framework/Versions/A/BaseBoard
0x00007fff780ad000 	/usr/lib/libmecab.1.0.0.dylib
0x00007fff77ca6000 	/usr/lib/libgermantok.dylib
0x00007fff77157000 	/usr/lib/libThaiTokenizer.dylib
0x00007fff76c02000 	/usr/lib/libChineseTokenizer.dylib
0x00007fff6bbc7000 	/System/Library/PrivateFrameworks/LanguageModeling.framework/Versions/A/LanguageModeling
0x00007fff61906000 	/System/Library/PrivateFrameworks/CoreEmoji.framework/Versions/A/CoreEmoji
0x00007fff6bca3000 	/System/Library/PrivateFrameworks/Lexicon.framework/Versions/A/Lexicon
0x00007fff6bce6000 	/System/Library/PrivateFrameworks/LinguisticData.framework/Versions/A/LinguisticData
0x00007fff77388000 	/usr/lib/libcmph.dylib
0x00007fff59a51000 	/System/Library/Frameworks/ServiceManagement.framework/Versions/A/ServiceManagement
0x00007fff5eead000 	/System/Library/PrivateFrameworks/BackgroundTaskManagement.framework/Versions/A/BackgroundTaskManagement
0x00007fff79757000 	/usr/lib/libxslt.1.dylib
0x00007fff4d6f2000 	/System/Library/Frameworks/Carbon.framework/Versions/A/Frameworks/Ink.framework/Versions/A/Ink
0x00007fff74c92000 	/System/Library/PrivateFrameworks/TextureIO.framework/Versions/A/TextureIO
0x00007fff771ab000 	/usr/lib/libate.dylib
0x00007fff62be8000 	/System/Library/PrivateFrameworks/CrashReporterSupport.framework/Versions/A/CrashReporterSupport
0x00007fff723cc000 	/System/Library/PrivateFrameworks/Sharing.framework/Versions/A/Sharing
0x00007fff5ebff000 	/System/Library/PrivateFrameworks/AuthKit.framework/Versions/A/AuthKit
0x00007fff5e153000 	/System/Library/PrivateFrameworks/Apple80211.framework/Versions/A/Apple80211
0x00007fff62990000 	/System/Library/PrivateFrameworks/CoreUtils.framework/Versions/A/CoreUtils
0x00007fff4ff34000 	/System/Library/Frameworks/CoreWLAN.framework/Versions/A/CoreWLAN
0x00007fff50930000 	/System/Library/Frameworks/IOBluetooth.framework/Versions/A/IOBluetooth
0x00007fff70840000 	/System/Library/PrivateFrameworks/ProtocolBuffer.framework/Versions/A/ProtocolBuffer
0x00007fff6cc41000 	/System/Library/PrivateFrameworks/MobileKeyBag.framework/Versions/A/MobileKeyBag
0x00007fff621d4000 	/System/Library/PrivateFrameworks/CorePhoneNumbers.framework/Versions/A/CorePhoneNumbers
0x00007fff5e3b2000 	/System/Library/PrivateFrameworks/AppleIDAuthSupport.framework/Versions/A/AppleIDAuthSupport
0x00007fff6bb9a000 	/System/Library/PrivateFrameworks/KeychainCircle.framework/Versions/A/KeychainCircle
0x00007fff709f6000 	/System/Library/PrivateFrameworks/ROCKit.framework/Versions/A/ROCKit
0x00007fff62b84000 	/System/Library/PrivateFrameworks/CoreWiFi.framework/Versions/A/CoreWiFi
0x00007fff4dcc0000 	/System/Library/Frameworks/CoreBluetooth.framework/Versions/A/CoreBluetooth
0x00007fff62ddf000 	/System/Library/PrivateFrameworks/DebugSymbols.framework/Versions/A/DebugSymbols
0x00007fff62750000 	/System/Library/PrivateFrameworks/CoreSymbolication.framework/Versions/A/CoreSymbolication
0x00007fff744ad000 	/System/Library/PrivateFrameworks/Symbolication.framework/Versions/A/Symbolication
0x00007fff73d50000 	/System/Library/PrivateFrameworks/SpeechRecognitionCore.framework/Versions/A/SpeechRecognitionCore
0x0000000104000000 	/Library/Internet Plug-Ins/JavaAppletPlugin.plugin/Contents/Home/lib/server/libjvm.dylib
0x00007fff79539000 	/usr/lib/libstdc++.6.dylib
0x00000001036eb000 	/Library/Internet Plug-Ins/JavaAppletPlugin.plugin/Contents/Home/lib/libverify.dylib
0x00000001036f9000 	/Library/Internet Plug-Ins/JavaAppletPlugin.plugin/Contents/Home/lib/libjava.dylib
0x0000000103779000 	/Library/Internet Plug-Ins/JavaAppletPlugin.plugin/Contents/Home/lib/libzip.dylib
0x000000010b98e000 	/Library/Internet Plug-Ins/JavaAppletPlugin.plugin/Contents/Home/lib/libosx.dylib
0x000000010ba46000 	/Library/Internet Plug-Ins/JavaAppletPlugin.plugin/Contents/Home/lib/./libosxapp.dylib
0x00007fff522ba000 	/System/Library/Frameworks/JavaVM.framework/Versions/A/Frameworks/JavaNativeFoundation.framework/Versions/A/JavaNativeFoundation
0x00007fff522c3000 	/System/Library/Frameworks/JavaVM.framework/Versions/A/Frameworks/JavaRuntimeSupport.framework/Versions/A/JavaRuntimeSupport
0x00007fff4d3eb000 	/System/Library/Frameworks/Carbon.framework/Versions/A/Carbon
0x00007fff503be000 	/System/Library/Frameworks/ExceptionHandling.framework/Versions/A/ExceptionHandling
0x00007fff4d3ec000 	/System/Library/Frameworks/Carbon.framework/Versions/A/Frameworks/CommonPanels.framework/Versions/A/CommonPanels
0x00007fff4d6e8000 	/System/Library/Frameworks/Carbon.framework/Versions/A/Frameworks/Help.framework/Versions/A/Help
0x00007fff4d6ec000 	/System/Library/Frameworks/Carbon.framework/Versions/A/Frameworks/ImageCapture.framework/Versions/A/ImageCapture
0x00007fff4d788000 	/System/Library/Frameworks/Carbon.framework/Versions/A/Frameworks/OpenScripting.framework/Versions/A/OpenScripting
0x00007fff4d7c0000 	/System/Library/Frameworks/Carbon.framework/Versions/A/Frameworks/Print.framework/Versions/A/Print
0x00007fff4d7c2000 	/System/Library/Frameworks/Carbon.framework/Versions/A/Frameworks/SecurityHI.framework/Versions/A/SecurityHI
0x00007fff522cc000 	/System/Library/Frameworks/JavaVM.framework/Versions/A/JavaVM
0x00007fff6bab9000 	/System/Library/PrivateFrameworks/JavaLaunching.framework/Versions/A/JavaLaunching
0x000000010bb90000 	/Library/Internet Plug-Ins/JavaAppletPlugin.plugin/Contents/Home/lib/libawt.dylib
0x000000010bc39000 	/Library/Internet Plug-Ins/JavaAppletPlugin.plugin/Contents/Home/lib/./libmlib_image.dylib
0x000000010bd05000 	/Library/Internet Plug-Ins/JavaAppletPlugin.plugin/Contents/Home/lib/libawt_lwawt.dylib
0x00007fff62358000 	/System/Library/PrivateFrameworks/CoreServicesInternal.framework/Versions/A/CoreServicesInternal
0x00007fff428c3000 	/System/Library/CoreServices/RawCamera.bundle/Contents/MacOS/RawCamera
0x00007fff6caad000 	/System/Library/PrivateFrameworks/MobileAsset.framework/Versions/A/MobileAsset
0x00007fff743fb000 	/System/Library/PrivateFrameworks/StreamingZip.framework/Versions/A/StreamingZip
0x00007fff5265e000 	/System/Library/Frameworks/MediaToolbox.framework/Versions/A/MediaToolbox
0x00007fff614aa000 	/System/Library/PrivateFrameworks/CoreAVCHD.framework/Versions/A/CoreAVCHD
0x00007fff525a4000 	/System/Library/Frameworks/MediaAccessibility.framework/Versions/A/MediaAccessibility
0x00007fff6c509000 	/System/Library/PrivateFrameworks/Mangrove.framework/Versions/A/Mangrove
0x00007fff4f257000 	/System/Library/Frameworks/CoreMedia.framework/Versions/A/CoreMedia
0x00007fff5a0ba000 	/System/Library/Frameworks/VideoToolbox.framework/Versions/A/VideoToolbox
0x00007fff610c6000 	/System/Library/PrivateFrameworks/CoreAUC.framework/Versions/A/CoreAUC
0x00007fff79266000 	/usr/lib/libspindump.dylib
0x00007fff5e781000 	/System/Library/PrivateFrameworks/AppleVA.framework/Versions/A/AppleVA
0x00007fff4a546000 	/System/Library/Frameworks/Accelerate.framework/Versions/A/Frameworks/vImage.framework/Versions/A/Libraries/libCGInterfaces.dylib
0x00007fff642c4000 	/System/Library/PrivateFrameworks/FamilyControls.framework/Versions/A/FamilyControls
0x00007fff60c17000 	/System/Library/PrivateFrameworks/CommerceKit.framework/Versions/A/Frameworks/CommerceCore.framework/Versions/A/CommerceCore
0x00007fff74780000 	/System/Library/PrivateFrameworks/SystemAdministration.framework/Versions/A/SystemAdministration
0x00007fff5e054000 	/System/Library/PrivateFrameworks/AppContainer.framework/Versions/A/AppContainer
0x00007fff5e070000 	/System/Library/PrivateFrameworks/AppSandbox.framework/Versions/A/AppSandbox
0x00007fff7226d000 	/System/Library/PrivateFrameworks/SecCodeWrapper.framework/Versions/A/SecCodeWrapper
0x00007fff79217000 	/usr/lib/libsandbox.1.dylib
0x00007fff76f49000 	/usr/lib/libMatch.1.dylib
0x00007fff63164000 	/System/Library/PrivateFrameworks/DiskManagement.framework/Versions/A/DiskManagement
0x00007fff5013a000 	/System/Library/Frameworks/DirectoryService.framework/Versions/A/DirectoryService
0x00007fff63095000 	/System/Library/PrivateFrameworks/DiskImages.framework/Versions/A/DiskImages
0x00007fff6bddf000 	/System/Library/PrivateFrameworks/LoginUIKit.framework/Versions/A/Frameworks/LoginUICore.framework/Versions/A/LoginUICore
0x00007fff76c0d000 	/usr/lib/libCoreStorage.dylib
0x00007fff77ad7000 	/usr/lib/libcsfde.dylib
0x00007fff79097000 	/usr/lib/libodfde.dylib
0x00007fff6c621000 	/System/Library/PrivateFrameworks/MediaKit.framework/Versions/A/MediaKit
0x00007fff50146000 	/System/Library/Frameworks/DiscRecording.framework/Versions/A/DiscRecording
0x00007fff632d8000 	/System/Library/PrivateFrameworks/EFILogin.framework/Versions/A/EFILogin
0x00007fff707eb000 	/System/Library/PrivateFrameworks/ProtectedCloudStorage.framework/Versions/A/ProtectedCloudStorage
0x00007fff77b69000 	/usr/lib/libcurl.4.dylib
0x00007fff779d6000 	/usr/lib/libcrypto.42.dylib
0x00007fff79509000 	/usr/lib/libssl.44.dylib
0x00007fff522eb000 	/System/Library/Frameworks/LDAP.framework/Versions/A/LDAP
0x00007fff74e10000 	/System/Library/PrivateFrameworks/TrustEvaluationAgent.framework/Versions/A/TrustEvaluationAgent
0x00007fff79253000 	/usr/lib/libsasl2.2.dylib
0x00007fff61703000 	/System/Library/PrivateFrameworks/CoreDaemon.framework/Versions/B/CoreDaemon
0x00007fff5e696000 	/System/Library/PrivateFrameworks/AppleSRP.framework/Versions/A/AppleSRP
0x00007fff75c4a000 	/System/Library/PrivateFrameworks/ViewBridge.framework/Versions/A/ViewBridge
0x00007fff4c839000 	/System/Library/Frameworks/ApplicationServices.framework/Versions/A/Frameworks/ATS.framework/Versions/A/Resources/libTrueTypeScaler.dylib
0x00007fff45bf7000 	/System/Library/Extensions/AppleIntelBDWGraphicsMTLDriver.bundle/Contents/MacOS/AppleIntelBDWGraphicsMTLDriver
0x00007fff67b6e000 	/System/Library/PrivateFrameworks/GPUCompiler.framework/Versions/3902/Libraries/libmetal_timestamp.dylib
0x00007fff57e03000 	/System/Library/Frameworks/OpenGL.framework/Versions/A/Resources/GLEngine.bundle/GLEngine
0x00007fff572a5000 	/System/Library/Frameworks/OpenGL.framework/Versions/A/Libraries/libGLProgrammability.dylib
0x00007fff456f2000 	/System/Library/Extensions/AppleIntelBDWGraphicsGLDriver.bundle/Contents/MacOS/AppleIntelBDWGraphicsGLDriver
0x00007fff69203000 	/System/Library/PrivateFrameworks/GPUSupport.framework/Versions/A/Libraries/libGPUSupportMercury.dylib
0x00007fff57f9b000 	/System/Library/Frameworks/OpenGL.framework/Versions/A/Resources/GLRendererFloat.bundle/GLRendererFloat
0x00007fff5686f000 	/System/Library/Frameworks/OpenCL.framework/Versions/A/Libraries/libcldcpuengine.dylib
0x00007fff777dc000 	/usr/lib/libcrypto.35.dylib
0x000000011f95a000 	/Library/Internet Plug-Ins/JavaAppletPlugin.plugin/Contents/Home/lib/libfontmanager.dylib
0x000000010da1c000 	/Library/Internet Plug-Ins/JavaAppletPlugin.plugin/Contents/Home/lib/libosxui.dylib
0x00000001203ea000 	/Library/Internet Plug-Ins/JavaAppletPlugin.plugin/Contents/Home/lib/libjpeg.dylib
0x00000001208c9000 	/Library/Internet Plug-Ins/JavaAppletPlugin.plugin/Contents/Home/lib/libnet.dylib
0x00000001206da000 	/Library/Internet Plug-Ins/JavaAppletPlugin.plugin/Contents/Home/lib/libnio.dylib
0x000000018c765000 	/usr/lib/libobjc-trampolines.dylib
0x00007fff5ff80000 	/System/Library/PrivateFrameworks/CloudDocs.framework/Versions/A/CloudDocs
0x00007fff642eb000 	/System/Library/PrivateFrameworks/FileProvider.framework/Versions/A/FileProvider
0x00007fff73e0e000 	/System/Library/PrivateFrameworks/SpotlightIndex.framework/Versions/A/SpotlightIndex
0x00007fff74539000 	/System/Library/PrivateFrameworks/SymptomDiagnosticReporter.framework/Versions/A/SymptomDiagnosticReporter
0x00007fff695a2000 	/System/Library/PrivateFrameworks/GenerationalStorage.framework/Versions/A/GenerationalStorage
0x00007fff5fe17000 	/System/Library/PrivateFrameworks/ChunkingLibrary.framework/Versions/A/ChunkingLibrary
0x00007fff703df000 	/System/Library/PrivateFrameworks/PowerLog.framework/Versions/A/PowerLog
0x00007fff614f8000 	/System/Library/PrivateFrameworks/CoreAnalytics.framework/Versions/A/CoreAnalytics
0x000000011e628000 	/Library/Internet Plug-Ins/JavaAppletPlugin.plugin/Contents/Home/lib/libdcpr.dylib
0x00007fff76902000 	/System/Library/PrivateFrameworks/login.framework/Versions/A/login

VM Arguments:
java_command: /Users/Minh/Uni/KTMT/Shared_with_students/Mars/Mars4_5.jar
java_class_path (initial): /Users/Minh/Uni/KTMT/Shared_with_students/Mars/Mars4_5.jar
Launcher Type: SUN_STANDARD

Environment Variables:
PATH=/usr/bin:/bin:/usr/sbin:/sbin
SHELL=/bin/bash

Signal Handlers:
SIGSEGV: [libjvm.dylib+0x5bc2ff], sa_mask[0]=11111111011111110111111111111111, sa_flags=SA_ONSTACK|SA_RESTART|SA_SIGINFO
SIGBUS: [libjvm.dylib+0x5bc2ff], sa_mask[0]=11111111011111110111111111111111, sa_flags=SA_RESTART|SA_SIGINFO
SIGFPE: [libjvm.dylib+0x48d41c], sa_mask[0]=11111111011111110111111111111111, sa_flags=SA_RESTART|SA_SIGINFO
SIGPIPE: [libjvm.dylib+0x48d41c], sa_mask[0]=11111111011111110111111111111111, sa_flags=SA_RESTART|SA_SIGINFO
SIGXFSZ: [libjvm.dylib+0x48d41c], sa_mask[0]=11111111011111110111111111111111, sa_flags=SA_RESTART|SA_SIGINFO
SIGILL: [libjvm.dylib+0x48d41c], sa_mask[0]=11111111011111110111111111111111, sa_flags=SA_RESTART|SA_SIGINFO
SIGUSR1: SIG_DFL, sa_mask[0]=00000000000000000000000000000000, sa_flags=none
SIGUSR2: [libjvm.dylib+0x48cf3a], sa_mask[0]=00000000000000000000000000000000, sa_flags=SA_RESTART|SA_SIGINFO
SIGHUP: [libjvm.dylib+0x48b4c5], sa_mask[0]=11111111011111110111111111111111, sa_flags=SA_RESTART|SA_SIGINFO
SIGINT: [libjvm.dylib+0x48b4c5], sa_mask[0]=11111111011111110111111111111111, sa_flags=SA_RESTART|SA_SIGINFO
SIGTERM: [libjvm.dylib+0x48b4c5], sa_mask[0]=11111111011111110111111111111111, sa_flags=SA_RESTART|SA_SIGINFO
SIGQUIT: [libjvm.dylib+0x48b4c5], sa_mask[0]=11111111011111110111111111111111, sa_flags=SA_RESTART|SA_SIGINFO


---------------  S Y S T E M  ---------------

OS:Bsduname:Darwin 18.7.0 Darwin Kernel Version 18.7.0: Tue Aug 20 16:57:14 PDT 2019; root:xnu-4903.271.2~2/RELEASE_X86_64 x86_64
rlimit: STACK 8192k, CORE 0k, NPROC 709, NOFILE 10240, AS infinity
load average:1.57 1.88 2.40

CPU:total 4 (initial active 4) (2 cores per cpu, 2 threads per core) family 6 model 61 stepping 4, cmov, cx8, fxsr, mmx, sse, sse2, sse3, ssse3, sse4.1, sse4.2, popcnt, avx, avx2, aes, clmul, erms, 3dnowpref, lzcnt, ht, tsc, tscinvbit, bmi1, bmi2, adx

Memory: 4k page, physical 8388608k(2472260k free)

/proc/meminfo:


vm_info: Java HotSpot(TM) 64-Bit Server VM (25.251-b08) for bsd-amd64 JRE (1.8.0_251-b08), built on Mar 12 2020 02:36:37 by "java_re" with gcc 4.2.1 (Based on Apple Inc. build 5658) (LLVM build 2336.11.00)

time: Tue May 12 14:40:22 2020
timezone: +07
elapsed time: 362 seconds (0d 0h 6m 2s)

