#
# A fatal error has been detected by the Java Runtime Environment:
#
#  SIGSEGV (0xb) at pc=0x00007fff5729f69d, pid=1094, tid=0x0000000000000307
#
# JRE version: Java(TM) SE Runtime Environment (8.0_251-b08) (build 1.8.0_251-b08)
# Java VM: Java HotSpot(TM) 64-Bit Server VM (25.251-b08 mixed mode bsd-amd64 compressed oops)
# Problematic frame:
# C  [libobjc.A.dylib+0x669d]  objc_msgSend+0x1d
#
# Failed to write core dump. Core dumps have been disabled. To enable core dumping, try "ulimit -c unlimited" before starting Java again
#
# If you would like to submit a bug report, please visit:
#   http://bugreport.java.com/bugreport/crash.jsp
# The crash happened outside the Java Virtual Machine in native code.
# See problematic frame for where to report the bug.
#

---------------  T H R E A D  ---------------

Current thread (0x00007f8c1d17e000):  JavaThread "AppKit Thread" daemon [_thread_in_native, id=775, stack(0x00007ffee35bf000,0x00007ffee3dbf000)]

siginfo: si_signo: 11 (SIGSEGV), si_code: 1 (SEGV_MAPERR), si_addr: 0x00006c6169636588

Registers:
RAX=0x00007f8c1f898790, RBX=0x00007ffee3dba4b0, RCX=0x00007f8c1f944350, RDX=0x00007f8c1f898790
RSP=0x00007ffee3dba478, RBP=0x00007ffee3dba480, RSI=0x00007fff4308e839, RDI=0x00007f8c1f944350
R8 =0x00000000000001ff, R9 =0x00007f8c1f96b1d0, R10=0x00006c6169636570, R11=0x00007fff4308e839
R12=0x0000000000000000, R13=0x00007f8c1f898790, R14=0x00007f8c1f978170, R15=0x0000000000000000
RIP=0x00007fff5729f69d, EFLAGS=0x0000000000010202, ERR=0x0000000000000004
  TRAPNO=0x000000000000000e

Top of Stack: (sp=0x00007ffee3dba478)
0x00007ffee3dba478:   00007fff2cb882f6 00007ffee3dba4a0
0x00007ffee3dba488:   00007fff2cb88270 00007f8c1f96b1d0
0x00007ffee3dba498:   0000000000000000 00007ffee3dba510
0x00007ffee3dba4a8:   00007fff2cb881da 00007fff8f305070
0x00007ffee3dba4b8:   00000000c2000000 00007fff2cb88231
0x00007ffee3dba4c8:   00007fff87cd2370 00007f8c1f96b1d0
0x00007ffee3dba4d8:   00007f8c1f898790 0000000000000000
0x00007ffee3dba4e8:   00007ffee3dba527 00007f8c1f96b1d0
0x00007ffee3dba4f8:   00007ffee3dba5d0 00007ffee3dbad50
0x00007ffee3dba508:   0000000000000000 00007ffee3dba550
0x00007ffee3dba518:   00007fff2cb90688 00007f8c235e4000
0x00007ffee3dba528:   0000000000000008 00007fff5729f680
0x00007ffee3dba538:   00007ffee3dba5d0 00007ffee3dbad50
0x00007ffee3dba548:   00007fff2ac9ea3e 00007ffee3dbac70
0x00007ffee3dba558:   00007fff2caf9014 00007f8c1c44b7a0
0x00007ffee3dba568:   0000000000000000 00007fff87cd2030
0x00007ffee3dba578:   00007f8c1fa18ca0 00007f8c1c7032f0
0x00007ffee3dba588:   00007fff87ccac01 0000000000000000
0x00007ffee3dba598:   00007fff87ccac20 00007fff87d0dfb8
0x00007ffee3dba5a8:   00007fff58a2c600 00007fff87cd2030
0x00007ffee3dba5b8:   0000000000000000 0000000000000000
0x00007ffee3dba5c8:   0000000000000000 00007f8c235e4000
0x00007ffee3dba5d8:   0000000000000238 0000000000001200
0x00007ffee3dba5e8:   0000000000000001 00007ffee3dbaa20
0x00007ffee3dba5f8:   0000000000000000 0000000000000100
0x00007ffee3dba608:   000000010be63400 0000003400001100
0x00007ffee3dba618:   00007f8c1c805068 00002db600000000
0x00007ffee3dba628:   0000000100000000 00000000000004d3
0x00007ffee3dba638:   0000000000000005 0000000000000000
0x00007ffee3dba648:   0000043f0000003c 0000000000000000
0x00007ffee3dba658:   00000000ffffffff 0000000000000000
0x00007ffee3dba668:   0000004900000000 000000cc000186a0 

Instructions: (pc=0x00007fff5729f69d)
0x00007fff5729f67d:   0f 1f 00 48 85 ff 2e 74 62 40 f6 c7 01 2e 75 66
0x00007fff5729f68d:   49 ba f8 ff ff ff ff 7f 00 00 4c 23 17 49 89 f3
0x00007fff5729f69d:   45 23 5a 18 49 c1 e3 04 4d 03 5a 10 49 3b 33 75
0x00007fff5729f6ad:   04 41 ff 63 08 49 83 3b 01 76 0d 49 83 c3 10 49 

Register to memory mapping:

RAX=0x00007f8c1f898790 is an unknown value
RBX=0x00007ffee3dba4b0 is pointing into the stack for thread: 0x00007f8c1d17e000
RCX=0x00007f8c1f944350 is an unknown value
RDX=0x00007f8c1f898790 is an unknown value
RSP=0x00007ffee3dba478 is pointing into the stack for thread: 0x00007f8c1d17e000
RBP=0x00007ffee3dba480 is pointing into the stack for thread: 0x00007f8c1d17e000
RSI=0x00007fff4308e839 is an unknown value
RDI=0x00007f8c1f944350 is an unknown value
R8 =0x00000000000001ff is an unknown value
R9 =0x00007f8c1f96b1d0 is an unknown value
R10=0x00006c6169636570 is an unknown value
R11=0x00007fff4308e839 is an unknown value
R12=0x0000000000000000 is an unknown value
R13=0x00007f8c1f898790 is an unknown value
R14=0x00007f8c1f978170 is an unknown value
R15=0x0000000000000000 is an unknown value


Stack: [0x00007ffee35bf000,0x00007ffee3dbf000],  sp=0x00007ffee3dba478,  free space=8173k
Native frames: (J=compiled Java code, j=interpreted, Vv=VM code, C=native code)
C  [libobjc.A.dylib+0x669d]  objc_msgSend+0x1d
C  [CoreFoundation+0x9e270]  ___CFXRegistrationPost_block_invoke+0x3f
C  [CoreFoundation+0x9e1da]  _CFXRegistrationPost+0x194
C  [CoreFoundation+0xa6688]  ___CFXNotificationPost_block_invoke+0x57
C  [CoreFoundation+0xf014]  -[_CFXNotificationRegistrar find:object:observer:enumerator:]+0x66a
C  [CoreFoundation+0xe3c7]  _CFXNotificationPost+0x2dc
C  [Foundation+0x11aab]  -[NSNotificationCenter postNotificationName:object:userInfo:]+0x42
C  [CoreFoundation+0x9e2f6]  __CFNOTIFICATIONCENTER_IS_CALLING_OUT_TO_AN_OBSERVER__+0xc
C  [CoreFoundation+0x9e270]  ___CFXRegistrationPost_block_invoke+0x3f
C  [CoreFoundation+0x77ec4]  __CFRUNLOOP_IS_CALLING_OUT_TO_A_BLOCK__+0xc
C  [CoreFoundation+0x3b5e7]  __CFRunLoopDoBlocks+0x18a
C  [CoreFoundation+0x3b344]  __CFRunLoopRun+0xad4
C  [CoreFoundation+0x3a61e]  CFRunLoopRunSpecific+0x1c7
C  [HIToolbox+0xb1ab]  RunCurrentEventLoopInMode+0x124
C  [HIToolbox+0xaee5]  ReceiveNextEventCommon+0x25b
C  [HIToolbox+0xac76]  _BlockUntilNextEventMatchingListInModeWithFilter+0x40
C  [AppKit+0x1a77d]  _DPSNextEvent+0x46f
C  [AppKit+0x1946b]  -[NSApplication(NSEvent) _nextEventMatchingEventMask:untilDate:inMode:dequeue:]+0x551
C  [libosxapp.dylib+0x2328]  -[NSApplicationAWT nextEventMatchingMask:untilDate:inMode:dequeue:]+0x7c
C  [AppKit+0x13588]  -[NSApplication run]+0x2bb
C  [libosxapp.dylib+0x1f72]  +[NSApplicationAWT runAWTLoopWithApp:]+0x9c
C  [libawt_lwawt.dylib+0x4803b]  -[AWTStarter starter:]+0x389
C  [Foundation+0xb0302]  __NSThreadPerformPerform+0x148
C  [CoreFoundation+0x57de3]  __CFRUNLOOP_IS_CALLING_OUT_TO_A_SOURCE0_PERFORM_FUNCTION__+0x11
C  [CoreFoundation+0x57d89]  __CFRunLoopDoSource0+0x6c
C  [CoreFoundation+0x3b74b]  __CFRunLoopDoSources0+0xc3
C  [CoreFoundation+0x3ad15]  __CFRunLoopRun+0x4a5
C  [CoreFoundation+0x3a61e]  CFRunLoopRunSpecific+0x1c7
C  [java+0x646e]  CreateExecutionEnvironment+0x367
C  [java+0x203c]  JLI_Launch+0x7a0
C  [java+0x84cb]  main+0x65
C  [java+0x1894]  start+0x34
C  0x0000000000000003


---------------  P R O C E S S  ---------------

Java Threads: ( => current thread )
  0x00007f8c1cc46000 JavaThread "TimerQueue" daemon [_thread_blocked, id=56327, stack(0x000070000c550000,0x000070000c650000)]
  0x00007f8c1d842000 JavaThread "DestroyJavaVM" [_thread_blocked, id=9987, stack(0x000070000af08000,0x000070000b008000)]
  0x00007f8c1d48b000 JavaThread "AWT-EventQueue-0" [_thread_blocked, id=52863, stack(0x000070000c34a000,0x000070000c44a000)]
  0x00007f8c1cb5d000 JavaThread "AWT-Shutdown" [_thread_blocked, id=73851, stack(0x000070000be35000,0x000070000bf35000)]
  0x00007f8c1d2f5800 JavaThread "Java2D Disposer" daemon [_thread_blocked, id=74251, stack(0x000070000c1c4000,0x000070000c2c4000)]
  0x00007f8c1c85b800 JavaThread "Java2D Queue Flusher" daemon [_thread_blocked, id=77831, stack(0x000070000c0c1000,0x000070000c1c1000)]
=>0x00007f8c1d17e000 JavaThread "AppKit Thread" daemon [_thread_in_native, id=775, stack(0x00007ffee35bf000,0x00007ffee3dbf000)]
  0x00007f8c1c98d000 JavaThread "Timer-0" daemon [_thread_blocked, id=14595, stack(0x000070000bd32000,0x000070000be32000)]
  0x00007f8c1e03a800 JavaThread "Service Thread" daemon [_thread_blocked, id=13571, stack(0x000070000bb2c000,0x000070000bc2c000)]
  0x00007f8c1c82a800 JavaThread "C1 CompilerThread2" daemon [_thread_blocked, id=13315, stack(0x000070000ba29000,0x000070000bb29000)]
  0x00007f8c1c823800 JavaThread "C2 CompilerThread1" daemon [_thread_blocked, id=12803, stack(0x000070000b926000,0x000070000ba26000)]
  0x00007f8c1d041800 JavaThread "C2 CompilerThread0" daemon [_thread_blocked, id=17667, stack(0x000070000b823000,0x000070000b923000)]
  0x00007f8c1d040800 JavaThread "Signal Dispatcher" daemon [_thread_blocked, id=18179, stack(0x000070000b720000,0x000070000b820000)]
  0x00007f8c1e003000 JavaThread "Finalizer" daemon [_thread_blocked, id=20227, stack(0x000070000b61d000,0x000070000b71d000)]
  0x00007f8c1d03e000 JavaThread "Reference Handler" daemon [_thread_blocked, id=20483, stack(0x000070000b51a000,0x000070000b61a000)]

Other Threads:
  0x00007f8c1d03b800 VMThread [stack: 0x000070000b417000,0x000070000b517000] [id=11523]
  0x00007f8c1d800000 WatcherThread [stack: 0x000070000bc2f000,0x000070000bd2f000] [id=14083]

VM state:not at safepoint (normal execution)

VM Mutex/Monitor currently owned by a thread: None

heap address: 0x0000000740000000, size: 2048 MB, Compressed Oops mode: Zero based, Oop shift amount: 3
Narrow klass base: 0x0000000000000000, Narrow klass shift: 3
Compressed class space size: 1073741824 Address: 0x00000007c0000000

Heap:
 PSYoungGen      total 30208K, used 22307K [0x0000000795580000, 0x0000000797f00000, 0x00000007c0000000)
  eden space 17920K, 88% used [0x0000000795580000,0x0000000796507f80,0x0000000796700000)
  from space 12288K, 52% used [0x0000000796700000,0x0000000796d41030,0x0000000797300000)
  to   space 12288K, 0% used [0x0000000797300000,0x0000000797300000,0x0000000797f00000)
 ParOldGen       total 51712K, used 43237K [0x0000000740000000, 0x0000000743280000, 0x0000000795580000)
  object space 51712K, 83% used [0x0000000740000000,0x0000000742a39638,0x0000000743280000)
 Metaspace       used 24612K, capacity 25182K, committed 25344K, reserved 1071104K
  class space    used 3337K, capacity 3502K, committed 3584K, reserved 1048576K

Card table byte_map: [0x000000010db7e000,0x000000010df7f000] byte_map_base: 0x000000010a17e000

Marking Bits: (ParMarkBitMap*) 0x000000010d100f60
 Begin Bits: [0x000000010e22a000, 0x000000011022a000)
 End Bits:   [0x000000011022a000, 0x000000011222a000)

Polling page: 0x000000010beed000

CodeCache: size=245760Kb used=19212Kb max_used=19335Kb free=226547Kb
 bounds [0x00000001187c2000, 0x0000000119b02000, 0x00000001277c2000]
 total_blobs=5967 nmethods=5316 adapters=563
 compilation: enabled

Compilation events (10 events):
Event: 8153.862 Thread 0x00007f8c1c823800 6825       4       mars.venus.editors.jeditsyntax.JEditTextArea::select (288 bytes)
Event: 8154.110 Thread 0x00007f8c1d041800 6826       4       mars.venus.editors.jeditsyntax.JEditTextArea::setOrigin (55 bytes)
Event: 8154.116 Thread 0x00007f8c1d041800 nmethod 6826 0x00000001194d3250 code [0x00000001194d3400, 0x00000001194d36a0]
Event: 8154.155 Thread 0x00007f8c1c823800 nmethod 6825 0x0000000119ae9950 code [0x0000000119aea020, 0x0000000119aee558]
Event: 8174.282 Thread 0x00007f8c1d041800 6827       4       com.apple.laf.AquaTabbedPaneCopyFromBasicUI::calculateMaxTabHeight (56 bytes)
Event: 8174.316 Thread 0x00007f8c1d041800 nmethod 6827 0x0000000118cf7450 code [0x0000000118cf7680, 0x0000000118cf8430]
Event: 8176.213 Thread 0x00007f8c1c823800 6828       4       com.apple.laf.AquaPainter$AquaPixelsKey::equals (81 bytes)
Event: 8176.218 Thread 0x00007f8c1c823800 nmethod 6828 0x00000001190f5490 code [0x00000001190f5600, 0x00000001190f58b8]
Event: 8744.925 Thread 0x00007f8c1d041800 6829   !   4       javax.swing.text.DefaultCaret$Handler::actionPerformed (127 bytes)
Event: 8744.938 Thread 0x00007f8c1d041800 nmethod 6829 0x0000000119375a90 code [0x0000000119375c20, 0x0000000119376170]

GC Heap History (10 events):
Event: 8024.722 GC heap before
{Heap before GC invocations=92 (full 7):
 PSYoungGen      total 31744K, used 26687K [0x0000000795580000, 0x0000000798500000, 0x00000007c0000000)
  eden space 17920K, 87% used [0x0000000795580000,0x00000007964e3418,0x0000000796700000)
  from space 13824K, 79% used [0x0000000797580000,0x000000079802c8d0,0x0000000798300000)
  to   space 14848K, 0% used [0x0000000796700000,0x0000000796700000,0x0000000797580000)
 ParOldGen       total 51712K, used 42933K [0x0000000740000000, 0x0000000743280000, 0x0000000795580000)
  object space 51712K, 83% used [0x0000000740000000,0x00000007429ed608,0x0000000743280000)
 Metaspace       used 24380K, capacity 24942K, committed 25344K, reserved 1071104K
  class space    used 3311K, capacity 3464K, committed 3584K, reserved 1048576K
Event: 8024.724 GC heap after
Heap after GC invocations=92 (full 7):
 PSYoungGen      total 20992K, used 2904K [0x0000000795580000, 0x0000000798300000, 0x00000007c0000000)
  eden space 17920K, 0% used [0x0000000795580000,0x0000000795580000,0x0000000796700000)
  from space 3072K, 94% used [0x0000000796700000,0x00000007969d6220,0x0000000796a00000)
  to   space 14336K, 0% used [0x0000000797500000,0x0000000797500000,0x0000000798300000)
 ParOldGen       total 51712K, used 43237K [0x0000000740000000, 0x0000000743280000, 0x0000000795580000)
  object space 51712K, 83% used [0x0000000740000000,0x0000000742a39638,0x0000000743280000)
 Metaspace       used 24380K, capacity 24942K, committed 25344K, reserved 1071104K
  class space    used 3311K, capacity 3464K, committed 3584K, reserved 1048576K
}
Event: 8054.847 GC heap before
{Heap before GC invocations=93 (full 7):
 PSYoungGen      total 20992K, used 20824K [0x0000000795580000, 0x0000000798300000, 0x00000007c0000000)
  eden space 17920K, 100% used [0x0000000795580000,0x0000000796700000,0x0000000796700000)
  from space 3072K, 94% used [0x0000000796700000,0x00000007969d6220,0x0000000796a00000)
  to   space 14336K, 0% used [0x0000000797500000,0x0000000797500000,0x0000000798300000)
 ParOldGen       total 51712K, used 43237K [0x0000000740000000, 0x0000000743280000, 0x0000000795580000)
  object space 51712K, 83% used [0x0000000740000000,0x0000000742a39638,0x0000000743280000)
 Metaspace       used 24611K, capacity 25182K, committed 25344K, reserved 1071104K
  class space    used 3337K, capacity 3502K, committed 3584K, reserved 1048576K
Event: 8054.850 GC heap after
Heap after GC invocations=93 (full 7):
 PSYoungGen      total 31232K, used 5736K [0x0000000795580000, 0x0000000798200000, 0x00000007c0000000)
  eden space 17920K, 0% used [0x0000000795580000,0x0000000795580000,0x0000000796700000)
  from space 13312K, 43% used [0x0000000797500000,0x0000000797a9a130,0x0000000798200000)
  to   space 13824K, 0% used [0x0000000796700000,0x0000000796700000,0x0000000797480000)
 ParOldGen       total 51712K, used 43237K [0x0000000740000000, 0x0000000743280000, 0x0000000795580000)
  object space 51712K, 83% used [0x0000000740000000,0x0000000742a39638,0x0000000743280000)
 Metaspace       used 24611K, capacity 25182K, committed 25344K, reserved 1071104K
  class space    used 3337K, capacity 3502K, committed 3584K, reserved 1048576K
}
Event: 8094.451 GC heap before
{Heap before GC invocations=94 (full 7):
 PSYoungGen      total 31232K, used 23656K [0x0000000795580000, 0x0000000798200000, 0x00000007c0000000)
  eden space 17920K, 100% used [0x0000000795580000,0x0000000796700000,0x0000000796700000)
  from space 13312K, 43% used [0x0000000797500000,0x0000000797a9a130,0x0000000798200000)
  to   space 13824K, 0% used [0x0000000796700000,0x0000000796700000,0x0000000797480000)
 ParOldGen       total 51712K, used 43237K [0x0000000740000000, 0x0000000743280000, 0x0000000795580000)
  object space 51712K, 83% used [0x0000000740000000,0x0000000742a39638,0x0000000743280000)
 Metaspace       used 24611K, capacity 25182K, committed 25344K, reserved 1071104K
  class space    used 3337K, capacity 3502K, committed 3584K, reserved 1048576K
Event: 8094.456 GC heap after
Heap after GC invocations=94 (full 7):
 PSYoungGen      total 24064K, used 5799K [0x0000000795580000, 0x0000000798000000, 0x00000007c0000000)
  eden space 17920K, 0% used [0x0000000795580000,0x0000000795580000,0x0000000796700000)
  from space 6144K, 94% used [0x0000000796700000,0x0000000796ca9ee0,0x0000000796d00000)
  to   space 12800K, 0% used [0x0000000797380000,0x0000000797380000,0x0000000798000000)
 ParOldGen       total 51712K, used 43237K [0x0000000740000000, 0x0000000743280000, 0x0000000795580000)
  object space 51712K, 83% used [0x0000000740000000,0x0000000742a39638,0x0000000743280000)
 Metaspace       used 24611K, capacity 25182K, committed 25344K, reserved 1071104K
  class space    used 3337K, capacity 3502K, committed 3584K, reserved 1048576K
}
Event: 8147.972 GC heap before
{Heap before GC invocations=95 (full 7):
 PSYoungGen      total 24064K, used 23719K [0x0000000795580000, 0x0000000798000000, 0x00000007c0000000)
  eden space 17920K, 100% used [0x0000000795580000,0x0000000796700000,0x0000000796700000)
  from space 6144K, 94% used [0x0000000796700000,0x0000000796ca9ee0,0x0000000796d00000)
  to   space 12800K, 0% used [0x0000000797380000,0x0000000797380000,0x0000000798000000)
 ParOldGen       total 51712K, used 43237K [0x0000000740000000, 0x0000000743280000, 0x0000000795580000)
  object space 51712K, 83% used [0x0000000740000000,0x0000000742a39638,0x0000000743280000)
 Metaspace       used 24612K, capacity 25182K, committed 25344K, reserved 1071104K
  class space    used 3337K, capacity 3502K, committed 3584K, reserved 1048576K
Event: 8147.977 GC heap after
Heap after GC invocations=95 (full 7):
 PSYoungGen      total 29696K, used 6307K [0x0000000795580000, 0x0000000797f00000, 0x00000007c0000000)
  eden space 17920K, 0% used [0x0000000795580000,0x0000000795580000,0x0000000796700000)
  from space 11776K, 53% used [0x0000000797380000,0x00000007979a8de0,0x0000000797f00000)
  to   space 12288K, 0% used [0x0000000796700000,0x0000000796700000,0x0000000797300000)
 ParOldGen       total 51712K, used 43237K [0x0000000740000000, 0x0000000743280000, 0x0000000795580000)
  object space 51712K, 83% used [0x0000000740000000,0x0000000742a39638,0x0000000743280000)
 Metaspace       used 24612K, capacity 25182K, committed 25344K, reserved 1071104K
  class space    used 3337K, capacity 3502K, committed 3584K, reserved 1048576K
}
Event: 8170.562 GC heap before
{Heap before GC invocations=96 (full 7):
 PSYoungGen      total 29696K, used 24227K [0x0000000795580000, 0x0000000797f00000, 0x00000007c0000000)
  eden space 17920K, 100% used [0x0000000795580000,0x0000000796700000,0x0000000796700000)
  from space 11776K, 53% used [0x0000000797380000,0x00000007979a8de0,0x0000000797f00000)
  to   space 12288K, 0% used [0x0000000796700000,0x0000000796700000,0x0000000797300000)
 ParOldGen       total 51712K, used 43237K [0x0000000740000000, 0x0000000743280000, 0x0000000795580000)
  object space 51712K, 83% used [0x0000000740000000,0x0000000742a39638,0x0000000743280000)
 Metaspace       used 24612K, capacity 25182K, committed 25344K, reserved 1071104K
  class space    used 3337K, capacity 3502K, committed 3584K, reserved 1048576K
Event: 8170.565 GC heap after
Heap after GC invocations=96 (full 7):
 PSYoungGen      total 30208K, used 6404K [0x0000000795580000, 0x0000000797f00000, 0x00000007c0000000)
  eden space 17920K, 0% used [0x0000000795580000,0x0000000795580000,0x0000000796700000)
  from space 12288K, 52% used [0x0000000796700000,0x0000000796d41030,0x0000000797300000)
  to   space 12288K, 0% used [0x0000000797300000,0x0000000797300000,0x0000000797f00000)
 ParOldGen       total 51712K, used 43237K [0x0000000740000000, 0x0000000743280000, 0x0000000795580000)
  object space 51712K, 83% used [0x0000000740000000,0x0000000742a39638,0x0000000743280000)
 Metaspace       used 24612K, capacity 25182K, committed 25344K, reserved 1071104K
  class space    used 3337K, capacity 3502K, committed 3584K, reserved 1048576K
}

Deoptimization events (10 events):
Event: 7871.557 Thread 0x00007f8c1c85b800 Uncommon trap: reason=unstable_if action=reinterpret pc=0x00000001197403a8 method=sun.java2d.opengl.OGLRenderQueue$QueueFlusher.run()V @ 47
Event: 8052.386 Thread 0x00007f8c1d48b000 Uncommon trap: reason=class_check action=maybe_recompile pc=0x000000011976599c method=java.util.HashMap.putMapEntries(Ljava/util/Map;Z)V @ 1
Event: 8052.386 Thread 0x00007f8c1d48b000 Uncommon trap: reason=class_check action=maybe_recompile pc=0x000000011976599c method=java.util.HashMap.putMapEntries(Ljava/util/Map;Z)V @ 1
Event: 8052.386 Thread 0x00007f8c1d48b000 Uncommon trap: reason=class_check action=maybe_recompile pc=0x00000001196dbe2c method=sun.awt.datatransfer.DataTransferer$IndexedComparator.compareIndices(Ljava/util/Map;Ljava/lang/Object;Ljava/lang/Object;Ljava/lang/Integer;)I @ 2
Event: 8052.386 Thread 0x00007f8c1d48b000 Uncommon trap: reason=class_check action=maybe_recompile pc=0x00000001196dbe2c method=sun.awt.datatransfer.DataTransferer$IndexedComparator.compareIndices(Ljava/util/Map;Ljava/lang/Object;Ljava/lang/Object;Ljava/lang/Integer;)I @ 2
Event: 8052.386 Thread 0x00007f8c1d48b000 Uncommon trap: reason=class_check action=maybe_recompile pc=0x00000001196dbe2c method=sun.awt.datatransfer.DataTransferer$IndexedComparator.compareIndices(Ljava/util/Map;Ljava/lang/Object;Ljava/lang/Object;Ljava/lang/Integer;)I @ 2
Event: 8052.390 Thread 0x00007f8c1d48b000 Uncommon trap: reason=class_check action=maybe_recompile pc=0x000000011976599c method=java.util.HashMap.putMapEntries(Ljava/util/Map;Z)V @ 1
Event: 8052.391 Thread 0x00007f8c1d48b000 Uncommon trap: reason=class_check action=maybe_recompile pc=0x000000011976599c method=java.util.HashMap.putMapEntries(Ljava/util/Map;Z)V @ 1
Event: 8052.391 Thread 0x00007f8c1d48b000 Uncommon trap: reason=class_check action=maybe_recompile pc=0x00000001196dbe2c method=sun.awt.datatransfer.DataTransferer$IndexedComparator.compareIndices(Ljava/util/Map;Ljava/lang/Object;Ljava/lang/Object;Ljava/lang/Integer;)I @ 2
Event: 8053.152 Thread 0x00007f8c1d48b000 Uncommon trap: reason=unstable_if action=reinterpret pc=0x00000001194e30dc method=java.util.concurrent.ConcurrentHashMap.putVal(Ljava/lang/Object;Ljava/lang/Object;Z)Ljava/lang/Object; @ 206

Classes redefined (0 events):
No events

Internal exceptions (10 events):
Event: 2769.759 Thread 0x00007f8c1d48b000 Implicit null exception at 0x000000011949bf81 to 0x000000011949bff5
Event: 2789.408 Thread 0x00007f8c1d48b000 Implicit null exception at 0x000000011924bd63 to 0x000000011924d231
Event: 2842.293 Thread 0x00007f8c1d48b000 Implicit null exception at 0x00000001190f54ad to 0x00000001190f724d
Event: 2966.633 Thread 0x00007f8c1d48b000 Implicit null exception at 0x00000001193ff2cc to 0x00000001193ff399
Event: 5034.315 Thread 0x00007f8c1d48b000 Implicit null exception at 0x0000000118bf3fcf to 0x0000000118bf423b
Event: 5971.999 Thread 0x00007f8c1d48b000 Implicit null exception at 0x0000000119141f58 to 0x0000000119143331
Event: 6107.037 Thread 0x00007f8c1d48b000 Implicit null exception at 0x0000000119170457 to 0x0000000119170b91
Event: 6107.037 Thread 0x00007f8c1d48b000 Implicit null exception at 0x0000000119168f59 to 0x0000000119169f31
Event: 6107.037 Thread 0x00007f8c1d48b000 Implicit null exception at 0x000000011957441c to 0x00000001195746b1
Event: 6107.037 Thread 0x00007f8c1d48b000 Implicit null exception at 0x0000000118dc1e0d to 0x0000000118dc1ecd

Events (10 events):
Event: 8154.156 Thread 0x00007f8c1c823800 flushing nmethod 0x00000001195107d0
Event: 8154.156 Thread 0x00007f8c1c823800 flushing nmethod 0x000000011951f610
Event: 8170.562 Executing VM operation: ParallelGCFailedAllocation
Event: 8170.565 Executing VM operation: ParallelGCFailedAllocation done
Event: 8174.317 Thread 0x00007f8c1d041800 flushing nmethod 0x0000000119707ad0
Event: 8176.135 Executing VM operation: BulkRevokeBias
Event: 8176.136 Executing VM operation: BulkRevokeBias done
Event: 8176.221 Thread 0x00007f8c1c823800 flushing nmethod 0x00000001199ee2d0
Event: 8176.288 Executing VM operation: BulkRevokeBias
Event: 8176.288 Executing VM operation: BulkRevokeBias done


Dynamic libraries:
0x00007fff2c275000 	/System/Library/Frameworks/Cocoa.framework/Versions/A/Cocoa
0x00007fff3801a000 	/System/Library/Frameworks/Security.framework/Versions/A/Security
0x00007fff2af08000 	/System/Library/Frameworks/ApplicationServices.framework/Versions/A/ApplicationServices
0x00007fff58108000 	/usr/lib/libz.1.dylib
0x00007fff55a62000 	/usr/lib/libSystem.B.dylib
0x00007fff57299000 	/usr/lib/libobjc.A.dylib
0x00007fff2caea000 	/System/Library/Frameworks/CoreFoundation.framework/Versions/A/CoreFoundation
0x00007fff2ed6d000 	/System/Library/Frameworks/Foundation.framework/Versions/C/Foundation
0x00007fff2a101000 	/System/Library/Frameworks/AppKit.framework/Versions/C/AppKit
0x00007fff2c673000 	/System/Library/Frameworks/CoreData.framework/Versions/A/CoreData
0x00007fff4f528000 	/System/Library/PrivateFrameworks/RemoteViewServices.framework/Versions/A/RemoteViewServices
0x00007fff5379f000 	/System/Library/PrivateFrameworks/UIFoundation.framework/Versions/A/UIFoundation
0x00007fff54e83000 	/System/Library/PrivateFrameworks/XCTTargetBootstrap.framework/Versions/A/XCTTargetBootstrap
0x00007fff2c9f9000 	/System/Library/Frameworks/CoreDisplay.framework/Versions/A/CoreDisplay
0x00007fff4a262000 	/System/Library/PrivateFrameworks/IconServices.framework/Versions/A/IconServices
0x00007fff3168e000 	/System/Library/Frameworks/Metal.framework/Versions/A/Metal
0x00007fff417a5000 	/System/Library/PrivateFrameworks/DesktopServicesPriv.framework/Versions/A/DesktopServicesPriv
0x00007fff565fc000 	/usr/lib/libenergytrace.dylib
0x00007fff51c86000 	/System/Library/PrivateFrameworks/SkyLight.framework/Versions/A/SkyLight
0x00007fff2cf31000 	/System/Library/Frameworks/CoreGraphics.framework/Versions/A/CoreGraphics
0x00007fff28ecd000 	/System/Library/Frameworks/Accelerate.framework/Versions/A/Accelerate
0x00007fff2f4b6000 	/System/Library/Frameworks/IOSurface.framework/Versions/A/IOSurface
0x00007fff41611000 	/System/Library/PrivateFrameworks/DFRFoundation.framework/Versions/A/DFRFoundation
0x00007fff2b3eb000 	/System/Library/Frameworks/AudioToolbox.framework/Versions/A/AudioToolbox
0x00007fff2b664000 	/System/Library/Frameworks/AudioUnit.framework/Versions/A/AudioUnit
0x00007fff416a6000 	/System/Library/PrivateFrameworks/DataDetectorsCore.framework/Versions/A/DataDetectorsCore
0x00007fff2bd78000 	/System/Library/Frameworks/Carbon.framework/Versions/A/Frameworks/HIToolbox.framework/Versions/A/HIToolbox
0x00007fff56755000 	/usr/lib/libicucore.A.dylib
0x00007fff3758d000 	/System/Library/Frameworks/QuartzCore.framework/Versions/A/QuartzCore
0x00007fff2c14d000 	/System/Library/Frameworks/Carbon.framework/Versions/A/Frameworks/SpeechRecognition.framework/Versions/A/SpeechRecognition
0x00007fff55bb6000 	/usr/lib/libauto.dylib
0x00007fff57ffc000 	/usr/lib/libxml2.2.dylib
0x00007fff411ec000 	/System/Library/PrivateFrameworks/CoreUI.framework/Versions/A/CoreUI
0x00007fff2c55e000 	/System/Library/Frameworks/CoreAudio.framework/Versions/A/CoreAudio
0x00007fff2eba2000 	/System/Library/Frameworks/DiskArbitration.framework/Versions/A/DiskArbitration
0x00007fff56a03000 	/usr/lib/liblangid.dylib
0x00007fff4b66d000 	/System/Library/PrivateFrameworks/MultitouchSupport.framework/Versions/A/MultitouchSupport
0x00007fff2f425000 	/System/Library/Frameworks/IOKit.framework/Versions/A/IOKit
0x00007fff55622000 	/usr/lib/libDiagnosticMessagesClient.dylib
0x00007fff2dd40000 	/System/Library/Frameworks/CoreServices.framework/Versions/A/CoreServices
0x00007fff4d327000 	/System/Library/PrivateFrameworks/PerformanceAnalysis.framework/Versions/A/PerformanceAnalysis
0x00007fff3677b000 	/System/Library/Frameworks/OpenGL.framework/Versions/A/OpenGL
0x00007fff2c283000 	/System/Library/Frameworks/ColorSync.framework/Versions/A/ColorSync
0x00007fff2d5c2000 	/System/Library/Frameworks/CoreImage.framework/Versions/A/CoreImage
0x00007fff2e718000 	/System/Library/Frameworks/CoreText.framework/Versions/A/CoreText
0x00007fff2f519000 	/System/Library/Frameworks/ImageIO.framework/Versions/A/ImageIO
0x00007fff3d83e000 	/System/Library/PrivateFrameworks/Backup.framework/Versions/A/Backup
0x00007fff55b09000 	/usr/lib/libarchive.2.dylib
0x00007fff2b9bd000 	/System/Library/Frameworks/CFNetwork.framework/Versions/A/CFNetwork
0x00007fff38776000 	/System/Library/Frameworks/SystemConfiguration.framework/Versions/A/SystemConfiguration
0x00007fff55553000 	/usr/lib/libCRFSuite.dylib
0x00007fff55ca5000 	/usr/lib/libc++.1.dylib
0x00007fff55cf9000 	/usr/lib/libc++abi.dylib
0x00007fff588fe000 	/usr/lib/system/libcache.dylib
0x00007fff58903000 	/usr/lib/system/libcommonCrypto.dylib
0x00007fff5890e000 	/usr/lib/system/libcompiler_rt.dylib
0x00007fff58916000 	/usr/lib/system/libcopyfile.dylib
0x00007fff58920000 	/usr/lib/system/libcorecrypto.dylib
0x00007fff58a2b000 	/usr/lib/system/libdispatch.dylib
0x00007fff58a65000 	/usr/lib/system/libdyld.dylib
0x00007fff58a92000 	/usr/lib/system/libkeymgr.dylib
0x00007fff58aa0000 	/usr/lib/system/liblaunch.dylib
0x00007fff58aa1000 	/usr/lib/system/libmacho.dylib
0x00007fff58aa7000 	/usr/lib/system/libquarantine.dylib
0x00007fff58aaa000 	/usr/lib/system/libremovefile.dylib
0x00007fff58aac000 	/usr/lib/system/libsystem_asl.dylib
0x00007fff58ac4000 	/usr/lib/system/libsystem_blocks.dylib
0x00007fff58ac5000 	/usr/lib/system/libsystem_c.dylib
0x00007fff58b4d000 	/usr/lib/system/libsystem_configuration.dylib
0x00007fff58b51000 	/usr/lib/system/libsystem_coreservices.dylib
0x00007fff58b55000 	/usr/lib/system/libsystem_darwin.dylib
0x00007fff58b5c000 	/usr/lib/system/libsystem_dnssd.dylib
0x00007fff58b63000 	/usr/lib/system/libsystem_info.dylib
0x00007fff58bd8000 	/usr/lib/system/libsystem_m.dylib
0x00007fff58c24000 	/usr/lib/system/libsystem_malloc.dylib
0x00007fff58c4f000 	/usr/lib/system/libsystem_networkextension.dylib
0x00007fff58c5a000 	/usr/lib/system/libsystem_notify.dylib
0x00007fff58c77000 	/usr/lib/system/libsystem_sandbox.dylib
0x00007fff58c7b000 	/usr/lib/system/libsystem_secinit.dylib
0x00007fff58baf000 	/usr/lib/system/libsystem_kernel.dylib
0x00007fff58c62000 	/usr/lib/system/libsystem_platform.dylib
0x00007fff58c6c000 	/usr/lib/system/libsystem_pthread.dylib
0x00007fff58c7e000 	/usr/lib/system/libsystem_symptoms.dylib
0x00007fff58c86000 	/usr/lib/system/libsystem_trace.dylib
0x00007fff58c9d000 	/usr/lib/system/libunwind.dylib
0x00007fff58ca3000 	/usr/lib/system/libxpc.dylib
0x00007fff55c86000 	/usr/lib/libbsm.0.dylib
0x00007fff58a93000 	/usr/lib/system/libkxld.dylib
0x00007fff3cc2f000 	/System/Library/PrivateFrameworks/AppleFSCompression.framework/Versions/A/AppleFSCompression
0x00007fff55922000 	/usr/lib/libOpenScriptingUtil.dylib
0x00007fff55fae000 	/usr/lib/libcoretls.dylib
0x00007fff55fc5000 	/usr/lib/libcoretls_cfhelpers.dylib
0x00007fff57a30000 	/usr/lib/libpam.2.dylib
0x00007fff57bf0000 	/usr/lib/libsqlite3.dylib
0x00007fff57fea000 	/usr/lib/libxar.1.dylib
0x00007fff55c97000 	/usr/lib/libbz2.1.0.dylib
0x00007fff56a05000 	/usr/lib/liblzma.5.dylib
0x00007fff56eb6000 	/usr/lib/libnetwork.dylib
0x00007fff55af2000 	/usr/lib/libapple_nghttp2.dylib
0x00007fff57a37000 	/usr/lib/libpcap.A.dylib
0x00007fff2e0df000 	/System/Library/Frameworks/CoreServices.framework/Versions/A/Frameworks/FSEvents.framework/Versions/A/FSEvents
0x00007fff2ddbe000 	/System/Library/Frameworks/CoreServices.framework/Versions/A/Frameworks/CarbonCore.framework/Versions/A/CarbonCore
0x00007fff2e29a000 	/System/Library/Frameworks/CoreServices.framework/Versions/A/Frameworks/Metadata.framework/Versions/A/Metadata
0x00007fff2e339000 	/System/Library/Frameworks/CoreServices.framework/Versions/A/Frameworks/OSServices.framework/Versions/A/OSServices
0x00007fff2e384000 	/System/Library/Frameworks/CoreServices.framework/Versions/A/Frameworks/SearchKit.framework/Versions/A/SearchKit
0x00007fff2dd41000 	/System/Library/Frameworks/CoreServices.framework/Versions/A/Frameworks/AE.framework/Versions/A/AE
0x00007fff2e0e8000 	/System/Library/Frameworks/CoreServices.framework/Versions/A/Frameworks/LaunchServices.framework/Versions/A/LaunchServices
0x00007fff2e096000 	/System/Library/Frameworks/CoreServices.framework/Versions/A/Frameworks/DictionaryServices.framework/Versions/A/DictionaryServices
0x00007fff2e3ec000 	/System/Library/Frameworks/CoreServices.framework/Versions/A/Frameworks/SharedFileList.framework/Versions/A/SharedFileList
0x00007fff32756000 	/System/Library/Frameworks/NetFS.framework/Versions/A/NetFS
0x00007fff4b8d3000 	/System/Library/PrivateFrameworks/NetAuth.framework/Versions/A/NetAuth
0x00007fff55287000 	/System/Library/PrivateFrameworks/login.framework/Versions/A/Frameworks/loginsupport.framework/Versions/A/loginsupport
0x00007fff533a8000 	/System/Library/PrivateFrameworks/TCC.framework/Versions/A/TCC
0x00007fff40849000 	/System/Library/PrivateFrameworks/CoreNLP.framework/Versions/A/CoreNLP
0x00007fff4b368000 	/System/Library/PrivateFrameworks/MetadataUtilities.framework/Versions/A/MetadataUtilities
0x00007fff56ada000 	/usr/lib/libmecabra.dylib
0x00007fff2af09000 	/System/Library/Frameworks/ApplicationServices.framework/Versions/A/Frameworks/ATS.framework/Versions/A/ATS
0x00007fff2b258000 	/System/Library/Frameworks/ApplicationServices.framework/Versions/A/Frameworks/ColorSyncLegacy.framework/Versions/A/ColorSyncLegacy
0x00007fff2b2f7000 	/System/Library/Frameworks/ApplicationServices.framework/Versions/A/Frameworks/HIServices.framework/Versions/A/HIServices
0x00007fff2b34a000 	/System/Library/Frameworks/ApplicationServices.framework/Versions/A/Frameworks/LangAnalysis.framework/Versions/A/LangAnalysis
0x00007fff2b35a000 	/System/Library/Frameworks/ApplicationServices.framework/Versions/A/Frameworks/PrintCore.framework/Versions/A/PrintCore
0x00007fff2b3a4000 	/System/Library/Frameworks/ApplicationServices.framework/Versions/A/Frameworks/QD.framework/Versions/A/QD
0x00007fff2b3de000 	/System/Library/Frameworks/ApplicationServices.framework/Versions/A/Frameworks/SpeechSynthesis.framework/Versions/A/SpeechSynthesis
0x00007fff55d21000 	/usr/lib/libcompression.dylib
0x00007fff3195e000 	/System/Library/Frameworks/MetalPerformanceShaders.framework/Versions/A/MetalPerformanceShaders
0x00007fff28ee5000 	/System/Library/Frameworks/Accelerate.framework/Versions/A/Frameworks/vImage.framework/Versions/A/vImage
0x00007fff29f5f000 	/System/Library/Frameworks/Accelerate.framework/Versions/A/Frameworks/vecLib.framework/Versions/A/vecLib
0x00007fff29eab000 	/System/Library/Frameworks/Accelerate.framework/Versions/A/Frameworks/vecLib.framework/Versions/A/libvMisc.dylib
0x00007fff29cc3000 	/System/Library/Frameworks/Accelerate.framework/Versions/A/Frameworks/vecLib.framework/Versions/A/libvDSP.dylib
0x00007fff2957f000 	/System/Library/Frameworks/Accelerate.framework/Versions/A/Frameworks/vecLib.framework/Versions/A/libBLAS.dylib
0x00007fff2986c000 	/System/Library/Frameworks/Accelerate.framework/Versions/A/Frameworks/vecLib.framework/Versions/A/libLAPACK.dylib
0x00007fff29c16000 	/System/Library/Frameworks/Accelerate.framework/Versions/A/Frameworks/vecLib.framework/Versions/A/libLinearAlgebra.dylib
0x00007fff29caf000 	/System/Library/Frameworks/Accelerate.framework/Versions/A/Frameworks/vecLib.framework/Versions/A/libSparseBLAS.dylib
0x00007fff29c2c000 	/System/Library/Frameworks/Accelerate.framework/Versions/A/Frameworks/vecLib.framework/Versions/A/libQuadrature.dylib
0x00007fff297f9000 	/System/Library/Frameworks/Accelerate.framework/Versions/A/Frameworks/vecLib.framework/Versions/A/libBNNS.dylib
0x00007fff29c32000 	/System/Library/Frameworks/Accelerate.framework/Versions/A/Frameworks/vecLib.framework/Versions/A/libSparse.dylib
0x00007fff47b97000 	/System/Library/PrivateFrameworks/GPUWrangler.framework/Versions/A/GPUWrangler
0x00007fff49e97000 	/System/Library/PrivateFrameworks/IOAccelerator.framework/Versions/A/IOAccelerator
0x00007fff49ea2000 	/System/Library/PrivateFrameworks/IOPresentment.framework/Versions/A/IOPresentment
0x00007fff41621000 	/System/Library/PrivateFrameworks/DSExternalDisplay.framework/Versions/A/DSExternalDisplay
0x00007fff35bd2000 	/System/Library/Frameworks/OpenGL.framework/Versions/A/Libraries/libCoreFSCache.dylib
0x00007fff31752000 	/System/Library/Frameworks/MetalPerformanceShaders.framework/Frameworks/MPSCore.framework/Versions/A/MPSCore
0x00007fff31772000 	/System/Library/Frameworks/MetalPerformanceShaders.framework/Frameworks/MPSImage.framework/Versions/A/MPSImage
0x00007fff31817000 	/System/Library/Frameworks/MetalPerformanceShaders.framework/Frameworks/MPSNeuralNetwork.framework/Versions/A/MPSNeuralNetwork
0x00007fff317ef000 	/System/Library/Frameworks/MetalPerformanceShaders.framework/Frameworks/MPSMatrix.framework/Versions/A/MPSMatrix
0x00007fff31943000 	/System/Library/Frameworks/MetalPerformanceShaders.framework/Frameworks/MPSRayIntersector.framework/Versions/A/MPSRayIntersector
0x00007fff4b391000 	/System/Library/PrivateFrameworks/MetalTools.framework/Versions/A/MetalTools
0x00007fff3c4d9000 	/System/Library/PrivateFrameworks/AggregateDictionary.framework/Versions/A/AggregateDictionary
0x00007fff55902000 	/usr/lib/libMobileGestalt.dylib
0x00007fff2e87b000 	/System/Library/Frameworks/CoreVideo.framework/Versions/A/CoreVideo
0x00007fff489a8000 	/System/Library/PrivateFrameworks/GraphVisualizer.framework/Versions/A/GraphVisualizer
0x00007fff42827000 	/System/Library/PrivateFrameworks/FaceCore.framework/Versions/A/FaceCore
0x00007fff35200000 	/System/Library/Frameworks/OpenCL.framework/Versions/A/OpenCL
0x00007fff5565a000 	/usr/lib/libFosl_dynamic.dylib
0x00007fff4c13e000 	/System/Library/PrivateFrameworks/OTSVG.framework/Versions/A/OTSVG
0x00007fff2b00d000 	/System/Library/Frameworks/ApplicationServices.framework/Versions/A/Frameworks/ATS.framework/Versions/A/Resources/libFontParser.dylib
0x00007fff2b125000 	/System/Library/Frameworks/ApplicationServices.framework/Versions/A/Frameworks/ATS.framework/Versions/A/Resources/libFontRegistry.dylib
0x00007fff2f787000 	/System/Library/Frameworks/ImageIO.framework/Versions/A/Resources/libJPEG.dylib
0x00007fff2fa99000 	/System/Library/Frameworks/ImageIO.framework/Versions/A/Resources/libTIFF.dylib
0x00007fff2fa6f000 	/System/Library/Frameworks/ImageIO.framework/Versions/A/Resources/libPng.dylib
0x00007fff2f6a5000 	/System/Library/Frameworks/ImageIO.framework/Versions/A/Resources/libGIF.dylib
0x00007fff2f6aa000 	/System/Library/Frameworks/ImageIO.framework/Versions/A/Resources/libJP2.dylib
0x00007fff2fa96000 	/System/Library/Frameworks/ImageIO.framework/Versions/A/Resources/libRadiance.dylib
0x00007fff3cd86000 	/System/Library/PrivateFrameworks/AppleJPEG.framework/Versions/A/AppleJPEG
0x00007fff35bdd000 	/System/Library/Frameworks/OpenGL.framework/Versions/A/Libraries/libGFXShared.dylib
0x00007fff35da0000 	/System/Library/Frameworks/OpenGL.framework/Versions/A/Libraries/libGLU.dylib
0x00007fff35be6000 	/System/Library/Frameworks/OpenGL.framework/Versions/A/Libraries/libGL.dylib
0x00007fff35bf2000 	/System/Library/Frameworks/OpenGL.framework/Versions/A/Libraries/libGLImage.dylib
0x00007fff35bcf000 	/System/Library/Frameworks/OpenGL.framework/Versions/A/Libraries/libCVMSPluginSupport.dylib
0x00007fff35bd8000 	/System/Library/Frameworks/OpenGL.framework/Versions/A/Libraries/libCoreVMClient.dylib
0x00007fff56472000 	/usr/lib/libcups.2.dylib
0x00007fff30c59000 	/System/Library/Frameworks/Kerberos.framework/Versions/A/Kerberos
0x00007fff2f189000 	/System/Library/Frameworks/GSS.framework/Versions/A/GSS
0x00007fff57b85000 	/usr/lib/libresolv.9.dylib
0x00007fff56664000 	/usr/lib/libiconv.2.dylib
0x00007fff48b1d000 	/System/Library/PrivateFrameworks/Heimdal.framework/Versions/A/Heimdal
0x00007fff56634000 	/usr/lib/libheimdal-asn1.dylib
0x00007fff35274000 	/System/Library/Frameworks/OpenDirectory.framework/Versions/A/OpenDirectory
0x00007fff3f5ac000 	/System/Library/PrivateFrameworks/CommonAuth.framework/Versions/A/CommonAuth
0x00007fff35258000 	/System/Library/Frameworks/OpenDirectory.framework/Versions/A/Frameworks/CFOpenDirectory.framework/Versions/A/CFOpenDirectory
0x00007fff3831b000 	/System/Library/Frameworks/SecurityFoundation.framework/Versions/A/SecurityFoundation
0x00007fff3ba1f000 	/System/Library/PrivateFrameworks/APFS.framework/Versions/A/APFS
0x00007fff57fe6000 	/usr/lib/libutil.dylib
0x00007fff55d0f000 	/usr/lib/libcharset.1.dylib
0x00007fff3d023000 	/System/Library/PrivateFrameworks/AppleSauce.framework/Versions/A/AppleSauce
0x00007fff3d1a4000 	/System/Library/PrivateFrameworks/AssertionServices.framework/Versions/A/AssertionServices
0x00007fff3d8d4000 	/System/Library/PrivateFrameworks/BaseBoard.framework/Versions/A/BaseBoard
0x00007fff56a35000 	/usr/lib/libmecab.1.0.0.dylib
0x00007fff5662e000 	/usr/lib/libgermantok.dylib
0x00007fff55adf000 	/usr/lib/libThaiTokenizer.dylib
0x00007fff5558a000 	/usr/lib/libChineseTokenizer.dylib
0x00007fff4a54f000 	/System/Library/PrivateFrameworks/LanguageModeling.framework/Versions/A/LanguageModeling
0x00007fff4028e000 	/System/Library/PrivateFrameworks/CoreEmoji.framework/Versions/A/CoreEmoji
0x00007fff4a62b000 	/System/Library/PrivateFrameworks/Lexicon.framework/Versions/A/Lexicon
0x00007fff4a66e000 	/System/Library/PrivateFrameworks/LinguisticData.framework/Versions/A/LinguisticData
0x00007fff55d10000 	/usr/lib/libcmph.dylib
0x00007fff383d9000 	/System/Library/Frameworks/ServiceManagement.framework/Versions/A/ServiceManagement
0x00007fff3d835000 	/System/Library/PrivateFrameworks/BackgroundTaskManagement.framework/Versions/A/BackgroundTaskManagement
0x00007fff580df000 	/usr/lib/libxslt.1.dylib
0x00007fff2c07a000 	/System/Library/Frameworks/Carbon.framework/Versions/A/Frameworks/Ink.framework/Versions/A/Ink
0x00007fff5361a000 	/System/Library/PrivateFrameworks/TextureIO.framework/Versions/A/TextureIO
0x00007fff55b33000 	/usr/lib/libate.dylib
0x00007fff41570000 	/System/Library/PrivateFrameworks/CrashReporterSupport.framework/Versions/A/CrashReporterSupport
0x00007fff50d54000 	/System/Library/PrivateFrameworks/Sharing.framework/Versions/A/Sharing
0x00007fff3d587000 	/System/Library/PrivateFrameworks/AuthKit.framework/Versions/A/AuthKit
0x00007fff3cadb000 	/System/Library/PrivateFrameworks/Apple80211.framework/Versions/A/Apple80211
0x00007fff41318000 	/System/Library/PrivateFrameworks/CoreUtils.framework/Versions/A/CoreUtils
0x00007fff2e8bc000 	/System/Library/Frameworks/CoreWLAN.framework/Versions/A/CoreWLAN
0x00007fff2f2b8000 	/System/Library/Frameworks/IOBluetooth.framework/Versions/A/IOBluetooth
0x00007fff4f1c8000 	/System/Library/PrivateFrameworks/ProtocolBuffer.framework/Versions/A/ProtocolBuffer
0x00007fff4b5c9000 	/System/Library/PrivateFrameworks/MobileKeyBag.framework/Versions/A/MobileKeyBag
0x00007fff40b5c000 	/System/Library/PrivateFrameworks/CorePhoneNumbers.framework/Versions/A/CorePhoneNumbers
0x00007fff3cd3a000 	/System/Library/PrivateFrameworks/AppleIDAuthSupport.framework/Versions/A/AppleIDAuthSupport
0x00007fff4a522000 	/System/Library/PrivateFrameworks/KeychainCircle.framework/Versions/A/KeychainCircle
0x00007fff4f37e000 	/System/Library/PrivateFrameworks/ROCKit.framework/Versions/A/ROCKit
0x00007fff4150c000 	/System/Library/PrivateFrameworks/CoreWiFi.framework/Versions/A/CoreWiFi
0x00007fff2c648000 	/System/Library/Frameworks/CoreBluetooth.framework/Versions/A/CoreBluetooth
0x00007fff41767000 	/System/Library/PrivateFrameworks/DebugSymbols.framework/Versions/A/DebugSymbols
0x00007fff410d8000 	/System/Library/PrivateFrameworks/CoreSymbolication.framework/Versions/A/CoreSymbolication
0x00007fff52e35000 	/System/Library/PrivateFrameworks/Symbolication.framework/Versions/A/Symbolication
0x00007fff526d8000 	/System/Library/PrivateFrameworks/SpeechRecognitionCore.framework/Versions/A/SpeechRecognitionCore
0x000000010c800000 	/Library/Internet Plug-Ins/JavaAppletPlugin.plugin/Contents/Home/lib/server/libjvm.dylib
0x00007fff57ec1000 	/usr/lib/libstdc++.6.dylib
0x000000010bea9000 	/Library/Internet Plug-Ins/JavaAppletPlugin.plugin/Contents/Home/lib/libverify.dylib
0x000000010beb7000 	/Library/Internet Plug-Ins/JavaAppletPlugin.plugin/Contents/Home/lib/libjava.dylib
0x000000010bf37000 	/Library/Internet Plug-Ins/JavaAppletPlugin.plugin/Contents/Home/lib/libzip.dylib
0x00000001140d5000 	/Library/Internet Plug-Ins/JavaAppletPlugin.plugin/Contents/Home/lib/libosx.dylib
0x00000001142af000 	/Library/Internet Plug-Ins/JavaAppletPlugin.plugin/Contents/Home/lib/./libosxapp.dylib
0x00007fff30c42000 	/System/Library/Frameworks/JavaVM.framework/Versions/A/Frameworks/JavaNativeFoundation.framework/Versions/A/JavaNativeFoundation
0x00007fff30c4b000 	/System/Library/Frameworks/JavaVM.framework/Versions/A/Frameworks/JavaRuntimeSupport.framework/Versions/A/JavaRuntimeSupport
0x00007fff2bd73000 	/System/Library/Frameworks/Carbon.framework/Versions/A/Carbon
0x00007fff2ed46000 	/System/Library/Frameworks/ExceptionHandling.framework/Versions/A/ExceptionHandling
0x00007fff2bd74000 	/System/Library/Frameworks/Carbon.framework/Versions/A/Frameworks/CommonPanels.framework/Versions/A/CommonPanels
0x00007fff2c070000 	/System/Library/Frameworks/Carbon.framework/Versions/A/Frameworks/Help.framework/Versions/A/Help
0x00007fff2c074000 	/System/Library/Frameworks/Carbon.framework/Versions/A/Frameworks/ImageCapture.framework/Versions/A/ImageCapture
0x00007fff2c110000 	/System/Library/Frameworks/Carbon.framework/Versions/A/Frameworks/OpenScripting.framework/Versions/A/OpenScripting
0x00007fff2c148000 	/System/Library/Frameworks/Carbon.framework/Versions/A/Frameworks/Print.framework/Versions/A/Print
0x00007fff2c14a000 	/System/Library/Frameworks/Carbon.framework/Versions/A/Frameworks/SecurityHI.framework/Versions/A/SecurityHI
0x00007fff30c54000 	/System/Library/Frameworks/JavaVM.framework/Versions/A/JavaVM
0x00007fff4a441000 	/System/Library/PrivateFrameworks/JavaLaunching.framework/Versions/A/JavaLaunching
0x0000000114412000 	/Library/Internet Plug-Ins/JavaAppletPlugin.plugin/Contents/Home/lib/libawt.dylib
0x00000001144bb000 	/Library/Internet Plug-Ins/JavaAppletPlugin.plugin/Contents/Home/lib/./libmlib_image.dylib
0x0000000114587000 	/Library/Internet Plug-Ins/JavaAppletPlugin.plugin/Contents/Home/lib/libawt_lwawt.dylib
0x00007fff40ce0000 	/System/Library/PrivateFrameworks/CoreServicesInternal.framework/Versions/A/CoreServicesInternal
0x00007fff2124b000 	/System/Library/CoreServices/RawCamera.bundle/Contents/MacOS/RawCamera
0x00007fff4b435000 	/System/Library/PrivateFrameworks/MobileAsset.framework/Versions/A/MobileAsset
0x00007fff52d83000 	/System/Library/PrivateFrameworks/StreamingZip.framework/Versions/A/StreamingZip
0x00007fff30fe6000 	/System/Library/Frameworks/MediaToolbox.framework/Versions/A/MediaToolbox
0x00007fff3fe32000 	/System/Library/PrivateFrameworks/CoreAVCHD.framework/Versions/A/CoreAVCHD
0x00007fff30f2c000 	/System/Library/Frameworks/MediaAccessibility.framework/Versions/A/MediaAccessibility
0x00007fff4ae91000 	/System/Library/PrivateFrameworks/Mangrove.framework/Versions/A/Mangrove
0x00007fff2dbdf000 	/System/Library/Frameworks/CoreMedia.framework/Versions/A/CoreMedia
0x00007fff38a42000 	/System/Library/Frameworks/VideoToolbox.framework/Versions/A/VideoToolbox
0x00007fff3fa4e000 	/System/Library/PrivateFrameworks/CoreAUC.framework/Versions/A/CoreAUC
0x00007fff57bee000 	/usr/lib/libspindump.dylib
0x00007fff3d109000 	/System/Library/PrivateFrameworks/AppleVA.framework/Versions/A/AppleVA
0x00007fff28ece000 	/System/Library/Frameworks/Accelerate.framework/Versions/A/Frameworks/vImage.framework/Versions/A/Libraries/libCGInterfaces.dylib
0x00007fff2b1c1000 	/System/Library/Frameworks/ApplicationServices.framework/Versions/A/Frameworks/ATS.framework/Versions/A/Resources/libTrueTypeScaler.dylib
0x00007fff2457f000 	/System/Library/Extensions/AppleIntelBDWGraphicsMTLDriver.bundle/Contents/MacOS/AppleIntelBDWGraphicsMTLDriver
0x00007fff464f6000 	/System/Library/PrivateFrameworks/GPUCompiler.framework/Versions/3902/Libraries/libmetal_timestamp.dylib
0x00007fff42c4c000 	/System/Library/PrivateFrameworks/FamilyControls.framework/Versions/A/FamilyControls
0x00007fff3f59f000 	/System/Library/PrivateFrameworks/CommerceKit.framework/Versions/A/Frameworks/CommerceCore.framework/Versions/A/CommerceCore
0x00007fff53108000 	/System/Library/PrivateFrameworks/SystemAdministration.framework/Versions/A/SystemAdministration
0x00007fff3c9dc000 	/System/Library/PrivateFrameworks/AppContainer.framework/Versions/A/AppContainer
0x00007fff3c9f8000 	/System/Library/PrivateFrameworks/AppSandbox.framework/Versions/A/AppSandbox
0x00007fff50bf5000 	/System/Library/PrivateFrameworks/SecCodeWrapper.framework/Versions/A/SecCodeWrapper
0x00007fff57b9f000 	/usr/lib/libsandbox.1.dylib
0x00007fff558d1000 	/usr/lib/libMatch.1.dylib
0x00007fff41aec000 	/System/Library/PrivateFrameworks/DiskManagement.framework/Versions/A/DiskManagement
0x00007fff2eac2000 	/System/Library/Frameworks/DirectoryService.framework/Versions/A/DirectoryService
0x00007fff41a1d000 	/System/Library/PrivateFrameworks/DiskImages.framework/Versions/A/DiskImages
0x00007fff4a767000 	/System/Library/PrivateFrameworks/LoginUIKit.framework/Versions/A/Frameworks/LoginUICore.framework/Versions/A/LoginUICore
0x00007fff55595000 	/usr/lib/libCoreStorage.dylib
0x00007fff5645f000 	/usr/lib/libcsfde.dylib
0x00007fff57a1f000 	/usr/lib/libodfde.dylib
0x00007fff4afa9000 	/System/Library/PrivateFrameworks/MediaKit.framework/Versions/A/MediaKit
0x00007fff2eace000 	/System/Library/Frameworks/DiscRecording.framework/Versions/A/DiscRecording
0x00007fff41c60000 	/System/Library/PrivateFrameworks/EFILogin.framework/Versions/A/EFILogin
0x00007fff4f173000 	/System/Library/PrivateFrameworks/ProtectedCloudStorage.framework/Versions/A/ProtectedCloudStorage
0x00007fff564f1000 	/usr/lib/libcurl.4.dylib
0x00007fff5635e000 	/usr/lib/libcrypto.42.dylib
0x00007fff57e91000 	/usr/lib/libssl.44.dylib
0x00007fff30c73000 	/System/Library/Frameworks/LDAP.framework/Versions/A/LDAP
0x00007fff53798000 	/System/Library/PrivateFrameworks/TrustEvaluationAgent.framework/Versions/A/TrustEvaluationAgent
0x00007fff57bdb000 	/usr/lib/libsasl2.2.dylib
0x00007fff4008b000 	/System/Library/PrivateFrameworks/CoreDaemon.framework/Versions/B/CoreDaemon
0x00007fff3d01e000 	/System/Library/PrivateFrameworks/AppleSRP.framework/Versions/A/AppleSRP
0x00007fff545d2000 	/System/Library/PrivateFrameworks/ViewBridge.framework/Versions/A/ViewBridge
0x00007fff3678b000 	/System/Library/Frameworks/OpenGL.framework/Versions/A/Resources/GLEngine.bundle/GLEngine
0x00007fff35c2d000 	/System/Library/Frameworks/OpenGL.framework/Versions/A/Libraries/libGLProgrammability.dylib
0x00007fff2407a000 	/System/Library/Extensions/AppleIntelBDWGraphicsGLDriver.bundle/Contents/MacOS/AppleIntelBDWGraphicsGLDriver
0x00007fff47b8b000 	/System/Library/PrivateFrameworks/GPUSupport.framework/Versions/A/Libraries/libGPUSupportMercury.dylib
0x00007fff36923000 	/System/Library/Frameworks/OpenGL.framework/Versions/A/Resources/GLRendererFloat.bundle/GLRendererFloat
0x00007fff351f7000 	/System/Library/Frameworks/OpenCL.framework/Versions/A/Libraries/libcldcpuengine.dylib
0x00007fff56164000 	/usr/lib/libcrypto.35.dylib
0x0000000127f42000 	/Library/Internet Plug-Ins/JavaAppletPlugin.plugin/Contents/Home/lib/libfontmanager.dylib
0x00000001186d8000 	/Library/Internet Plug-Ins/JavaAppletPlugin.plugin/Contents/Home/lib/libosxui.dylib
0x00000001289b1000 	/Library/Internet Plug-Ins/JavaAppletPlugin.plugin/Contents/Home/lib/libjpeg.dylib
0x0000000128e90000 	/Library/Internet Plug-Ins/JavaAppletPlugin.plugin/Contents/Home/lib/libnet.dylib
0x0000000128ca1000 	/Library/Internet Plug-Ins/JavaAppletPlugin.plugin/Contents/Home/lib/libnio.dylib
0x0000000194d28000 	/usr/lib/libobjc-trampolines.dylib
0x00007fff3e908000 	/System/Library/PrivateFrameworks/CloudDocs.framework/Versions/A/CloudDocs
0x00007fff42c73000 	/System/Library/PrivateFrameworks/FileProvider.framework/Versions/A/FileProvider
0x00007fff52796000 	/System/Library/PrivateFrameworks/SpotlightIndex.framework/Versions/A/SpotlightIndex
0x00007fff52ec1000 	/System/Library/PrivateFrameworks/SymptomDiagnosticReporter.framework/Versions/A/SymptomDiagnosticReporter
0x00007fff47f2a000 	/System/Library/PrivateFrameworks/GenerationalStorage.framework/Versions/A/GenerationalStorage
0x00007fff3e79f000 	/System/Library/PrivateFrameworks/ChunkingLibrary.framework/Versions/A/ChunkingLibrary
0x00007fff4ed67000 	/System/Library/PrivateFrameworks/PowerLog.framework/Versions/A/PowerLog
0x00007fff3fe80000 	/System/Library/PrivateFrameworks/CoreAnalytics.framework/Versions/A/CoreAnalytics
0x000000019647f000 	/Library/Internet Plug-Ins/JavaAppletPlugin.plugin/Contents/Home/lib/libdcpr.dylib
0x00007fff5528a000 	/System/Library/PrivateFrameworks/login.framework/Versions/A/login

VM Arguments:
java_command: /Users/Minh/Uni/KTMT/Shared_with_students/Mars/Mars4_5.jar
java_class_path (initial): /Users/Minh/Uni/KTMT/Shared_with_students/Mars/Mars4_5.jar
Launcher Type: SUN_STANDARD

Environment Variables:
PATH=/usr/bin:/bin:/usr/sbin:/sbin
SHELL=/bin/bash

Signal Handlers:
SIGSEGV: [libjvm.dylib+0x5bc2ff], sa_mask[0]=11111111011111110111111111111111, sa_flags=SA_ONSTACK|SA_RESTART|SA_SIGINFO
SIGBUS: [libjvm.dylib+0x5bc2ff], sa_mask[0]=11111111011111110111111111111111, sa_flags=SA_RESTART|SA_SIGINFO
SIGFPE: [libjvm.dylib+0x48d41c], sa_mask[0]=11111111011111110111111111111111, sa_flags=SA_RESTART|SA_SIGINFO
SIGPIPE: [libjvm.dylib+0x48d41c], sa_mask[0]=11111111011111110111111111111111, sa_flags=SA_RESTART|SA_SIGINFO
SIGXFSZ: [libjvm.dylib+0x48d41c], sa_mask[0]=11111111011111110111111111111111, sa_flags=SA_RESTART|SA_SIGINFO
SIGILL: [libjvm.dylib+0x48d41c], sa_mask[0]=11111111011111110111111111111111, sa_flags=SA_RESTART|SA_SIGINFO
SIGUSR1: SIG_DFL, sa_mask[0]=00000000000000000000000000000000, sa_flags=none
SIGUSR2: [libjvm.dylib+0x48cf3a], sa_mask[0]=00000000000000000000000000000000, sa_flags=SA_RESTART|SA_SIGINFO
SIGHUP: [libjvm.dylib+0x48b4c5], sa_mask[0]=11111111011111110111111111111111, sa_flags=SA_RESTART|SA_SIGINFO
SIGINT: [libjvm.dylib+0x48b4c5], sa_mask[0]=11111111011111110111111111111111, sa_flags=SA_RESTART|SA_SIGINFO
SIGTERM: [libjvm.dylib+0x48b4c5], sa_mask[0]=11111111011111110111111111111111, sa_flags=SA_RESTART|SA_SIGINFO
SIGQUIT: [libjvm.dylib+0x48b4c5], sa_mask[0]=11111111011111110111111111111111, sa_flags=SA_RESTART|SA_SIGINFO


---------------  S Y S T E M  ---------------

OS:Bsduname:Darwin 18.7.0 Darwin Kernel Version 18.7.0: Tue Aug 20 16:57:14 PDT 2019; root:xnu-4903.271.2~2/RELEASE_X86_64 x86_64
rlimit: STACK 8192k, CORE 0k, NPROC 709, NOFILE 10240, AS infinity
load average:2.99 2.44 2.27

CPU:total 4 (initial active 4) (2 cores per cpu, 2 threads per core) family 6 model 61 stepping 4, cmov, cx8, fxsr, mmx, sse, sse2, sse3, ssse3, sse4.1, sse4.2, popcnt, avx, avx2, aes, clmul, erms, 3dnowpref, lzcnt, ht, tsc, tscinvbit, bmi1, bmi2, adx

Memory: 4k page, physical 8388608k(181680k free)

/proc/meminfo:


vm_info: Java HotSpot(TM) 64-Bit Server VM (25.251-b08) for bsd-amd64 JRE (1.8.0_251-b08), built on Mar 12 2020 02:36:37 by "java_re" with gcc 4.2.1 (Based on Apple Inc. build 5658) (LLVM build 2336.11.00)

time: Mon May  4 17:41:09 2020
timezone: +07
elapsed time: 9378 seconds (0d 2h 36m 18s)

