#
# A fatal error has been detected by the Java Runtime Environment:
#
#  SIGSEGV (0xb) at pc=0x00007fff7d5256a9, pid=1711, tid=0x0000000000000307
#
# JRE version: Java(TM) SE Runtime Environment (8.0_251-b08) (build 1.8.0_251-b08)
# Java VM: Java HotSpot(TM) 64-Bit Server VM (25.251-b08 mixed mode bsd-amd64 compressed oops)
# Problematic frame:
# C  [libobjc.A.dylib+0x66a9]  objc_msgSend+0x29
#
# Failed to write core dump. Core dumps have been disabled. To enable core dumping, try "ulimit -c unlimited" before starting Java again
#
# If you would like to submit a bug report, please visit:
#   http://bugreport.java.com/bugreport/crash.jsp
# The crash happened outside the Java Virtual Machine in native code.
# See problematic frame for where to report the bug.
#

---------------  T H R E A D  ---------------

Current thread (0x00007f9f1bada800):  JavaThread "AppKit Thread" daemon [_thread_in_native, id=775, stack(0x00007ffee7265000,0x00007ffee7a65000)]

siginfo: si_signo: 11 (SIGSEGV), si_code: 0 (unknown), si_addr: 0x0000000000000000

Registers:
RAX=0x00007f9f1ed60fb0, RBX=0x00007ffee7a604b0, RCX=0x00007f9f1b4f0970, RDX=0x00007f9f1ed60fb0
RSP=0x00007ffee7a60478, RBP=0x00007ffee7a60480, RSI=0x00007fff69314839, RDI=0x00007f9f1b4f0970
R8 =0x00000000000003ff, R9 =0x00007f9f1ea2eee0, R10=0x00007fff50f246c0, R11=0x64496572f772f772
R12=0x0000000000000000, R13=0x00007f9f1ed60fb0, R14=0x00007f9f1ea24090, R15=0x0000000000000000
RIP=0x00007fff7d5256a9, EFLAGS=0x0000000000010206, ERR=0x0000000000000000
  TRAPNO=0x000000000000000d

Top of Stack: (sp=0x00007ffee7a60478)
0x00007ffee7a60478:   00007fff52e0e2f6 00007ffee7a604a0
0x00007ffee7a60488:   00007fff52e0e270 00007f9f1ea2eee0
0x00007ffee7a60498:   0000000000000000 00007ffee7a60510
0x00007ffee7a604a8:   00007fff52e0e1da 00007fffb558b070
0x00007ffee7a604b8:   00000000c2000000 00007fff52e0e231
0x00007ffee7a604c8:   00007fffadf58370 00007f9f1ea2eee0
0x00007ffee7a604d8:   00007f9f1ed60fb0 0000000000000000
0x00007ffee7a604e8:   00007ffee7a60527 00007f9f1ea2eee0
0x00007ffee7a604f8:   00007ffee7a605d0 00007ffee7a60d50
0x00007ffee7a60508:   0000000000000000 00007ffee7a60550
0x00007ffee7a60518:   00007fff52e16688 00007f9f21a86000
0x00007ffee7a60528:   0000000000000008 00007fff7d525680
0x00007ffee7a60538:   00007ffee7a605d0 00007ffee7a60d50
0x00007ffee7a60548:   00007fff50f24a3e 00007ffee7a60c70
0x00007ffee7a60558:   00007fff52d7f014 0000000000000000
0x00007ffee7a60568:   0000000000000000 00007ffee7a60ac0
0x00007ffee7a60578:   00007f9f1da18be0 00007f9f1b42b030
0x00007ffee7a60588:   00007fffadf50c01 0000000000000000
0x00007ffee7a60598:   00007fffadf50c20 00007fffadf93fb8
0x00007ffee7a605a8:   00007f9f1ec87e00 00007fffadf58030
0x00007ffee7a605b8:   0000000000000000 0000000000000000
0x00007ffee7a605c8:   0000000000000000 00007f9f21a86000
0x00007ffee7a605d8:   0000000000000929 0000000000004a00
0x00007ffee7a605e8:   00007f9f1ec87e01 00007ffee7a60a20
0x00007ffee7a605f8:   0000000000000000 0000000000000100
0x00007ffee7a60608:   00007f9f1ec87e00 00007fffae085138
0x00007ffee7a60618:   00007f9f1b8030b8 00007ffee7a60670
0x00007ffee7a60628:   00007fff7d52d0c8 ffff8060e1378130
0x00007ffee7a60638:   ffff8060e1378130 00007fffb52d94c0
0x00007ffee7a60648:   00007f9f1b803010 a3a3a3a3a3a3a3a3
0x00007ffee7a60658:   00007ffee7a60b80 00007f9f1b8030a0
0x00007ffee7a60668:   00007f9f1b803000 00007ffee7a60ab0 

Instructions: (pc=0x00007fff7d5256a9)
0x00007fff7d525689:   01 2e 75 66 49 ba f8 ff ff ff ff 7f 00 00 4c 23
0x00007fff7d525699:   17 49 89 f3 45 23 5a 18 49 c1 e3 04 4d 03 5a 10
0x00007fff7d5256a9:   49 3b 33 75 04 41 ff 63 08 49 83 3b 01 76 0d 49
0x00007fff7d5256b9:   83 c3 10 49 3b 33 75 f1 41 ff 63 08 72 68 4d 8b 

Register to memory mapping:

RAX=0x00007f9f1ed60fb0 is an unknown value
RBX=0x00007ffee7a604b0 is pointing into the stack for thread: 0x00007f9f1bada800
RCX=0x00007f9f1b4f0970 is an unknown value
RDX=0x00007f9f1ed60fb0 is an unknown value
RSP=0x00007ffee7a60478 is pointing into the stack for thread: 0x00007f9f1bada800
RBP=0x00007ffee7a60480 is pointing into the stack for thread: 0x00007f9f1bada800
RSI=0x00007fff69314839 is an unknown value
RDI=0x00007f9f1b4f0970 is an unknown value
R8 =0x00000000000003ff is an unknown value
R9 =0x00007f9f1ea2eee0 is an unknown value
R10=0x00007fff50f246c0: GCC_except_table7+0x24 in /System/Library/Frameworks/AppKit.framework/Versions/C/AppKit at 0x00007fff50387000
R11=0x64496572f772f772 is an unknown value
R12=0x0000000000000000 is an unknown value
R13=0x00007f9f1ed60fb0 is an unknown value
R14=0x00007f9f1ea24090 is an unknown value
R15=0x0000000000000000 is an unknown value


Stack: [0x00007ffee7265000,0x00007ffee7a65000],  sp=0x00007ffee7a60478,  free space=8173k
Native frames: (J=compiled Java code, j=interpreted, Vv=VM code, C=native code)
C  [libobjc.A.dylib+0x66a9]  objc_msgSend+0x29
C  [CoreFoundation+0x9e270]  ___CFXRegistrationPost_block_invoke+0x3f
C  [CoreFoundation+0x9e1da]  _CFXRegistrationPost+0x194
C  [CoreFoundation+0xa6688]  ___CFXNotificationPost_block_invoke+0x57
C  [CoreFoundation+0xf014]  -[_CFXNotificationRegistrar find:object:observer:enumerator:]+0x66a
C  [CoreFoundation+0xe3c7]  _CFXNotificationPost+0x2dc
C  [Foundation+0x11aab]  -[NSNotificationCenter postNotificationName:object:userInfo:]+0x42
C  [CoreFoundation+0x9e2f6]  __CFNOTIFICATIONCENTER_IS_CALLING_OUT_TO_AN_OBSERVER__+0xc
C  [CoreFoundation+0x9e270]  ___CFXRegistrationPost_block_invoke+0x3f
C  [CoreFoundation+0x77ec4]  __CFRUNLOOP_IS_CALLING_OUT_TO_A_BLOCK__+0xc
C  [CoreFoundation+0x3b5e7]  __CFRunLoopDoBlocks+0x18a
C  [CoreFoundation+0x3b344]  __CFRunLoopRun+0xad4
C  [CoreFoundation+0x3a61e]  CFRunLoopRunSpecific+0x1c7
C  [HIToolbox+0xb1ab]  RunCurrentEventLoopInMode+0x124
C  [HIToolbox+0xaee5]  ReceiveNextEventCommon+0x25b
C  [HIToolbox+0xac76]  _BlockUntilNextEventMatchingListInModeWithFilter+0x40
C  [AppKit+0x1a77d]  _DPSNextEvent+0x46f
C  [AppKit+0x1946b]  -[NSApplication(NSEvent) _nextEventMatchingEventMask:untilDate:inMode:dequeue:]+0x551
C  [libosxapp.dylib+0x2328]  -[NSApplicationAWT nextEventMatchingMask:untilDate:inMode:dequeue:]+0x7c
C  [AppKit+0x13588]  -[NSApplication run]+0x2bb
C  [libosxapp.dylib+0x1f72]  +[NSApplicationAWT runAWTLoopWithApp:]+0x9c
C  [libawt_lwawt.dylib+0x4803b]  -[AWTStarter starter:]+0x389
C  [Foundation+0xb0302]  __NSThreadPerformPerform+0x148
C  [CoreFoundation+0x57de3]  __CFRUNLOOP_IS_CALLING_OUT_TO_A_SOURCE0_PERFORM_FUNCTION__+0x11
C  [CoreFoundation+0x57d89]  __CFRunLoopDoSource0+0x6c
C  [CoreFoundation+0x3b74b]  __CFRunLoopDoSources0+0xc3
C  [CoreFoundation+0x3ad15]  __CFRunLoopRun+0x4a5
C  [CoreFoundation+0x3a61e]  CFRunLoopRunSpecific+0x1c7
C  [java+0x646e]  CreateExecutionEnvironment+0x367
C  [java+0x203c]  JLI_Launch+0x7a0
C  [java+0x84cb]  main+0x65
C  [java+0x1894]  start+0x34
C  0x0000000000000003


---------------  P R O C E S S  ---------------

Java Threads: ( => current thread )
  0x00007f9f224dd000 JavaThread "MIPS" [_thread_in_Java, id=63095, stack(0x00007000112ae000,0x00007000113ae000)]
  0x00007f9f219ff000 JavaThread "Thread-5" [_thread_blocked, id=62031, stack(0x00007000110a8000,0x00007000111a8000)]
  0x00007f9f218dc000 JavaThread "Thread-4" [_thread_blocked, id=61299, stack(0x0000700010fa5000,0x00007000110a5000)]
  0x00007f9f21b4e800 JavaThread "Thread-3" [_thread_blocked, id=72647, stack(0x000070001057e000,0x000070001067e000)]
  0x00007f9f2195b000 JavaThread "Thread-2" [_thread_blocked, id=67075, stack(0x0000700010990000,0x0000700010a90000)]
  0x00007f9f1be59800 JavaThread "TimerQueue" daemon [_thread_blocked, id=56583, stack(0x0000700010c19000,0x0000700010d19000)]
  0x00007f9f1d0c0000 JavaThread "DestroyJavaVM" [_thread_blocked, id=6147, stack(0x000070000f54e000,0x000070000f64e000)]
  0x00007f9f1bc43800 JavaThread "AWT-EventQueue-0" [_thread_blocked, id=54019, stack(0x0000700010b16000,0x0000700010c16000)]
  0x00007f9f1c8f7800 JavaThread "AWT-Shutdown" [_thread_blocked, id=27719, stack(0x000070001047b000,0x000070001057b000)]
  0x00007f9f1c200800 JavaThread "Java2D Disposer" daemon [_thread_blocked, id=74507, stack(0x000070001088d000,0x000070001098d000)]
  0x00007f9f1c033800 JavaThread "Java2D Queue Flusher" daemon [_thread_blocked, id=79107, stack(0x000070001078a000,0x000070001088a000)]
=>0x00007f9f1bada800 JavaThread "AppKit Thread" daemon [_thread_in_native, id=775, stack(0x00007ffee7265000,0x00007ffee7a65000)]
  0x00007f9f1b934000 JavaThread "Timer-0" daemon [_thread_blocked, id=13315, stack(0x0000700010378000,0x0000700010478000)]
  0x00007f9f1c027000 JavaThread "Service Thread" daemon [_thread_blocked, id=16131, stack(0x0000700010172000,0x0000700010272000)]
  0x00007f9f1b86e000 JavaThread "C1 CompilerThread2" daemon [_thread_blocked, id=16643, stack(0x000070001006f000,0x000070001016f000)]
  0x00007f9f1c01c800 JavaThread "C2 CompilerThread1" daemon [_thread_blocked, id=17155, stack(0x000070000ff6c000,0x000070001006c000)]
  0x00007f9f1b86d000 JavaThread "C2 CompilerThread0" daemon [_thread_blocked, id=17411, stack(0x000070000fe69000,0x000070000ff69000)]
  0x00007f9f1d001800 JavaThread "Signal Dispatcher" daemon [_thread_blocked, id=12291, stack(0x000070000fd66000,0x000070000fe66000)]
  0x00007f9f1b84a000 JavaThread "Finalizer" daemon [_thread_blocked, id=19971, stack(0x000070000fc63000,0x000070000fd63000)]
  0x00007f9f1d001000 JavaThread "Reference Handler" daemon [_thread_blocked, id=20227, stack(0x000070000fb60000,0x000070000fc60000)]

Other Threads:
  0x00007f9f1b841800 VMThread [stack: 0x000070000fa5d000,0x000070000fb5d000] [id=20483]
  0x00007f9f1b897000 WatcherThread [stack: 0x0000700010275000,0x0000700010375000] [id=15875]

VM state:not at safepoint (normal execution)

VM Mutex/Monitor currently owned by a thread: None

heap address: 0x0000000740000000, size: 2048 MB, Compressed Oops mode: Zero based, Oop shift amount: 3
Narrow klass base: 0x0000000000000000, Narrow klass shift: 3
Compressed class space size: 1073741824 Address: 0x00000007c0000000

Heap:
 PSYoungGen      total 180736K, used 64874K [0x0000000795580000, 0x00000007a6d80000, 0x00000007c0000000)
  eden space 180224K, 35% used [0x0000000795580000,0x00000007994ba980,0x00000007a0580000)
  from space 512K, 25% used [0x00000007a6d00000,0x00000007a6d20000,0x00000007a6d80000)
  to   space 3584K, 0% used [0x00000007a6680000,0x00000007a6680000,0x00000007a6a00000)
 ParOldGen       total 69120K, used 62789K [0x0000000740000000, 0x0000000744380000, 0x0000000795580000)
  object space 69120K, 90% used [0x0000000740000000,0x0000000743d514c8,0x0000000744380000)
 Metaspace       used 25636K, capacity 26232K, committed 26368K, reserved 1073152K
  class space    used 3355K, capacity 3519K, committed 3584K, reserved 1048576K

Card table byte_map: [0x0000000109f7e000,0x000000010a37f000] byte_map_base: 0x000000010657e000

Marking Bits: (ParMarkBitMap*) 0x0000000109500f60
 Begin Bits: [0x000000010a62a000, 0x000000010c62a000)
 End Bits:   [0x000000010c62a000, 0x000000010e62a000)

Polling page: 0x0000000108247000

CodeCache: size=245760Kb used=25394Kb max_used=25408Kb free=220365Kb
 bounds [0x00000001113f0000, 0x0000000112d20000, 0x00000001203f0000]
 total_blobs=7526 nmethods=6858 adapters=576
 compilation: enabled

Compilation events (10 events):
Event: 9188.017 Thread 0x00007f9f1c01c800 9044       4       java.awt.Component::hasFocus (16 bytes)
Event: 9188.022 Thread 0x00007f9f1b86d000 9045       4       javax.swing.text.PlainView::drawUnselectedText (57 bytes)
Event: 9188.023 Thread 0x00007f9f1c01c800 nmethod 9044 0x00000001115d4b90 code [0x00000001115d4d20, 0x00000001115d52a8]
Event: 9188.046 Thread 0x00007f9f1b86d000 nmethod 9045 0x00000001120fdf10 code [0x00000001120fe140, 0x00000001120ff6f8]
Event: 9188.106 Thread 0x00007f9f1b86e000 9046   !   3       javax.swing.KeyStroke::getKeyStroke (29 bytes)
Event: 9188.106 Thread 0x00007f9f1b86e000 nmethod 9046 0x0000000111a9b5d0 code [0x0000000111a9b760, 0x0000000111a9bc18]
Event: 9188.169 Thread 0x00007f9f1b86e000 9047       1       javax.swing.JComponent$IntVector::size (5 bytes)
Event: 9188.169 Thread 0x00007f9f1b86e000 nmethod 9047 0x0000000111df66d0 code [0x0000000111df6820, 0x0000000111df6930]
Event: 9190.134 Thread 0x00007f9f1b86e000 9048       1       sun.awt.im.InputContext::getClientComponent (5 bytes)
Event: 9190.134 Thread 0x00007f9f1b86e000 nmethod 9048 0x00000001128f9d10 code [0x00000001128f9e60, 0x00000001128f9f70]

GC Heap History (10 events):
Event: 9187.633 GC heap before
{Heap before GC invocations=1156 (full 72):
 PSYoungGen      total 228352K, used 223840K [0x0000000795580000, 0x00000007a7880000, 0x00000007c0000000)
  eden space 223744K, 100% used [0x0000000795580000,0x00000007a3000000,0x00000007a3000000)
  from space 4608K, 2% used [0x00000007a6f80000,0x00000007a6f98000,0x00000007a7400000)
  to   space 4608K, 0% used [0x00000007a7400000,0x00000007a7400000,0x00000007a7880000)
 ParOldGen       total 69120K, used 62669K [0x0000000740000000, 0x0000000744380000, 0x0000000795580000)
  object space 69120K, 90% used [0x0000000740000000,0x0000000743d334c8,0x0000000744380000)
 Metaspace       used 25636K, capacity 26232K, committed 26368K, reserved 1073152K
  class space    used 3355K, capacity 3519K, committed 3584K, reserved 1048576K
Event: 9187.637 GC heap after
Heap after GC invocations=1156 (full 72):
 PSYoungGen      total 214528K, used 128K [0x0000000795580000, 0x00000007a7480000, 0x00000007c0000000)
  eden space 214016K, 0% used [0x0000000795580000,0x0000000795580000,0x00000007a2680000)
  from space 512K, 25% used [0x00000007a7400000,0x00000007a7420000,0x00000007a7480000)
  to   space 4608K, 0% used [0x00000007a6b80000,0x00000007a6b80000,0x00000007a7000000)
 ParOldGen       total 69120K, used 62693K [0x0000000740000000, 0x0000000744380000, 0x0000000795580000)
  object space 69120K, 90% used [0x0000000740000000,0x0000000743d394c8,0x0000000744380000)
 Metaspace       used 25636K, capacity 26232K, committed 26368K, reserved 1073152K
  class space    used 3355K, capacity 3519K, committed 3584K, reserved 1048576K
}
Event: 9188.247 GC heap before
{Heap before GC invocations=1157 (full 72):
 PSYoungGen      total 214528K, used 214144K [0x0000000795580000, 0x00000007a7480000, 0x00000007c0000000)
  eden space 214016K, 100% used [0x0000000795580000,0x00000007a2680000,0x00000007a2680000)
  from space 512K, 25% used [0x00000007a7400000,0x00000007a7420000,0x00000007a7480000)
  to   space 4608K, 0% used [0x00000007a6b80000,0x00000007a6b80000,0x00000007a7000000)
 ParOldGen       total 69120K, used 62693K [0x0000000740000000, 0x0000000744380000, 0x0000000795580000)
  object space 69120K, 90% used [0x0000000740000000,0x0000000743d394c8,0x0000000744380000)
 Metaspace       used 25636K, capacity 26232K, committed 26368K, reserved 1073152K
  class space    used 3355K, capacity 3519K, committed 3584K, reserved 1048576K
Event: 9188.251 GC heap after
Heap after GC invocations=1157 (full 72):
 PSYoungGen      total 209408K, used 128K [0x0000000795580000, 0x00000007a7480000, 0x00000007c0000000)
  eden space 204800K, 0% used [0x0000000795580000,0x0000000795580000,0x00000007a1d80000)
  from space 4608K, 2% used [0x00000007a6b80000,0x00000007a6ba0000,0x00000007a7000000)
  to   space 4096K, 0% used [0x00000007a7080000,0x00000007a7080000,0x00000007a7480000)
 ParOldGen       total 69120K, used 62725K [0x0000000740000000, 0x0000000744380000, 0x0000000795580000)
  object space 69120K, 90% used [0x0000000740000000,0x0000000743d414c8,0x0000000744380000)
 Metaspace       used 25636K, capacity 26232K, committed 26368K, reserved 1073152K
  class space    used 3355K, capacity 3519K, committed 3584K, reserved 1048576K
}
Event: 9188.837 GC heap before
{Heap before GC invocations=1158 (full 72):
 PSYoungGen      total 209408K, used 204928K [0x0000000795580000, 0x00000007a7480000, 0x00000007c0000000)
  eden space 204800K, 100% used [0x0000000795580000,0x00000007a1d80000,0x00000007a1d80000)
  from space 4608K, 2% used [0x00000007a6b80000,0x00000007a6ba0000,0x00000007a7000000)
  to   space 4096K, 0% used [0x00000007a7080000,0x00000007a7080000,0x00000007a7480000)
 ParOldGen       total 69120K, used 62725K [0x0000000740000000, 0x0000000744380000, 0x0000000795580000)
  object space 69120K, 90% used [0x0000000740000000,0x0000000743d414c8,0x0000000744380000)
 Metaspace       used 25636K, capacity 26232K, committed 26368K, reserved 1073152K
  class space    used 3355K, capacity 3519K, committed 3584K, reserved 1048576K
Event: 9188.841 GC heap after
Heap after GC invocations=1158 (full 72):
 PSYoungGen      total 196608K, used 128K [0x0000000795580000, 0x00000007a7100000, 0x00000007c0000000)
  eden space 196096K, 0% used [0x0000000795580000,0x0000000795580000,0x00000007a1500000)
  from space 512K, 25% used [0x00000007a7080000,0x00000007a70a0000,0x00000007a7100000)
  to   space 4096K, 0% used [0x00000007a6900000,0x00000007a6900000,0x00000007a6d00000)
 ParOldGen       total 69120K, used 62757K [0x0000000740000000, 0x0000000744380000, 0x0000000795580000)
  object space 69120K, 90% used [0x0000000740000000,0x0000000743d494c8,0x0000000744380000)
 Metaspace       used 25636K, capacity 26232K, committed 26368K, reserved 1073152K
  class space    used 3355K, capacity 3519K, committed 3584K, reserved 1048576K
}
Event: 9189.425 GC heap before
{Heap before GC invocations=1159 (full 72):
 PSYoungGen      total 196608K, used 196224K [0x0000000795580000, 0x00000007a7100000, 0x00000007c0000000)
  eden space 196096K, 100% used [0x0000000795580000,0x00000007a1500000,0x00000007a1500000)
  from space 512K, 25% used [0x00000007a7080000,0x00000007a70a0000,0x00000007a7100000)
  to   space 4096K, 0% used [0x00000007a6900000,0x00000007a6900000,0x00000007a6d00000)
 ParOldGen       total 69120K, used 62757K [0x0000000740000000, 0x0000000744380000, 0x0000000795580000)
  object space 69120K, 90% used [0x0000000740000000,0x0000000743d494c8,0x0000000744380000)
 Metaspace       used 25636K, capacity 26232K, committed 26368K, reserved 1073152K
  class space    used 3355K, capacity 3519K, committed 3584K, reserved 1048576K
Event: 9189.429 GC heap after
Heap after GC invocations=1159 (full 72):
 PSYoungGen      total 192000K, used 96K [0x0000000795580000, 0x00000007a7100000, 0x00000007c0000000)
  eden space 187904K, 0% used [0x0000000795580000,0x0000000795580000,0x00000007a0d00000)
  from space 4096K, 2% used [0x00000007a6900000,0x00000007a6918000,0x00000007a6d00000)
  to   space 4096K, 0% used [0x00000007a6d00000,0x00000007a6d00000,0x00000007a7100000)
 ParOldGen       total 69120K, used 62789K [0x0000000740000000, 0x0000000744380000, 0x0000000795580000)
  object space 69120K, 90% used [0x0000000740000000,0x0000000743d514c8,0x0000000744380000)
 Metaspace       used 25636K, capacity 26232K, committed 26368K, reserved 1073152K
  class space    used 3355K, capacity 3519K, committed 3584K, reserved 1048576K
}
Event: 9189.981 GC heap before
{Heap before GC invocations=1160 (full 72):
 PSYoungGen      total 192000K, used 188000K [0x0000000795580000, 0x00000007a7100000, 0x00000007c0000000)
  eden space 187904K, 100% used [0x0000000795580000,0x00000007a0d00000,0x00000007a0d00000)
  from space 4096K, 2% used [0x00000007a6900000,0x00000007a6918000,0x00000007a6d00000)
  to   space 4096K, 0% used [0x00000007a6d00000,0x00000007a6d00000,0x00000007a7100000)
 ParOldGen       total 69120K, used 62789K [0x0000000740000000, 0x0000000744380000, 0x0000000795580000)
  object space 69120K, 90% used [0x0000000740000000,0x0000000743d514c8,0x0000000744380000)
 Metaspace       used 25636K, capacity 26232K, committed 26368K, reserved 1073152K
  class space    used 3355K, capacity 3519K, committed 3584K, reserved 1048576K
Event: 9189.986 GC heap after
Heap after GC invocations=1160 (full 72):
 PSYoungGen      total 180736K, used 128K [0x0000000795580000, 0x00000007a6d80000, 0x00000007c0000000)
  eden space 180224K, 0% used [0x0000000795580000,0x0000000795580000,0x00000007a0580000)
  from space 512K, 25% used [0x00000007a6d00000,0x00000007a6d20000,0x00000007a6d80000)
  to   space 3584K, 0% used [0x00000007a6680000,0x00000007a6680000,0x00000007a6a00000)
 ParOldGen       total 69120K, used 62789K [0x0000000740000000, 0x0000000744380000, 0x0000000795580000)
  object space 69120K, 90% used [0x0000000740000000,0x0000000743d514c8,0x0000000744380000)
 Metaspace       used 25636K, capacity 26232K, committed 26368K, reserved 1073152K
  class space    used 3355K, capacity 3519K, committed 3584K, reserved 1048576K
}

Deoptimization events (10 events):
Event: 9187.401 Thread 0x00007f9f1bc43800 Uncommon trap: reason=bimorphic action=maybe_recompile pc=0x00000001121a6b20 method=javax.swing.text.AbstractDocument$AbstractElement.isDefined(Ljava/lang/Object;)Z @ 5
Event: 9187.401 Thread 0x00007f9f1bc43800 Uncommon trap: reason=unstable_if action=reinterpret pc=0x0000000112290428 method=sun.font.FontUtilities.isComplexText([CII)Z @ 13
Event: 9187.401 Thread 0x00007f9f1bc43800 Uncommon trap: reason=bimorphic action=maybe_recompile pc=0x0000000112c0b414 method=javax.swing.text.Utilities.isComposedTextAttributeDefined(Ljavax/swing/text/AttributeSet;)Z @ 8
Event: 9187.402 Thread 0x00007f9f1bc43800 Uncommon trap: reason=unstable_if action=reinterpret pc=0x00000001127a0a20 method=javax.swing.text.AbstractDocument.insertUpdate(Ljavax/swing/text/AbstractDocument$DefaultDocumentEvent;Ljavax/swing/text/AttributeSet;)V @ 82
Event: 9187.402 Thread 0x00007f9f1bc43800 Uncommon trap: reason=bimorphic action=maybe_recompile pc=0x0000000112cef3c8 method=javax.swing.text.AbstractDocument$AbstractElement.isDefined(Ljava/lang/Object;)Z @ 5
Event: 9187.557 Thread 0x00007f9f1bc43800 Uncommon trap: reason=class_check action=maybe_recompile pc=0x0000000111cc9154 method=sun.awt.im.InputMethodContext.dispatchEvent(Ljava/awt/AWTEvent;)V @ 11
Event: 9187.557 Thread 0x00007f9f1bc43800 Uncommon trap: reason=class_check action=maybe_recompile pc=0x000000011220b2f8 method=java.awt.Component.processEvent(Ljava/awt/AWTEvent;)V @ 157
Event: 9187.560 Thread 0x00007f9f1bc43800 Uncommon trap: reason=bimorphic action=maybe_recompile pc=0x0000000112c0b414 method=javax.swing.text.Utilities.isComposedTextAttributeDefined(Ljavax/swing/text/AttributeSet;)Z @ 8
Event: 9188.016 Thread 0x00007f9f1bc43800 Uncommon trap: reason=class_check action=maybe_recompile pc=0x0000000111cc9154 method=sun.awt.im.InputMethodContext.dispatchEvent(Ljava/awt/AWTEvent;)V @ 11
Event: 9188.016 Thread 0x00007f9f1bc43800 Uncommon trap: reason=class_check action=maybe_recompile pc=0x000000011220b2f8 method=java.awt.Component.processEvent(Ljava/awt/AWTEvent;)V @ 157

Classes redefined (0 events):
No events

Internal exceptions (10 events):
Event: 5154.754 Thread 0x00007f9f1bc43800 Implicit null exception at 0x000000011227506f to 0x0000000112275645
Event: 5629.996 Thread 0x00007f9f1bbdb000 Implicit null exception at 0x000000011222091a to 0x0000000112222161
Event: 6994.251 Thread 0x00007f9f1bc43800 Implicit null exception at 0x000000011203136f to 0x0000000112031935
Event: 8188.922 Thread 0x00007f9f1bc43800 Implicit null exception at 0x0000000111dfd8cf to 0x0000000111e01c95
Event: 8314.820 Thread 0x00007f9f2195b000 Implicit null exception at 0x0000000112a5efce to 0x0000000112a60d45
Event: 8314.820 Thread 0x00007f9f2195b000 Implicit null exception at 0x0000000112261e1f to 0x0000000112261e45
Event: 9077.800 Thread 0x00007f9f1bc43800 Implicit null exception at 0x0000000112ca29c8 to 0x0000000112ca3575
Event: 9109.530 Thread 0x00007f9f1bc43800 Implicit null exception at 0x00000001127c010b to 0x00000001127c02c5
Event: 9109.530 Thread 0x00007f9f1bc43800 Exception <a 'java/lang/NullPointerException'> (0x000000079b376cc8) thrown at [/jenkins/workspace/8-2-build-macosx-x86_64/jdk8u251/737/hotspot/src/share/vm/runtime/sharedRuntime.cpp, line 605]
Event: 9117.374 Thread 0x00007f9f1bc43800 Implicit null exception at 0x00000001124cc85e to 0x00000001124ce1c1

Events (10 events):
Event: 9188.016 Thread 0x00007f9f1bc43800 DEOPT PACKING pc=0x000000011220b2f8 sp=0x0000700010c13f10
Event: 9188.016 Thread 0x00007f9f1bc43800 DEOPT UNPACKING pc=0x000000011143573a sp=0x0000700010c13e60 mode 2
Event: 9188.247 Executing VM operation: ParallelGCFailedAllocation
Event: 9188.251 Executing VM operation: ParallelGCFailedAllocation done
Event: 9188.837 Executing VM operation: ParallelGCFailedAllocation
Event: 9188.842 Executing VM operation: ParallelGCFailedAllocation done
Event: 9189.424 Executing VM operation: ParallelGCFailedAllocation
Event: 9189.429 Executing VM operation: ParallelGCFailedAllocation done
Event: 9189.981 Executing VM operation: ParallelGCFailedAllocation
Event: 9189.986 Executing VM operation: ParallelGCFailedAllocation done


Dynamic libraries:
0x00007fff524fb000 	/System/Library/Frameworks/Cocoa.framework/Versions/A/Cocoa
0x00007fff5e2a0000 	/System/Library/Frameworks/Security.framework/Versions/A/Security
0x00007fff5118e000 	/System/Library/Frameworks/ApplicationServices.framework/Versions/A/ApplicationServices
0x00007fff7e38e000 	/usr/lib/libz.1.dylib
0x00007fff7bce8000 	/usr/lib/libSystem.B.dylib
0x00007fff7d51f000 	/usr/lib/libobjc.A.dylib
0x00007fff52d70000 	/System/Library/Frameworks/CoreFoundation.framework/Versions/A/CoreFoundation
0x00007fff54ff3000 	/System/Library/Frameworks/Foundation.framework/Versions/C/Foundation
0x00007fff50387000 	/System/Library/Frameworks/AppKit.framework/Versions/C/AppKit
0x00007fff528f9000 	/System/Library/Frameworks/CoreData.framework/Versions/A/CoreData
0x00007fff757ae000 	/System/Library/PrivateFrameworks/RemoteViewServices.framework/Versions/A/RemoteViewServices
0x00007fff79a25000 	/System/Library/PrivateFrameworks/UIFoundation.framework/Versions/A/UIFoundation
0x00007fff7b109000 	/System/Library/PrivateFrameworks/XCTTargetBootstrap.framework/Versions/A/XCTTargetBootstrap
0x00007fff52c7f000 	/System/Library/Frameworks/CoreDisplay.framework/Versions/A/CoreDisplay
0x00007fff704e8000 	/System/Library/PrivateFrameworks/IconServices.framework/Versions/A/IconServices
0x00007fff57914000 	/System/Library/Frameworks/Metal.framework/Versions/A/Metal
0x00007fff67a2b000 	/System/Library/PrivateFrameworks/DesktopServicesPriv.framework/Versions/A/DesktopServicesPriv
0x00007fff7c882000 	/usr/lib/libenergytrace.dylib
0x00007fff77f0c000 	/System/Library/PrivateFrameworks/SkyLight.framework/Versions/A/SkyLight
0x00007fff531b7000 	/System/Library/Frameworks/CoreGraphics.framework/Versions/A/CoreGraphics
0x00007fff4f153000 	/System/Library/Frameworks/Accelerate.framework/Versions/A/Accelerate
0x00007fff5573c000 	/System/Library/Frameworks/IOSurface.framework/Versions/A/IOSurface
0x00007fff67897000 	/System/Library/PrivateFrameworks/DFRFoundation.framework/Versions/A/DFRFoundation
0x00007fff51671000 	/System/Library/Frameworks/AudioToolbox.framework/Versions/A/AudioToolbox
0x00007fff518ea000 	/System/Library/Frameworks/AudioUnit.framework/Versions/A/AudioUnit
0x00007fff6792c000 	/System/Library/PrivateFrameworks/DataDetectorsCore.framework/Versions/A/DataDetectorsCore
0x00007fff51ffe000 	/System/Library/Frameworks/Carbon.framework/Versions/A/Frameworks/HIToolbox.framework/Versions/A/HIToolbox
0x00007fff7c9db000 	/usr/lib/libicucore.A.dylib
0x00007fff5d813000 	/System/Library/Frameworks/QuartzCore.framework/Versions/A/QuartzCore
0x00007fff523d3000 	/System/Library/Frameworks/Carbon.framework/Versions/A/Frameworks/SpeechRecognition.framework/Versions/A/SpeechRecognition
0x00007fff7be3c000 	/usr/lib/libauto.dylib
0x00007fff7e282000 	/usr/lib/libxml2.2.dylib
0x00007fff67472000 	/System/Library/PrivateFrameworks/CoreUI.framework/Versions/A/CoreUI
0x00007fff527e4000 	/System/Library/Frameworks/CoreAudio.framework/Versions/A/CoreAudio
0x00007fff54e28000 	/System/Library/Frameworks/DiskArbitration.framework/Versions/A/DiskArbitration
0x00007fff7cc89000 	/usr/lib/liblangid.dylib
0x00007fff718f3000 	/System/Library/PrivateFrameworks/MultitouchSupport.framework/Versions/A/MultitouchSupport
0x00007fff556ab000 	/System/Library/Frameworks/IOKit.framework/Versions/A/IOKit
0x00007fff7b8a8000 	/usr/lib/libDiagnosticMessagesClient.dylib
0x00007fff53fc6000 	/System/Library/Frameworks/CoreServices.framework/Versions/A/CoreServices
0x00007fff735ad000 	/System/Library/PrivateFrameworks/PerformanceAnalysis.framework/Versions/A/PerformanceAnalysis
0x00007fff5ca01000 	/System/Library/Frameworks/OpenGL.framework/Versions/A/OpenGL
0x00007fff52509000 	/System/Library/Frameworks/ColorSync.framework/Versions/A/ColorSync
0x00007fff53848000 	/System/Library/Frameworks/CoreImage.framework/Versions/A/CoreImage
0x00007fff5499e000 	/System/Library/Frameworks/CoreText.framework/Versions/A/CoreText
0x00007fff5579f000 	/System/Library/Frameworks/ImageIO.framework/Versions/A/ImageIO
0x00007fff63ac4000 	/System/Library/PrivateFrameworks/Backup.framework/Versions/A/Backup
0x00007fff7bd8f000 	/usr/lib/libarchive.2.dylib
0x00007fff51c43000 	/System/Library/Frameworks/CFNetwork.framework/Versions/A/CFNetwork
0x00007fff5e9fc000 	/System/Library/Frameworks/SystemConfiguration.framework/Versions/A/SystemConfiguration
0x00007fff7b7d9000 	/usr/lib/libCRFSuite.dylib
0x00007fff7bf2b000 	/usr/lib/libc++.1.dylib
0x00007fff7bf7f000 	/usr/lib/libc++abi.dylib
0x00007fff7eb84000 	/usr/lib/system/libcache.dylib
0x00007fff7eb89000 	/usr/lib/system/libcommonCrypto.dylib
0x00007fff7eb94000 	/usr/lib/system/libcompiler_rt.dylib
0x00007fff7eb9c000 	/usr/lib/system/libcopyfile.dylib
0x00007fff7eba6000 	/usr/lib/system/libcorecrypto.dylib
0x00007fff7ecb1000 	/usr/lib/system/libdispatch.dylib
0x00007fff7eceb000 	/usr/lib/system/libdyld.dylib
0x00007fff7ed18000 	/usr/lib/system/libkeymgr.dylib
0x00007fff7ed26000 	/usr/lib/system/liblaunch.dylib
0x00007fff7ed27000 	/usr/lib/system/libmacho.dylib
0x00007fff7ed2d000 	/usr/lib/system/libquarantine.dylib
0x00007fff7ed30000 	/usr/lib/system/libremovefile.dylib
0x00007fff7ed32000 	/usr/lib/system/libsystem_asl.dylib
0x00007fff7ed4a000 	/usr/lib/system/libsystem_blocks.dylib
0x00007fff7ed4b000 	/usr/lib/system/libsystem_c.dylib
0x00007fff7edd3000 	/usr/lib/system/libsystem_configuration.dylib
0x00007fff7edd7000 	/usr/lib/system/libsystem_coreservices.dylib
0x00007fff7eddb000 	/usr/lib/system/libsystem_darwin.dylib
0x00007fff7ede2000 	/usr/lib/system/libsystem_dnssd.dylib
0x00007fff7ede9000 	/usr/lib/system/libsystem_info.dylib
0x00007fff7ee5e000 	/usr/lib/system/libsystem_m.dylib
0x00007fff7eeaa000 	/usr/lib/system/libsystem_malloc.dylib
0x00007fff7eed5000 	/usr/lib/system/libsystem_networkextension.dylib
0x00007fff7eee0000 	/usr/lib/system/libsystem_notify.dylib
0x00007fff7eefd000 	/usr/lib/system/libsystem_sandbox.dylib
0x00007fff7ef01000 	/usr/lib/system/libsystem_secinit.dylib
0x00007fff7ee35000 	/usr/lib/system/libsystem_kernel.dylib
0x00007fff7eee8000 	/usr/lib/system/libsystem_platform.dylib
0x00007fff7eef2000 	/usr/lib/system/libsystem_pthread.dylib
0x00007fff7ef04000 	/usr/lib/system/libsystem_symptoms.dylib
0x00007fff7ef0c000 	/usr/lib/system/libsystem_trace.dylib
0x00007fff7ef23000 	/usr/lib/system/libunwind.dylib
0x00007fff7ef29000 	/usr/lib/system/libxpc.dylib
0x00007fff7bf0c000 	/usr/lib/libbsm.0.dylib
0x00007fff7ed19000 	/usr/lib/system/libkxld.dylib
0x00007fff62eb5000 	/System/Library/PrivateFrameworks/AppleFSCompression.framework/Versions/A/AppleFSCompression
0x00007fff7bba8000 	/usr/lib/libOpenScriptingUtil.dylib
0x00007fff7c234000 	/usr/lib/libcoretls.dylib
0x00007fff7c24b000 	/usr/lib/libcoretls_cfhelpers.dylib
0x00007fff7dcb6000 	/usr/lib/libpam.2.dylib
0x00007fff7de76000 	/usr/lib/libsqlite3.dylib
0x00007fff7e270000 	/usr/lib/libxar.1.dylib
0x00007fff7bf1d000 	/usr/lib/libbz2.1.0.dylib
0x00007fff7cc8b000 	/usr/lib/liblzma.5.dylib
0x00007fff7d13c000 	/usr/lib/libnetwork.dylib
0x00007fff7bd78000 	/usr/lib/libapple_nghttp2.dylib
0x00007fff7dcbd000 	/usr/lib/libpcap.A.dylib
0x00007fff54365000 	/System/Library/Frameworks/CoreServices.framework/Versions/A/Frameworks/FSEvents.framework/Versions/A/FSEvents
0x00007fff54044000 	/System/Library/Frameworks/CoreServices.framework/Versions/A/Frameworks/CarbonCore.framework/Versions/A/CarbonCore
0x00007fff54520000 	/System/Library/Frameworks/CoreServices.framework/Versions/A/Frameworks/Metadata.framework/Versions/A/Metadata
0x00007fff545bf000 	/System/Library/Frameworks/CoreServices.framework/Versions/A/Frameworks/OSServices.framework/Versions/A/OSServices
0x00007fff5460a000 	/System/Library/Frameworks/CoreServices.framework/Versions/A/Frameworks/SearchKit.framework/Versions/A/SearchKit
0x00007fff53fc7000 	/System/Library/Frameworks/CoreServices.framework/Versions/A/Frameworks/AE.framework/Versions/A/AE
0x00007fff5436e000 	/System/Library/Frameworks/CoreServices.framework/Versions/A/Frameworks/LaunchServices.framework/Versions/A/LaunchServices
0x00007fff5431c000 	/System/Library/Frameworks/CoreServices.framework/Versions/A/Frameworks/DictionaryServices.framework/Versions/A/DictionaryServices
0x00007fff54672000 	/System/Library/Frameworks/CoreServices.framework/Versions/A/Frameworks/SharedFileList.framework/Versions/A/SharedFileList
0x00007fff589dc000 	/System/Library/Frameworks/NetFS.framework/Versions/A/NetFS
0x00007fff71b59000 	/System/Library/PrivateFrameworks/NetAuth.framework/Versions/A/NetAuth
0x00007fff7b50d000 	/System/Library/PrivateFrameworks/login.framework/Versions/A/Frameworks/loginsupport.framework/Versions/A/loginsupport
0x00007fff7962e000 	/System/Library/PrivateFrameworks/TCC.framework/Versions/A/TCC
0x00007fff66acf000 	/System/Library/PrivateFrameworks/CoreNLP.framework/Versions/A/CoreNLP
0x00007fff715ee000 	/System/Library/PrivateFrameworks/MetadataUtilities.framework/Versions/A/MetadataUtilities
0x00007fff7cd60000 	/usr/lib/libmecabra.dylib
0x00007fff5118f000 	/System/Library/Frameworks/ApplicationServices.framework/Versions/A/Frameworks/ATS.framework/Versions/A/ATS
0x00007fff514de000 	/System/Library/Frameworks/ApplicationServices.framework/Versions/A/Frameworks/ColorSyncLegacy.framework/Versions/A/ColorSyncLegacy
0x00007fff5157d000 	/System/Library/Frameworks/ApplicationServices.framework/Versions/A/Frameworks/HIServices.framework/Versions/A/HIServices
0x00007fff515d0000 	/System/Library/Frameworks/ApplicationServices.framework/Versions/A/Frameworks/LangAnalysis.framework/Versions/A/LangAnalysis
0x00007fff515e0000 	/System/Library/Frameworks/ApplicationServices.framework/Versions/A/Frameworks/PrintCore.framework/Versions/A/PrintCore
0x00007fff5162a000 	/System/Library/Frameworks/ApplicationServices.framework/Versions/A/Frameworks/QD.framework/Versions/A/QD
0x00007fff51664000 	/System/Library/Frameworks/ApplicationServices.framework/Versions/A/Frameworks/SpeechSynthesis.framework/Versions/A/SpeechSynthesis
0x00007fff7bfa7000 	/usr/lib/libcompression.dylib
0x00007fff57be4000 	/System/Library/Frameworks/MetalPerformanceShaders.framework/Versions/A/MetalPerformanceShaders
0x00007fff4f16b000 	/System/Library/Frameworks/Accelerate.framework/Versions/A/Frameworks/vImage.framework/Versions/A/vImage
0x00007fff501e5000 	/System/Library/Frameworks/Accelerate.framework/Versions/A/Frameworks/vecLib.framework/Versions/A/vecLib
0x00007fff50131000 	/System/Library/Frameworks/Accelerate.framework/Versions/A/Frameworks/vecLib.framework/Versions/A/libvMisc.dylib
0x00007fff4ff49000 	/System/Library/Frameworks/Accelerate.framework/Versions/A/Frameworks/vecLib.framework/Versions/A/libvDSP.dylib
0x00007fff4f805000 	/System/Library/Frameworks/Accelerate.framework/Versions/A/Frameworks/vecLib.framework/Versions/A/libBLAS.dylib
0x00007fff4faf2000 	/System/Library/Frameworks/Accelerate.framework/Versions/A/Frameworks/vecLib.framework/Versions/A/libLAPACK.dylib
0x00007fff4fe9c000 	/System/Library/Frameworks/Accelerate.framework/Versions/A/Frameworks/vecLib.framework/Versions/A/libLinearAlgebra.dylib
0x00007fff4ff35000 	/System/Library/Frameworks/Accelerate.framework/Versions/A/Frameworks/vecLib.framework/Versions/A/libSparseBLAS.dylib
0x00007fff4feb2000 	/System/Library/Frameworks/Accelerate.framework/Versions/A/Frameworks/vecLib.framework/Versions/A/libQuadrature.dylib
0x00007fff4fa7f000 	/System/Library/Frameworks/Accelerate.framework/Versions/A/Frameworks/vecLib.framework/Versions/A/libBNNS.dylib
0x00007fff4feb8000 	/System/Library/Frameworks/Accelerate.framework/Versions/A/Frameworks/vecLib.framework/Versions/A/libSparse.dylib
0x00007fff6de1d000 	/System/Library/PrivateFrameworks/GPUWrangler.framework/Versions/A/GPUWrangler
0x00007fff7011d000 	/System/Library/PrivateFrameworks/IOAccelerator.framework/Versions/A/IOAccelerator
0x00007fff70128000 	/System/Library/PrivateFrameworks/IOPresentment.framework/Versions/A/IOPresentment
0x00007fff678a7000 	/System/Library/PrivateFrameworks/DSExternalDisplay.framework/Versions/A/DSExternalDisplay
0x00007fff5be58000 	/System/Library/Frameworks/OpenGL.framework/Versions/A/Libraries/libCoreFSCache.dylib
0x00007fff579d8000 	/System/Library/Frameworks/MetalPerformanceShaders.framework/Frameworks/MPSCore.framework/Versions/A/MPSCore
0x00007fff579f8000 	/System/Library/Frameworks/MetalPerformanceShaders.framework/Frameworks/MPSImage.framework/Versions/A/MPSImage
0x00007fff57a9d000 	/System/Library/Frameworks/MetalPerformanceShaders.framework/Frameworks/MPSNeuralNetwork.framework/Versions/A/MPSNeuralNetwork
0x00007fff57a75000 	/System/Library/Frameworks/MetalPerformanceShaders.framework/Frameworks/MPSMatrix.framework/Versions/A/MPSMatrix
0x00007fff57bc9000 	/System/Library/Frameworks/MetalPerformanceShaders.framework/Frameworks/MPSRayIntersector.framework/Versions/A/MPSRayIntersector
0x00007fff71617000 	/System/Library/PrivateFrameworks/MetalTools.framework/Versions/A/MetalTools
0x00007fff6275f000 	/System/Library/PrivateFrameworks/AggregateDictionary.framework/Versions/A/AggregateDictionary
0x00007fff7bb88000 	/usr/lib/libMobileGestalt.dylib
0x00007fff54b01000 	/System/Library/Frameworks/CoreVideo.framework/Versions/A/CoreVideo
0x00007fff6ec2e000 	/System/Library/PrivateFrameworks/GraphVisualizer.framework/Versions/A/GraphVisualizer
0x00007fff68aad000 	/System/Library/PrivateFrameworks/FaceCore.framework/Versions/A/FaceCore
0x00007fff5b486000 	/System/Library/Frameworks/OpenCL.framework/Versions/A/OpenCL
0x00007fff7b8e0000 	/usr/lib/libFosl_dynamic.dylib
0x00007fff723c4000 	/System/Library/PrivateFrameworks/OTSVG.framework/Versions/A/OTSVG
0x00007fff51293000 	/System/Library/Frameworks/ApplicationServices.framework/Versions/A/Frameworks/ATS.framework/Versions/A/Resources/libFontParser.dylib
0x00007fff513ab000 	/System/Library/Frameworks/ApplicationServices.framework/Versions/A/Frameworks/ATS.framework/Versions/A/Resources/libFontRegistry.dylib
0x00007fff55a0d000 	/System/Library/Frameworks/ImageIO.framework/Versions/A/Resources/libJPEG.dylib
0x00007fff55d1f000 	/System/Library/Frameworks/ImageIO.framework/Versions/A/Resources/libTIFF.dylib
0x00007fff55cf5000 	/System/Library/Frameworks/ImageIO.framework/Versions/A/Resources/libPng.dylib
0x00007fff5592b000 	/System/Library/Frameworks/ImageIO.framework/Versions/A/Resources/libGIF.dylib
0x00007fff55930000 	/System/Library/Frameworks/ImageIO.framework/Versions/A/Resources/libJP2.dylib
0x00007fff55d1c000 	/System/Library/Frameworks/ImageIO.framework/Versions/A/Resources/libRadiance.dylib
0x00007fff6300c000 	/System/Library/PrivateFrameworks/AppleJPEG.framework/Versions/A/AppleJPEG
0x00007fff5be63000 	/System/Library/Frameworks/OpenGL.framework/Versions/A/Libraries/libGFXShared.dylib
0x00007fff5c026000 	/System/Library/Frameworks/OpenGL.framework/Versions/A/Libraries/libGLU.dylib
0x00007fff5be6c000 	/System/Library/Frameworks/OpenGL.framework/Versions/A/Libraries/libGL.dylib
0x00007fff5be78000 	/System/Library/Frameworks/OpenGL.framework/Versions/A/Libraries/libGLImage.dylib
0x00007fff5be55000 	/System/Library/Frameworks/OpenGL.framework/Versions/A/Libraries/libCVMSPluginSupport.dylib
0x00007fff5be5e000 	/System/Library/Frameworks/OpenGL.framework/Versions/A/Libraries/libCoreVMClient.dylib
0x00007fff7c6f8000 	/usr/lib/libcups.2.dylib
0x00007fff56edf000 	/System/Library/Frameworks/Kerberos.framework/Versions/A/Kerberos
0x00007fff5540f000 	/System/Library/Frameworks/GSS.framework/Versions/A/GSS
0x00007fff7de0b000 	/usr/lib/libresolv.9.dylib
0x00007fff7c8ea000 	/usr/lib/libiconv.2.dylib
0x00007fff6eda3000 	/System/Library/PrivateFrameworks/Heimdal.framework/Versions/A/Heimdal
0x00007fff7c8ba000 	/usr/lib/libheimdal-asn1.dylib
0x00007fff5b4fa000 	/System/Library/Frameworks/OpenDirectory.framework/Versions/A/OpenDirectory
0x00007fff65832000 	/System/Library/PrivateFrameworks/CommonAuth.framework/Versions/A/CommonAuth
0x00007fff5b4de000 	/System/Library/Frameworks/OpenDirectory.framework/Versions/A/Frameworks/CFOpenDirectory.framework/Versions/A/CFOpenDirectory
0x00007fff5e5a1000 	/System/Library/Frameworks/SecurityFoundation.framework/Versions/A/SecurityFoundation
0x00007fff61ca5000 	/System/Library/PrivateFrameworks/APFS.framework/Versions/A/APFS
0x00007fff7e26c000 	/usr/lib/libutil.dylib
0x00007fff7bf95000 	/usr/lib/libcharset.1.dylib
0x00007fff632a9000 	/System/Library/PrivateFrameworks/AppleSauce.framework/Versions/A/AppleSauce
0x00007fff6342a000 	/System/Library/PrivateFrameworks/AssertionServices.framework/Versions/A/AssertionServices
0x00007fff63b5a000 	/System/Library/PrivateFrameworks/BaseBoard.framework/Versions/A/BaseBoard
0x00007fff7ccbb000 	/usr/lib/libmecab.1.0.0.dylib
0x00007fff7c8b4000 	/usr/lib/libgermantok.dylib
0x00007fff7bd65000 	/usr/lib/libThaiTokenizer.dylib
0x00007fff7b810000 	/usr/lib/libChineseTokenizer.dylib
0x00007fff707d5000 	/System/Library/PrivateFrameworks/LanguageModeling.framework/Versions/A/LanguageModeling
0x00007fff66514000 	/System/Library/PrivateFrameworks/CoreEmoji.framework/Versions/A/CoreEmoji
0x00007fff708b1000 	/System/Library/PrivateFrameworks/Lexicon.framework/Versions/A/Lexicon
0x00007fff708f4000 	/System/Library/PrivateFrameworks/LinguisticData.framework/Versions/A/LinguisticData
0x00007fff7bf96000 	/usr/lib/libcmph.dylib
0x00007fff5e65f000 	/System/Library/Frameworks/ServiceManagement.framework/Versions/A/ServiceManagement
0x00007fff63abb000 	/System/Library/PrivateFrameworks/BackgroundTaskManagement.framework/Versions/A/BackgroundTaskManagement
0x00007fff7e365000 	/usr/lib/libxslt.1.dylib
0x00007fff52300000 	/System/Library/Frameworks/Carbon.framework/Versions/A/Frameworks/Ink.framework/Versions/A/Ink
0x00007fff798a0000 	/System/Library/PrivateFrameworks/TextureIO.framework/Versions/A/TextureIO
0x00007fff7bdb9000 	/usr/lib/libate.dylib
0x00007fff677f6000 	/System/Library/PrivateFrameworks/CrashReporterSupport.framework/Versions/A/CrashReporterSupport
0x00007fff76fda000 	/System/Library/PrivateFrameworks/Sharing.framework/Versions/A/Sharing
0x00007fff6380d000 	/System/Library/PrivateFrameworks/AuthKit.framework/Versions/A/AuthKit
0x00007fff62d61000 	/System/Library/PrivateFrameworks/Apple80211.framework/Versions/A/Apple80211
0x00007fff6759e000 	/System/Library/PrivateFrameworks/CoreUtils.framework/Versions/A/CoreUtils
0x00007fff54b42000 	/System/Library/Frameworks/CoreWLAN.framework/Versions/A/CoreWLAN
0x00007fff5553e000 	/System/Library/Frameworks/IOBluetooth.framework/Versions/A/IOBluetooth
0x00007fff7544e000 	/System/Library/PrivateFrameworks/ProtocolBuffer.framework/Versions/A/ProtocolBuffer
0x00007fff7184f000 	/System/Library/PrivateFrameworks/MobileKeyBag.framework/Versions/A/MobileKeyBag
0x00007fff66de2000 	/System/Library/PrivateFrameworks/CorePhoneNumbers.framework/Versions/A/CorePhoneNumbers
0x00007fff62fc0000 	/System/Library/PrivateFrameworks/AppleIDAuthSupport.framework/Versions/A/AppleIDAuthSupport
0x00007fff707a8000 	/System/Library/PrivateFrameworks/KeychainCircle.framework/Versions/A/KeychainCircle
0x00007fff75604000 	/System/Library/PrivateFrameworks/ROCKit.framework/Versions/A/ROCKit
0x00007fff67792000 	/System/Library/PrivateFrameworks/CoreWiFi.framework/Versions/A/CoreWiFi
0x00007fff528ce000 	/System/Library/Frameworks/CoreBluetooth.framework/Versions/A/CoreBluetooth
0x00007fff679ed000 	/System/Library/PrivateFrameworks/DebugSymbols.framework/Versions/A/DebugSymbols
0x00007fff6735e000 	/System/Library/PrivateFrameworks/CoreSymbolication.framework/Versions/A/CoreSymbolication
0x00007fff790bb000 	/System/Library/PrivateFrameworks/Symbolication.framework/Versions/A/Symbolication
0x00007fff7895e000 	/System/Library/PrivateFrameworks/SpeechRecognitionCore.framework/Versions/A/SpeechRecognitionCore
0x0000000108c00000 	/Library/Internet Plug-Ins/JavaAppletPlugin.plugin/Contents/Home/lib/server/libjvm.dylib
0x00007fff7e147000 	/usr/lib/libstdc++.6.dylib
0x0000000108203000 	/Library/Internet Plug-Ins/JavaAppletPlugin.plugin/Contents/Home/lib/libverify.dylib
0x0000000108211000 	/Library/Internet Plug-Ins/JavaAppletPlugin.plugin/Contents/Home/lib/libjava.dylib
0x0000000108291000 	/Library/Internet Plug-Ins/JavaAppletPlugin.plugin/Contents/Home/lib/libzip.dylib
0x000000011042c000 	/Library/Internet Plug-Ins/JavaAppletPlugin.plugin/Contents/Home/lib/libosx.dylib
0x0000000110719000 	/Library/Internet Plug-Ins/JavaAppletPlugin.plugin/Contents/Home/lib/./libosxapp.dylib
0x00007fff56ec8000 	/System/Library/Frameworks/JavaVM.framework/Versions/A/Frameworks/JavaNativeFoundation.framework/Versions/A/JavaNativeFoundation
0x00007fff56ed1000 	/System/Library/Frameworks/JavaVM.framework/Versions/A/Frameworks/JavaRuntimeSupport.framework/Versions/A/JavaRuntimeSupport
0x00007fff51ff9000 	/System/Library/Frameworks/Carbon.framework/Versions/A/Carbon
0x00007fff54fcc000 	/System/Library/Frameworks/ExceptionHandling.framework/Versions/A/ExceptionHandling
0x00007fff51ffa000 	/System/Library/Frameworks/Carbon.framework/Versions/A/Frameworks/CommonPanels.framework/Versions/A/CommonPanels
0x00007fff522f6000 	/System/Library/Frameworks/Carbon.framework/Versions/A/Frameworks/Help.framework/Versions/A/Help
0x00007fff522fa000 	/System/Library/Frameworks/Carbon.framework/Versions/A/Frameworks/ImageCapture.framework/Versions/A/ImageCapture
0x00007fff52396000 	/System/Library/Frameworks/Carbon.framework/Versions/A/Frameworks/OpenScripting.framework/Versions/A/OpenScripting
0x00007fff523ce000 	/System/Library/Frameworks/Carbon.framework/Versions/A/Frameworks/Print.framework/Versions/A/Print
0x00007fff523d0000 	/System/Library/Frameworks/Carbon.framework/Versions/A/Frameworks/SecurityHI.framework/Versions/A/SecurityHI
0x00007fff56eda000 	/System/Library/Frameworks/JavaVM.framework/Versions/A/JavaVM
0x00007fff706c7000 	/System/Library/PrivateFrameworks/JavaLaunching.framework/Versions/A/JavaLaunching
0x000000011080a000 	/Library/Internet Plug-Ins/JavaAppletPlugin.plugin/Contents/Home/lib/libawt.dylib
0x00000001108b3000 	/Library/Internet Plug-Ins/JavaAppletPlugin.plugin/Contents/Home/lib/./libmlib_image.dylib
0x000000011097f000 	/Library/Internet Plug-Ins/JavaAppletPlugin.plugin/Contents/Home/lib/libawt_lwawt.dylib
0x00007fff66f66000 	/System/Library/PrivateFrameworks/CoreServicesInternal.framework/Versions/A/CoreServicesInternal
0x00007fff474d1000 	/System/Library/CoreServices/RawCamera.bundle/Contents/MacOS/RawCamera
0x00007fff716bb000 	/System/Library/PrivateFrameworks/MobileAsset.framework/Versions/A/MobileAsset
0x00007fff79009000 	/System/Library/PrivateFrameworks/StreamingZip.framework/Versions/A/StreamingZip
0x00007fff5726c000 	/System/Library/Frameworks/MediaToolbox.framework/Versions/A/MediaToolbox
0x00007fff660b8000 	/System/Library/PrivateFrameworks/CoreAVCHD.framework/Versions/A/CoreAVCHD
0x00007fff571b2000 	/System/Library/Frameworks/MediaAccessibility.framework/Versions/A/MediaAccessibility
0x00007fff71117000 	/System/Library/PrivateFrameworks/Mangrove.framework/Versions/A/Mangrove
0x00007fff53e65000 	/System/Library/Frameworks/CoreMedia.framework/Versions/A/CoreMedia
0x00007fff5ecc8000 	/System/Library/Frameworks/VideoToolbox.framework/Versions/A/VideoToolbox
0x00007fff65cd4000 	/System/Library/PrivateFrameworks/CoreAUC.framework/Versions/A/CoreAUC
0x00007fff7de74000 	/usr/lib/libspindump.dylib
0x00007fff6338f000 	/System/Library/PrivateFrameworks/AppleVA.framework/Versions/A/AppleVA
0x00007fff4f154000 	/System/Library/Frameworks/Accelerate.framework/Versions/A/Frameworks/vImage.framework/Versions/A/Libraries/libCGInterfaces.dylib
0x00007fff51447000 	/System/Library/Frameworks/ApplicationServices.framework/Versions/A/Frameworks/ATS.framework/Versions/A/Resources/libTrueTypeScaler.dylib
0x00007fff4a805000 	/System/Library/Extensions/AppleIntelBDWGraphicsMTLDriver.bundle/Contents/MacOS/AppleIntelBDWGraphicsMTLDriver
0x00007fff6c77c000 	/System/Library/PrivateFrameworks/GPUCompiler.framework/Versions/3902/Libraries/libmetal_timestamp.dylib
0x00007fff68ed2000 	/System/Library/PrivateFrameworks/FamilyControls.framework/Versions/A/FamilyControls
0x00007fff65825000 	/System/Library/PrivateFrameworks/CommerceKit.framework/Versions/A/Frameworks/CommerceCore.framework/Versions/A/CommerceCore
0x00007fff7938e000 	/System/Library/PrivateFrameworks/SystemAdministration.framework/Versions/A/SystemAdministration
0x00007fff62c62000 	/System/Library/PrivateFrameworks/AppContainer.framework/Versions/A/AppContainer
0x00007fff62c7e000 	/System/Library/PrivateFrameworks/AppSandbox.framework/Versions/A/AppSandbox
0x00007fff76e7b000 	/System/Library/PrivateFrameworks/SecCodeWrapper.framework/Versions/A/SecCodeWrapper
0x00007fff7de25000 	/usr/lib/libsandbox.1.dylib
0x00007fff7bb57000 	/usr/lib/libMatch.1.dylib
0x00007fff67d72000 	/System/Library/PrivateFrameworks/DiskManagement.framework/Versions/A/DiskManagement
0x00007fff54d48000 	/System/Library/Frameworks/DirectoryService.framework/Versions/A/DirectoryService
0x00007fff67ca3000 	/System/Library/PrivateFrameworks/DiskImages.framework/Versions/A/DiskImages
0x00007fff709ed000 	/System/Library/PrivateFrameworks/LoginUIKit.framework/Versions/A/Frameworks/LoginUICore.framework/Versions/A/LoginUICore
0x00007fff7b81b000 	/usr/lib/libCoreStorage.dylib
0x00007fff7c6e5000 	/usr/lib/libcsfde.dylib
0x00007fff7dca5000 	/usr/lib/libodfde.dylib
0x00007fff7122f000 	/System/Library/PrivateFrameworks/MediaKit.framework/Versions/A/MediaKit
0x00007fff54d54000 	/System/Library/Frameworks/DiscRecording.framework/Versions/A/DiscRecording
0x00007fff67ee6000 	/System/Library/PrivateFrameworks/EFILogin.framework/Versions/A/EFILogin
0x00007fff753f9000 	/System/Library/PrivateFrameworks/ProtectedCloudStorage.framework/Versions/A/ProtectedCloudStorage
0x00007fff7c777000 	/usr/lib/libcurl.4.dylib
0x00007fff7c5e4000 	/usr/lib/libcrypto.42.dylib
0x00007fff7e117000 	/usr/lib/libssl.44.dylib
0x00007fff56ef9000 	/System/Library/Frameworks/LDAP.framework/Versions/A/LDAP
0x00007fff79a1e000 	/System/Library/PrivateFrameworks/TrustEvaluationAgent.framework/Versions/A/TrustEvaluationAgent
0x00007fff7de61000 	/usr/lib/libsasl2.2.dylib
0x00007fff66311000 	/System/Library/PrivateFrameworks/CoreDaemon.framework/Versions/B/CoreDaemon
0x00007fff632a4000 	/System/Library/PrivateFrameworks/AppleSRP.framework/Versions/A/AppleSRP
0x00007fff7a858000 	/System/Library/PrivateFrameworks/ViewBridge.framework/Versions/A/ViewBridge
0x00007fff5ca11000 	/System/Library/Frameworks/OpenGL.framework/Versions/A/Resources/GLEngine.bundle/GLEngine
0x00007fff5beb3000 	/System/Library/Frameworks/OpenGL.framework/Versions/A/Libraries/libGLProgrammability.dylib
0x00007fff4a300000 	/System/Library/Extensions/AppleIntelBDWGraphicsGLDriver.bundle/Contents/MacOS/AppleIntelBDWGraphicsGLDriver
0x00007fff6de11000 	/System/Library/PrivateFrameworks/GPUSupport.framework/Versions/A/Libraries/libGPUSupportMercury.dylib
0x00007fff5cba9000 	/System/Library/Frameworks/OpenGL.framework/Versions/A/Resources/GLRendererFloat.bundle/GLRendererFloat
0x00007fff5b47d000 	/System/Library/Frameworks/OpenCL.framework/Versions/A/Libraries/libcldcpuengine.dylib
0x00007fff7c3ea000 	/usr/lib/libcrypto.35.dylib
0x000000012407f000 	/Library/Internet Plug-Ins/JavaAppletPlugin.plugin/Contents/Home/lib/libfontmanager.dylib
0x000000011131c000 	/Library/Internet Plug-Ins/JavaAppletPlugin.plugin/Contents/Home/lib/libosxui.dylib
0x0000000124b05000 	/Library/Internet Plug-Ins/JavaAppletPlugin.plugin/Contents/Home/lib/libjpeg.dylib
0x0000000124fea000 	/Library/Internet Plug-Ins/JavaAppletPlugin.plugin/Contents/Home/lib/libnet.dylib
0x0000000124df8000 	/Library/Internet Plug-Ins/JavaAppletPlugin.plugin/Contents/Home/lib/libnio.dylib
0x0000000190e7f000 	/usr/lib/libobjc-trampolines.dylib
0x00007fff64b8e000 	/System/Library/PrivateFrameworks/CloudDocs.framework/Versions/A/CloudDocs
0x00007fff68ef9000 	/System/Library/PrivateFrameworks/FileProvider.framework/Versions/A/FileProvider
0x00007fff78a1c000 	/System/Library/PrivateFrameworks/SpotlightIndex.framework/Versions/A/SpotlightIndex
0x00007fff79147000 	/System/Library/PrivateFrameworks/SymptomDiagnosticReporter.framework/Versions/A/SymptomDiagnosticReporter
0x00007fff6e1b0000 	/System/Library/PrivateFrameworks/GenerationalStorage.framework/Versions/A/GenerationalStorage
0x00007fff64a25000 	/System/Library/PrivateFrameworks/ChunkingLibrary.framework/Versions/A/ChunkingLibrary
0x00007fff74fed000 	/System/Library/PrivateFrameworks/PowerLog.framework/Versions/A/PowerLog
0x00007fff66106000 	/System/Library/PrivateFrameworks/CoreAnalytics.framework/Versions/A/CoreAnalytics
0x00000001927f2000 	/Library/Internet Plug-Ins/JavaAppletPlugin.plugin/Contents/Home/lib/libdcpr.dylib
0x00007fff7b510000 	/System/Library/PrivateFrameworks/login.framework/Versions/A/login

VM Arguments:
java_command: /Users/Minh/Uni/KTMT/Shared_with_students/Mars/Mars4_5.jar
java_class_path (initial): /Users/Minh/Uni/KTMT/Shared_with_students/Mars/Mars4_5.jar
Launcher Type: SUN_STANDARD

Environment Variables:
PATH=/usr/bin:/bin:/usr/sbin:/sbin
SHELL=/bin/bash

Signal Handlers:
SIGSEGV: [libjvm.dylib+0x5bc2ff], sa_mask[0]=11111111011111110111111111111111, sa_flags=SA_ONSTACK|SA_RESTART|SA_SIGINFO
SIGBUS: [libjvm.dylib+0x5bc2ff], sa_mask[0]=11111111011111110111111111111111, sa_flags=SA_RESTART|SA_SIGINFO
SIGFPE: [libjvm.dylib+0x48d41c], sa_mask[0]=11111111011111110111111111111111, sa_flags=SA_RESTART|SA_SIGINFO
SIGPIPE: [libjvm.dylib+0x48d41c], sa_mask[0]=11111111011111110111111111111111, sa_flags=SA_RESTART|SA_SIGINFO
SIGXFSZ: [libjvm.dylib+0x48d41c], sa_mask[0]=11111111011111110111111111111111, sa_flags=SA_RESTART|SA_SIGINFO
SIGILL: [libjvm.dylib+0x48d41c], sa_mask[0]=11111111011111110111111111111111, sa_flags=SA_RESTART|SA_SIGINFO
SIGUSR1: SIG_DFL, sa_mask[0]=00000000000000000000000000000000, sa_flags=none
SIGUSR2: [libjvm.dylib+0x48cf3a], sa_mask[0]=00000000000000000000000000000000, sa_flags=SA_RESTART|SA_SIGINFO
SIGHUP: [libjvm.dylib+0x48b4c5], sa_mask[0]=11111111011111110111111111111111, sa_flags=SA_RESTART|SA_SIGINFO
SIGINT: [libjvm.dylib+0x48b4c5], sa_mask[0]=11111111011111110111111111111111, sa_flags=SA_RESTART|SA_SIGINFO
SIGTERM: [libjvm.dylib+0x48b4c5], sa_mask[0]=11111111011111110111111111111111, sa_flags=SA_RESTART|SA_SIGINFO
SIGQUIT: [libjvm.dylib+0x48b4c5], sa_mask[0]=11111111011111110111111111111111, sa_flags=SA_RESTART|SA_SIGINFO


---------------  S Y S T E M  ---------------

OS:Bsduname:Darwin 18.7.0 Darwin Kernel Version 18.7.0: Tue Aug 20 16:57:14 PDT 2019; root:xnu-4903.271.2~2/RELEASE_X86_64 x86_64
rlimit: STACK 8192k, CORE 0k, NPROC 709, NOFILE 10240, AS infinity
load average:2.43 2.49 2.18

CPU:total 4 (initial active 4) (2 cores per cpu, 2 threads per core) family 6 model 61 stepping 4, cmov, cx8, fxsr, mmx, sse, sse2, sse3, ssse3, sse4.1, sse4.2, popcnt, avx, avx2, aes, clmul, erms, 3dnowpref, lzcnt, ht, tsc, tscinvbit, bmi1, bmi2, adx

Memory: 4k page, physical 8388608k(476572k free)

/proc/meminfo:


vm_info: Java HotSpot(TM) 64-Bit Server VM (25.251-b08) for bsd-amd64 JRE (1.8.0_251-b08), built on Mar 12 2020 02:36:37 by "java_re" with gcc 4.2.1 (Based on Apple Inc. build 5658) (LLVM build 2336.11.00)

time: Mon May 11 16:45:03 2020
timezone: +07
elapsed time: 9190 seconds (0d 2h 33m 10s)

