#
# A fatal error has been detected by the Java Runtime Environment:
#
#  SIGSEGV (0xb) at pc=0x00007fff764fc69d, pid=1429, tid=0x0000000000000307
#
# JRE version: Java(TM) SE Runtime Environment (8.0_251-b08) (build 1.8.0_251-b08)
# Java VM: Java HotSpot(TM) 64-Bit Server VM (25.251-b08 mixed mode bsd-amd64 compressed oops)
# Problematic frame:
# C  [libobjc.A.dylib+0x669d]  objc_msgSend+0x1d
#
# Failed to write core dump. Core dumps have been disabled. To enable core dumping, try "ulimit -c unlimited" before starting Java again
#
# If you would like to submit a bug report, please visit:
#   http://bugreport.java.com/bugreport/crash.jsp
# The crash happened outside the Java Virtual Machine in native code.
# See problematic frame for where to report the bug.
#

---------------  T H R E A D  ---------------

Current thread (0x00007ffb21a70000):  JavaThread "AppKit Thread" daemon [_thread_in_native, id=775, stack(0x00007ffee55e1000,0x00007ffee5de1000)]

siginfo: si_signo: 11 (SIGSEGV), si_code: 1 (SEGV_MAPERR), si_addr: 0x00007fff00000028

Registers:
RAX=0x00007ffb248cbcb0, RBX=0x00007ffee5ddc4b0, RCX=0x00007ffb248da6e0, RDX=0x00007ffb248cbcb0
RSP=0x00007ffee5ddc478, RBP=0x00007ffee5ddc480, RSI=0x00007fff622eb839, RDI=0x00007ffb248da6e0
R8 =0x00000000000001ff, R9 =0x00007ffb248c7710, R10=0x00007fff00000010, R11=0x00007fff622eb839
R12=0x0000000000000000, R13=0x00007ffb248cbcb0, R14=0x00007ffb2488fd60, R15=0x0000000000000000
RIP=0x00007fff764fc69d, EFLAGS=0x0000000000010202, ERR=0x0000000000000004
  TRAPNO=0x000000000000000e

Top of Stack: (sp=0x00007ffee5ddc478)
0x00007ffee5ddc478:   00007fff4bde52f6 00007ffee5ddc4a0
0x00007ffee5ddc488:   00007fff4bde5270 00007ffb248c7710
0x00007ffee5ddc498:   0000000000000000 00007ffee5ddc510
0x00007ffee5ddc4a8:   00007fff4bde51da 00007fffae562070
0x00007ffee5ddc4b8:   00000000c2000000 00007fff4bde5231
0x00007ffee5ddc4c8:   00007fffa6f2f370 00007ffb248c7710
0x00007ffee5ddc4d8:   00007ffb248cbcb0 0000000000000000
0x00007ffee5ddc4e8:   00007ffee5ddc527 00007ffb248c7710
0x00007ffee5ddc4f8:   00007ffee5ddc5d0 00007ffee5ddcd50
0x00007ffee5ddc508:   0000000000000000 00007ffee5ddc550
0x00007ffee5ddc518:   00007fff4bded688 00007ffb21bcc000
0x00007ffee5ddc528:   000000000000003a 00007fff764fc680
0x00007ffee5ddc538:   00007ffee5ddc5d0 00007ffee5ddcd50
0x00007ffee5ddc548:   00007fff49efba3e 00007ffee5ddcc70
0x00007ffee5ddc558:   00007fff4bd56014 0000000000000000
0x00007ffee5ddc568:   0000000000000000 00007ffee5ddcac0
0x00007ffee5ddc578:   00007ffb248483a0 00007ffb2140f260
0x00007ffee5ddc588:   00007fffa6f27c01 0000000000000000
0x00007ffee5ddc598:   00007fffa6f27c20 00007fffa6f6afb8
0x00007ffee5ddc5a8:   00007fff4bd4f900 00007fffa6f2f030
0x00007ffee5ddc5b8:   0000000000000000 0000000000000000
0x00007ffee5ddc5c8:   0000000000000000 00007ffb21bcc000
0x00007ffee5ddc5d8:   00000000000000b2 0000000000000600
0x00007ffee5ddc5e8:   00007ffee5ddc601 00007ffee5ddca20
0x00007ffee5ddc5f8:   0000000000000000 0000000000000100
0x00007ffee5ddc608:   00007ffee5ddc600 0000000000000000
0x00007ffee5ddc618:   00007ffb218030b8 00007ffb2150e390
0x00007ffee5ddc628:   00007fffad8cd2d0 00007ffee5ddc670
0x00007ffee5ddc638:   0000000000000002 00007ffee5ddc6d0
0x00007ffee5ddc648:   00007fff77e86282 00007ffb2144a260
0x00007ffee5ddc658:   0000000000000003 00007ffee5ddc6f0
0x00007ffee5ddc668:   00007fff77e86282 00007ffee5ddc910 

Instructions: (pc=0x00007fff764fc69d)
0x00007fff764fc67d:   0f 1f 00 48 85 ff 2e 74 62 40 f6 c7 01 2e 75 66
0x00007fff764fc68d:   49 ba f8 ff ff ff ff 7f 00 00 4c 23 17 49 89 f3
0x00007fff764fc69d:   45 23 5a 18 49 c1 e3 04 4d 03 5a 10 49 3b 33 75
0x00007fff764fc6ad:   04 41 ff 63 08 49 83 3b 01 76 0d 49 83 c3 10 49 

Register to memory mapping:

RAX=0x00007ffb248cbcb0 is an unknown value
RBX=0x00007ffee5ddc4b0 is pointing into the stack for thread: 0x00007ffb21a70000
RCX=0x00007ffb248da6e0 is an unknown value
RDX=0x00007ffb248cbcb0 is an unknown value
RSP=0x00007ffee5ddc478 is pointing into the stack for thread: 0x00007ffb21a70000
RBP=0x00007ffee5ddc480 is pointing into the stack for thread: 0x00007ffb21a70000
RSI=0x00007fff622eb839 is an unknown value
RDI=0x00007ffb248da6e0 is an unknown value
R8 =0x00000000000001ff is an unknown value
R9 =0x00007ffb248c7710 is an unknown value
R10=0x00007fff00000010 is an unknown value
R11=0x00007fff622eb839 is an unknown value
R12=0x0000000000000000 is an unknown value
R13=0x00007ffb248cbcb0 is an unknown value
R14=0x00007ffb2488fd60 is an unknown value
R15=0x0000000000000000 is an unknown value


Stack: [0x00007ffee55e1000,0x00007ffee5de1000],  sp=0x00007ffee5ddc478,  free space=8173k
Native frames: (J=compiled Java code, j=interpreted, Vv=VM code, C=native code)
C  [libobjc.A.dylib+0x669d]  objc_msgSend+0x1d
C  [CoreFoundation+0x9e270]  ___CFXRegistrationPost_block_invoke+0x3f
C  [CoreFoundation+0x9e1da]  _CFXRegistrationPost+0x194
C  [CoreFoundation+0xa6688]  ___CFXNotificationPost_block_invoke+0x57
C  [CoreFoundation+0xf014]  -[_CFXNotificationRegistrar find:object:observer:enumerator:]+0x66a
C  [CoreFoundation+0xe3c7]  _CFXNotificationPost+0x2dc
C  [Foundation+0x11aab]  -[NSNotificationCenter postNotificationName:object:userInfo:]+0x42
C  [CoreFoundation+0x9e2f6]  __CFNOTIFICATIONCENTER_IS_CALLING_OUT_TO_AN_OBSERVER__+0xc
C  [CoreFoundation+0x9e270]  ___CFXRegistrationPost_block_invoke+0x3f
C  [CoreFoundation+0x77ec4]  __CFRUNLOOP_IS_CALLING_OUT_TO_A_BLOCK__+0xc
C  [CoreFoundation+0x3b5e7]  __CFRunLoopDoBlocks+0x18a
C  [CoreFoundation+0x3ad06]  __CFRunLoopRun+0x496
C  [CoreFoundation+0x3a61e]  CFRunLoopRunSpecific+0x1c7
C  [HIToolbox+0xb1ab]  RunCurrentEventLoopInMode+0x124
C  [HIToolbox+0xaded]  ReceiveNextEventCommon+0x163
C  [HIToolbox+0xac76]  _BlockUntilNextEventMatchingListInModeWithFilter+0x40
C  [AppKit+0x1a77d]  _DPSNextEvent+0x46f
C  [AppKit+0x1946b]  -[NSApplication(NSEvent) _nextEventMatchingEventMask:untilDate:inMode:dequeue:]+0x551
C  [libosxapp.dylib+0x2328]  -[NSApplicationAWT nextEventMatchingMask:untilDate:inMode:dequeue:]+0x7c
C  [AppKit+0x13588]  -[NSApplication run]+0x2bb
C  [libosxapp.dylib+0x1f72]  +[NSApplicationAWT runAWTLoopWithApp:]+0x9c
C  [libawt_lwawt.dylib+0x4803b]  -[AWTStarter starter:]+0x389
C  [Foundation+0xb0302]  __NSThreadPerformPerform+0x148
C  [CoreFoundation+0x57de3]  __CFRUNLOOP_IS_CALLING_OUT_TO_A_SOURCE0_PERFORM_FUNCTION__+0x11
C  [CoreFoundation+0x57d89]  __CFRunLoopDoSource0+0x6c
C  [CoreFoundation+0x3b74b]  __CFRunLoopDoSources0+0xc3
C  [CoreFoundation+0x3ad15]  __CFRunLoopRun+0x4a5
C  [CoreFoundation+0x3a61e]  CFRunLoopRunSpecific+0x1c7
C  [java+0x646e]  CreateExecutionEnvironment+0x367
C  [java+0x203c]  JLI_Launch+0x7a0
C  [java+0x84cb]  main+0x65
C  [java+0x1894]  start+0x34
C  0x0000000000000003


---------------  P R O C E S S  ---------------

Java Threads: ( => current thread )
  0x00007ffb21cd0800 JavaThread "TimerQueue" daemon [_thread_blocked, id=70295, stack(0x000070000e8e4000,0x000070000e9e4000)]
  0x00007ffb23220000 JavaThread "DestroyJavaVM" [_thread_blocked, id=9731, stack(0x000070000d219000,0x000070000d319000)]
  0x00007ffb21c3c000 JavaThread "AWT-EventQueue-0" [_thread_in_native, id=55047, stack(0x000070000e6de000,0x000070000e7de000)]
  0x00007ffb21b87000 JavaThread "AWT-Shutdown" [_thread_blocked, id=26123, stack(0x000070000e146000,0x000070000e246000)]
  0x00007ffb22b19800 JavaThread "Java2D Disposer" daemon [_thread_blocked, id=50699, stack(0x000070000e558000,0x000070000e658000)]
  0x00007ffb21ae7800 JavaThread "Java2D Queue Flusher" daemon [_thread_blocked, id=79879, stack(0x000070000e455000,0x000070000e555000)]
=>0x00007ffb21a70000 JavaThread "AppKit Thread" daemon [_thread_in_native, id=775, stack(0x00007ffee55e1000,0x00007ffee5de1000)]
  0x00007ffb220f9800 JavaThread "Timer-0" daemon [_thread_blocked, id=17411, stack(0x000070000e043000,0x000070000e143000)]
  0x00007ffb21890800 JavaThread "Service Thread" daemon [_thread_blocked, id=14083, stack(0x000070000de3d000,0x000070000df3d000)]
  0x00007ffb2185d800 JavaThread "C1 CompilerThread2" daemon [_thread_blocked, id=13827, stack(0x000070000dd3a000,0x000070000de3a000)]
  0x00007ffb2184d000 JavaThread "C2 CompilerThread1" daemon [_thread_blocked, id=18179, stack(0x000070000dc37000,0x000070000dd37000)]
  0x00007ffb2185b800 JavaThread "C2 CompilerThread0" daemon [_thread_blocked, id=18435, stack(0x000070000db34000,0x000070000dc34000)]
  0x00007ffb2184c000 JavaThread "Signal Dispatcher" daemon [_thread_blocked, id=13315, stack(0x000070000da31000,0x000070000db31000)]
  0x00007ffb21836000 JavaThread "Finalizer" daemon [_thread_blocked, id=20483, stack(0x000070000d92e000,0x000070000da2e000)]
  0x00007ffb2281a000 JavaThread "Reference Handler" daemon [_thread_blocked, id=20739, stack(0x000070000d82b000,0x000070000d92b000)]

Other Threads:
  0x00007ffb21831800 VMThread [stack: 0x000070000d728000,0x000070000d828000] [id=11779]
  0x00007ffb22824000 WatcherThread [stack: 0x000070000df40000,0x000070000e040000] [id=14595]

VM state:not at safepoint (normal execution)

VM Mutex/Monitor currently owned by a thread: None

heap address: 0x0000000740000000, size: 2048 MB, Compressed Oops mode: Zero based, Oop shift amount: 3
Narrow klass base: 0x0000000000000000, Narrow klass shift: 3
Compressed class space size: 1073741824 Address: 0x00000007c0000000

Heap:
 PSYoungGen      total 39936K, used 27678K [0x0000000795580000, 0x0000000798a80000, 0x00000007c0000000)
  eden space 26624K, 65% used [0x0000000795580000,0x000000079668e368,0x0000000796f80000)
  from space 13312K, 76% used [0x0000000797000000,0x00000007979f9598,0x0000000797d00000)
  to   space 13824K, 0% used [0x0000000797d00000,0x0000000797d00000,0x0000000798a80000)
 ParOldGen       total 52224K, used 11870K [0x0000000740000000, 0x0000000743300000, 0x0000000795580000)
  object space 52224K, 22% used [0x0000000740000000,0x0000000740b97928,0x0000000743300000)
 Metaspace       used 23559K, capacity 24004K, committed 24192K, reserved 1071104K
  class space    used 3271K, capacity 3407K, committed 3456K, reserved 1048576K

Card table byte_map: [0x000000010bb7e000,0x000000010bf7f000] byte_map_base: 0x000000010817e000

Marking Bits: (ParMarkBitMap*) 0x000000010b100f60
 Begin Bits: [0x000000010c22a000, 0x000000010e22a000)
 End Bits:   [0x000000010e22a000, 0x000000011022a000)

Polling page: 0x0000000109ecb000

CodeCache: size=245760Kb used=17244Kb max_used=17276Kb free=228515Kb
 bounds [0x000000011315e000, 0x000000011427e000, 0x000000012215e000]
 total_blobs=5554 nmethods=4914 adapters=548
 compilation: enabled

Compilation events (10 events):
Event: 1440.771 Thread 0x00007ffb2185b800 nmethod 6090 0x0000000113d1f4d0 code [0x0000000113d1fb60, 0x0000000113d22da0]
Event: 1440.772 Thread 0x00007ffb2185b800 6092       4       javax.swing.text.html.CSS$FontSize::getValue (164 bytes)
Event: 1440.781 Thread 0x00007ffb2185b800 nmethod 6092 0x000000011423b390 code [0x000000011423b540, 0x000000011423be08]
Event: 1440.790 Thread 0x00007ffb2184d000 nmethod 6094 0x0000000113d1b3d0 code [0x0000000113d1b700, 0x0000000113d1cbd8]
Event: 1469.313 Thread 0x00007ffb2185b800 6097       4       sun.java2d.SunGraphics2D::drawImage (15 bytes)
Event: 1469.317 Thread 0x00007ffb2184d000 6098       4       com.apple.laf.AquaUtils$RecyclableSingleton::get (11 bytes)
Event: 1469.322 Thread 0x00007ffb2184d000 nmethod 6098 0x0000000113d6ac50 code [0x0000000113d6ae00, 0x0000000113d6b168]
Event: 1469.336 Thread 0x00007ffb2184d000 6099       4       java.util.LinkedHashMap$LinkedEntrySet::iterator (12 bytes)
Event: 1469.338 Thread 0x00007ffb2184d000 nmethod 6099 0x0000000113e6e550 code [0x0000000113e6e6a0, 0x0000000113e6e7b8]
Event: 1469.491 Thread 0x00007ffb2185b800 nmethod 6097 0x000000011426af90 code [0x000000011426b600, 0x0000000114270980]

GC Heap History (10 events):
Event: 1230.917 GC heap before
{Heap before GC invocations=20 (full 5):
 PSYoungGen      total 40448K, used 34085K [0x0000000795580000, 0x0000000798c00000, 0x00000007c0000000)
  eden space 29184K, 100% used [0x0000000795580000,0x0000000797200000,0x0000000797200000)
  from space 11264K, 43% used [0x0000000798100000,0x00000007985c95e0,0x0000000798c00000)
  to   space 13312K, 0% used [0x0000000797200000,0x0000000797200000,0x0000000797f00000)
 ParOldGen       total 52224K, used 11846K [0x0000000740000000, 0x0000000743300000, 0x0000000795580000)
  object space 52224K, 22% used [0x0000000740000000,0x0000000740b91928,0x0000000743300000)
 Metaspace       used 23313K, capacity 23810K, committed 23936K, reserved 1069056K
  class space    used 3268K, capacity 3406K, committed 3456K, reserved 1048576K
Event: 1230.921 GC heap after
Heap after GC invocations=20 (full 5):
 PSYoungGen      total 35328K, used 6156K [0x0000000795580000, 0x0000000798a80000, 0x00000007c0000000)
  eden space 28672K, 0% used [0x0000000795580000,0x0000000795580000,0x0000000797180000)
  from space 6656K, 92% used [0x0000000797200000,0x0000000797803148,0x0000000797880000)
  to   space 12800K, 0% used [0x0000000797e00000,0x0000000797e00000,0x0000000798a80000)
 ParOldGen       total 52224K, used 11846K [0x0000000740000000, 0x0000000743300000, 0x0000000795580000)
  object space 52224K, 22% used [0x0000000740000000,0x0000000740b91928,0x0000000743300000)
 Metaspace       used 23313K, capacity 23810K, committed 23936K, reserved 1069056K
  class space    used 3268K, capacity 3406K, committed 3456K, reserved 1048576K
}
Event: 1231.515 GC heap before
{Heap before GC invocations=21 (full 5):
 PSYoungGen      total 35328K, used 34364K [0x0000000795580000, 0x0000000798a80000, 0x00000007c0000000)
  eden space 28672K, 98% used [0x0000000795580000,0x000000079710c140,0x0000000797180000)
  from space 6656K, 92% used [0x0000000797200000,0x0000000797803148,0x0000000797880000)
  to   space 12800K, 0% used [0x0000000797e00000,0x0000000797e00000,0x0000000798a80000)
 ParOldGen       total 52224K, used 11846K [0x0000000740000000, 0x0000000743300000, 0x0000000795580000)
  object space 52224K, 22% used [0x0000000740000000,0x0000000740b91928,0x0000000743300000)
 Metaspace       used 23386K, capacity 23876K, committed 24192K, reserved 1071104K
  class space    used 3270K, capacity 3407K, committed 3456K, reserved 1048576K
Event: 1231.523 GC heap after
Heap after GC invocations=21 (full 5):
 PSYoungGen      total 40960K, used 9164K [0x0000000795580000, 0x0000000798b00000, 0x00000007c0000000)
  eden space 28160K, 0% used [0x0000000795580000,0x0000000795580000,0x0000000797100000)
  from space 12800K, 71% used [0x0000000797e00000,0x00000007986f3010,0x0000000798a80000)
  to   space 13312K, 0% used [0x0000000797100000,0x0000000797100000,0x0000000797e00000)
 ParOldGen       total 52224K, used 11854K [0x0000000740000000, 0x0000000743300000, 0x0000000795580000)
  object space 52224K, 22% used [0x0000000740000000,0x0000000740b93928,0x0000000743300000)
 Metaspace       used 23386K, capacity 23876K, committed 24192K, reserved 1071104K
  class space    used 3270K, capacity 3407K, committed 3456K, reserved 1048576K
}
Event: 1261.615 GC heap before
{Heap before GC invocations=22 (full 5):
 PSYoungGen      total 40960K, used 36109K [0x0000000795580000, 0x0000000798b00000, 0x00000007c0000000)
  eden space 28160K, 95% used [0x0000000795580000,0x0000000796fd03f8,0x0000000797100000)
  from space 12800K, 71% used [0x0000000797e00000,0x00000007986f3010,0x0000000798a80000)
  to   space 13312K, 0% used [0x0000000797100000,0x0000000797100000,0x0000000797e00000)
 ParOldGen       total 52224K, used 11854K [0x0000000740000000, 0x0000000743300000, 0x0000000795580000)
  object space 52224K, 22% used [0x0000000740000000,0x0000000740b93928,0x0000000743300000)
 Metaspace       used 23415K, capacity 23876K, committed 24192K, reserved 1071104K
  class space    used 3270K, capacity 3407K, committed 3456K, reserved 1048576K
Event: 1261.621 GC heap after
Heap after GC invocations=22 (full 5):
 PSYoungGen      total 36352K, used 8316K [0x0000000795580000, 0x0000000798a80000, 0x00000007c0000000)
  eden space 27648K, 0% used [0x0000000795580000,0x0000000795580000,0x0000000797080000)
  from space 8704K, 95% used [0x0000000797100000,0x000000079791f1b0,0x0000000797980000)
  to   space 13312K, 0% used [0x0000000797d80000,0x0000000797d80000,0x0000000798a80000)
 ParOldGen       total 52224K, used 11854K [0x0000000740000000, 0x0000000743300000, 0x0000000795580000)
  object space 52224K, 22% used [0x0000000740000000,0x0000000740b93928,0x0000000743300000)
 Metaspace       used 23415K, capacity 23876K, committed 24192K, reserved 1071104K
  class space    used 3270K, capacity 3407K, committed 3456K, reserved 1048576K
}
Event: 1316.195 GC heap before
{Heap before GC invocations=23 (full 5):
 PSYoungGen      total 36352K, used 35801K [0x0000000795580000, 0x0000000798a80000, 0x00000007c0000000)
  eden space 27648K, 99% used [0x0000000795580000,0x0000000797057420,0x0000000797080000)
  from space 8704K, 95% used [0x0000000797100000,0x000000079791f1b0,0x0000000797980000)
  to   space 13312K, 0% used [0x0000000797d80000,0x0000000797d80000,0x0000000798a80000)
 ParOldGen       total 52224K, used 11854K [0x0000000740000000, 0x0000000743300000, 0x0000000795580000)
  object space 52224K, 22% used [0x0000000740000000,0x0000000740b93928,0x0000000743300000)
 Metaspace       used 23472K, capacity 23940K, committed 24192K, reserved 1071104K
  class space    used 3271K, capacity 3407K, committed 3456K, reserved 1048576K
Event: 1316.205 GC heap after
Heap after GC invocations=23 (full 5):
 PSYoungGen      total 39936K, used 9278K [0x0000000795580000, 0x0000000798a00000, 0x00000007c0000000)
  eden space 27136K, 0% used [0x0000000795580000,0x0000000795580000,0x0000000797000000)
  from space 12800K, 72% used [0x0000000797d80000,0x000000079868f858,0x0000000798a00000)
  to   space 13312K, 0% used [0x0000000797000000,0x0000000797000000,0x0000000797d00000)
 ParOldGen       total 52224K, used 11862K [0x0000000740000000, 0x0000000743300000, 0x0000000795580000)
  object space 52224K, 22% used [0x0000000740000000,0x0000000740b95928,0x0000000743300000)
 Metaspace       used 23472K, capacity 23940K, committed 24192K, reserved 1071104K
  class space    used 3271K, capacity 3407K, committed 3456K, reserved 1048576K
}
Event: 1423.783 GC heap before
{Heap before GC invocations=24 (full 5):
 PSYoungGen      total 39936K, used 36414K [0x0000000795580000, 0x0000000798a00000, 0x00000007c0000000)
  eden space 27136K, 100% used [0x0000000795580000,0x0000000797000000,0x0000000797000000)
  from space 12800K, 72% used [0x0000000797d80000,0x000000079868f858,0x0000000798a00000)
  to   space 13312K, 0% used [0x0000000797000000,0x0000000797000000,0x0000000797d00000)
 ParOldGen       total 52224K, used 11862K [0x0000000740000000, 0x0000000743300000, 0x0000000795580000)
  object space 52224K, 22% used [0x0000000740000000,0x0000000740b95928,0x0000000743300000)
 Metaspace       used 23511K, capacity 24004K, committed 24192K, reserved 1071104K
  class space    used 3271K, capacity 3407K, committed 3456K, reserved 1048576K
Event: 1423.790 GC heap after
Heap after GC invocations=24 (full 5):
 PSYoungGen      total 39936K, used 10213K [0x0000000795580000, 0x0000000798a80000, 0x00000007c0000000)
  eden space 26624K, 0% used [0x0000000795580000,0x0000000795580000,0x0000000796f80000)
  from space 13312K, 76% used [0x0000000797000000,0x00000007979f9598,0x0000000797d00000)
  to   space 13824K, 0% used [0x0000000797d00000,0x0000000797d00000,0x0000000798a80000)
 ParOldGen       total 52224K, used 11870K [0x0000000740000000, 0x0000000743300000, 0x0000000795580000)
  object space 52224K, 22% used [0x0000000740000000,0x0000000740b97928,0x0000000743300000)
 Metaspace       used 23511K, capacity 24004K, committed 24192K, reserved 1071104K
  class space    used 3271K, capacity 3407K, committed 3456K, reserved 1048576K
}

Deoptimization events (10 events):
Event: 1231.631 Thread 0x00007ffb21c3c000 Uncommon trap: reason=unstable_if action=reinterpret pc=0x0000000113cbc948 method=java.awt.geom.AffineTransform.equals(Ljava/lang/Object;)Z @ 35
Event: 1231.632 Thread 0x00007ffb21c3c000 Uncommon trap: reason=unstable_if action=reinterpret pc=0x0000000113a3fbd0 method=java.awt.geom.AffineTransform.equals(Ljava/lang/Object;)Z @ 35
Event: 1237.688 Thread 0x00007ffb21c3c000 Uncommon trap: reason=unstable_if action=reinterpret pc=0x0000000113b80ae0 method=java.awt.Component.dispatchEventImpl(Ljava/awt/AWTEvent;)V @ 245
Event: 1237.688 Thread 0x00007ffb21c3c000 Uncommon trap: reason=unstable_if action=reinterpret pc=0x0000000113fdca00 method=java.awt.LightweightDispatcher.retargetMouseEvent(Ljava/awt/Component;ILjava/awt/event/MouseEvent;)V @ 364
Event: 1237.688 Thread 0x00007ffb21c3c000 Uncommon trap: reason=class_check action=maybe_recompile pc=0x0000000113fcfb00 method=java.awt.Container.dispatchEventImpl(Ljava/awt/AWTEvent;)V @ 19
Event: 1237.696 Thread 0x00007ffb21c3c000 Uncommon trap: reason=class_check action=maybe_recompile pc=0x0000000113fcfb00 method=java.awt.Container.dispatchEventImpl(Ljava/awt/AWTEvent;)V @ 19
Event: 1237.707 Thread 0x00007ffb21c3c000 Uncommon trap: reason=class_check action=maybe_recompile pc=0x0000000113fcfb00 method=java.awt.Container.dispatchEventImpl(Ljava/awt/AWTEvent;)V @ 19
Event: 1237.713 Thread 0x00007ffb21c3c000 Uncommon trap: reason=class_check action=maybe_recompile pc=0x0000000113fcfb00 method=java.awt.Container.dispatchEventImpl(Ljava/awt/AWTEvent;)V @ 19
Event: 1237.904 Thread 0x00007ffb21c3c000 Uncommon trap: reason=class_check action=maybe_recompile pc=0x0000000113cee6d0 method=java.awt.EventQueue.coalesceEvent(Ljava/awt/AWTEvent;I)Z @ 77
Event: 1261.576 Thread 0x00007ffb21c3c000 Uncommon trap: reason=unstable_if action=reinterpret pc=0x000000011419dbcc method=java.awt.Container.dispatchEventImpl(Ljava/awt/AWTEvent;)V @ 26

Classes redefined (0 events):
No events

Internal exceptions (10 events):
Event: 917.064 Thread 0x00007ffb21c3c000 Implicit null exception at 0x0000000113c026a8 to 0x0000000113c02785
Event: 918.289 Thread 0x00007ffb21c3c000 Implicit null exception at 0x00000001139a72e8 to 0x00000001139a7d89
Event: 918.346 Thread 0x00007ffb21c3c000 Implicit null exception at 0x0000000113d60b14 to 0x0000000113d61141
Event: 921.971 Thread 0x00007ffb21c3c000 Implicit null exception at 0x00000001139dfafa to 0x00000001139e0ac5
Event: 922.032 Thread 0x00007ffb21c3c000 Implicit null exception at 0x0000000113e0a4fc to 0x0000000113e0d965
Event: 925.349 Thread 0x00007ffb21c3c000 Implicit null exception at 0x0000000113a29000 to 0x0000000113a29999
Event: 925.350 Thread 0x00007ffb21c3c000 Implicit null exception at 0x00000001135cb75c to 0x00000001135cb9d9
Event: 949.026 Thread 0x00007ffb21c3c000 Implicit null exception at 0x0000000113e2a0a0 to 0x0000000113e2b0b1
Event: 985.175 Thread 0x00007ffb21c3c000 Implicit null exception at 0x0000000113e24dcc to 0x0000000113e24ead
Event: 1261.576 Thread 0x00007ffb21c3c000 Implicit null exception at 0x000000011419c328 to 0x000000011419dbb9

Events (10 events):
Event: 1424.376 Thread 0x00007ffb2185d800 flushing nmethod 0x00000001140a2650
Event: 1424.376 Thread 0x00007ffb2185d800 flushing nmethod 0x00000001140b0750
Event: 1424.376 Thread 0x00007ffb2185d800 flushing nmethod 0x00000001140c03d0
Event: 1424.376 Thread 0x00007ffb2185d800 flushing nmethod 0x00000001140c1f50
Event: 1424.376 Thread 0x00007ffb2185d800 flushing nmethod 0x00000001140dd6d0
Event: 1424.377 Thread 0x00007ffb2185d800 flushing nmethod 0x0000000114121810
Event: 1424.377 Thread 0x00007ffb2185d800 flushing nmethod 0x000000011412e090
Event: 1424.377 Thread 0x00007ffb2185d800 flushing nmethod 0x000000011414c810
Event: 1424.676 Thread 0x00007ffb21c3c000 DEOPT PACKING pc=0x0000000113e22a49 sp=0x000070000e7dad30
Event: 1424.676 Thread 0x00007ffb21c3c000 DEOPT UNPACKING pc=0x00000001131a5784 sp=0x000070000e7daad8 mode 0


Dynamic libraries:
0x00007fff4b4d2000 	/System/Library/Frameworks/Cocoa.framework/Versions/A/Cocoa
0x00007fff57277000 	/System/Library/Frameworks/Security.framework/Versions/A/Security
0x00007fff4a165000 	/System/Library/Frameworks/ApplicationServices.framework/Versions/A/ApplicationServices
0x00007fff77365000 	/usr/lib/libz.1.dylib
0x00007fff74cbf000 	/usr/lib/libSystem.B.dylib
0x00007fff764f6000 	/usr/lib/libobjc.A.dylib
0x00007fff4bd47000 	/System/Library/Frameworks/CoreFoundation.framework/Versions/A/CoreFoundation
0x00007fff4dfca000 	/System/Library/Frameworks/Foundation.framework/Versions/C/Foundation
0x00007fff4935e000 	/System/Library/Frameworks/AppKit.framework/Versions/C/AppKit
0x00007fff4b8d0000 	/System/Library/Frameworks/CoreData.framework/Versions/A/CoreData
0x00007fff6e785000 	/System/Library/PrivateFrameworks/RemoteViewServices.framework/Versions/A/RemoteViewServices
0x00007fff729fc000 	/System/Library/PrivateFrameworks/UIFoundation.framework/Versions/A/UIFoundation
0x00007fff740e0000 	/System/Library/PrivateFrameworks/XCTTargetBootstrap.framework/Versions/A/XCTTargetBootstrap
0x00007fff4bc56000 	/System/Library/Frameworks/CoreDisplay.framework/Versions/A/CoreDisplay
0x00007fff694bf000 	/System/Library/PrivateFrameworks/IconServices.framework/Versions/A/IconServices
0x00007fff508eb000 	/System/Library/Frameworks/Metal.framework/Versions/A/Metal
0x00007fff60a02000 	/System/Library/PrivateFrameworks/DesktopServicesPriv.framework/Versions/A/DesktopServicesPriv
0x00007fff75859000 	/usr/lib/libenergytrace.dylib
0x00007fff70ee3000 	/System/Library/PrivateFrameworks/SkyLight.framework/Versions/A/SkyLight
0x00007fff4c18e000 	/System/Library/Frameworks/CoreGraphics.framework/Versions/A/CoreGraphics
0x00007fff4812a000 	/System/Library/Frameworks/Accelerate.framework/Versions/A/Accelerate
0x00007fff4e713000 	/System/Library/Frameworks/IOSurface.framework/Versions/A/IOSurface
0x00007fff6086e000 	/System/Library/PrivateFrameworks/DFRFoundation.framework/Versions/A/DFRFoundation
0x00007fff4a648000 	/System/Library/Frameworks/AudioToolbox.framework/Versions/A/AudioToolbox
0x00007fff4a8c1000 	/System/Library/Frameworks/AudioUnit.framework/Versions/A/AudioUnit
0x00007fff60903000 	/System/Library/PrivateFrameworks/DataDetectorsCore.framework/Versions/A/DataDetectorsCore
0x00007fff4afd5000 	/System/Library/Frameworks/Carbon.framework/Versions/A/Frameworks/HIToolbox.framework/Versions/A/HIToolbox
0x00007fff759b2000 	/usr/lib/libicucore.A.dylib
0x00007fff567ea000 	/System/Library/Frameworks/QuartzCore.framework/Versions/A/QuartzCore
0x00007fff4b3aa000 	/System/Library/Frameworks/Carbon.framework/Versions/A/Frameworks/SpeechRecognition.framework/Versions/A/SpeechRecognition
0x00007fff74e13000 	/usr/lib/libauto.dylib
0x00007fff77259000 	/usr/lib/libxml2.2.dylib
0x00007fff60449000 	/System/Library/PrivateFrameworks/CoreUI.framework/Versions/A/CoreUI
0x00007fff4b7bb000 	/System/Library/Frameworks/CoreAudio.framework/Versions/A/CoreAudio
0x00007fff4ddff000 	/System/Library/Frameworks/DiskArbitration.framework/Versions/A/DiskArbitration
0x00007fff75c60000 	/usr/lib/liblangid.dylib
0x00007fff6a8ca000 	/System/Library/PrivateFrameworks/MultitouchSupport.framework/Versions/A/MultitouchSupport
0x00007fff4e682000 	/System/Library/Frameworks/IOKit.framework/Versions/A/IOKit
0x00007fff7487f000 	/usr/lib/libDiagnosticMessagesClient.dylib
0x00007fff4cf9d000 	/System/Library/Frameworks/CoreServices.framework/Versions/A/CoreServices
0x00007fff6c584000 	/System/Library/PrivateFrameworks/PerformanceAnalysis.framework/Versions/A/PerformanceAnalysis
0x00007fff559d8000 	/System/Library/Frameworks/OpenGL.framework/Versions/A/OpenGL
0x00007fff4b4e0000 	/System/Library/Frameworks/ColorSync.framework/Versions/A/ColorSync
0x00007fff4c81f000 	/System/Library/Frameworks/CoreImage.framework/Versions/A/CoreImage
0x00007fff4d975000 	/System/Library/Frameworks/CoreText.framework/Versions/A/CoreText
0x00007fff4e776000 	/System/Library/Frameworks/ImageIO.framework/Versions/A/ImageIO
0x00007fff5ca9b000 	/System/Library/PrivateFrameworks/Backup.framework/Versions/A/Backup
0x00007fff74d66000 	/usr/lib/libarchive.2.dylib
0x00007fff4ac1a000 	/System/Library/Frameworks/CFNetwork.framework/Versions/A/CFNetwork
0x00007fff579d3000 	/System/Library/Frameworks/SystemConfiguration.framework/Versions/A/SystemConfiguration
0x00007fff747b0000 	/usr/lib/libCRFSuite.dylib
0x00007fff74f02000 	/usr/lib/libc++.1.dylib
0x00007fff74f56000 	/usr/lib/libc++abi.dylib
0x00007fff77b5b000 	/usr/lib/system/libcache.dylib
0x00007fff77b60000 	/usr/lib/system/libcommonCrypto.dylib
0x00007fff77b6b000 	/usr/lib/system/libcompiler_rt.dylib
0x00007fff77b73000 	/usr/lib/system/libcopyfile.dylib
0x00007fff77b7d000 	/usr/lib/system/libcorecrypto.dylib
0x00007fff77c88000 	/usr/lib/system/libdispatch.dylib
0x00007fff77cc2000 	/usr/lib/system/libdyld.dylib
0x00007fff77cef000 	/usr/lib/system/libkeymgr.dylib
0x00007fff77cfd000 	/usr/lib/system/liblaunch.dylib
0x00007fff77cfe000 	/usr/lib/system/libmacho.dylib
0x00007fff77d04000 	/usr/lib/system/libquarantine.dylib
0x00007fff77d07000 	/usr/lib/system/libremovefile.dylib
0x00007fff77d09000 	/usr/lib/system/libsystem_asl.dylib
0x00007fff77d21000 	/usr/lib/system/libsystem_blocks.dylib
0x00007fff77d22000 	/usr/lib/system/libsystem_c.dylib
0x00007fff77daa000 	/usr/lib/system/libsystem_configuration.dylib
0x00007fff77dae000 	/usr/lib/system/libsystem_coreservices.dylib
0x00007fff77db2000 	/usr/lib/system/libsystem_darwin.dylib
0x00007fff77db9000 	/usr/lib/system/libsystem_dnssd.dylib
0x00007fff77dc0000 	/usr/lib/system/libsystem_info.dylib
0x00007fff77e35000 	/usr/lib/system/libsystem_m.dylib
0x00007fff77e81000 	/usr/lib/system/libsystem_malloc.dylib
0x00007fff77eac000 	/usr/lib/system/libsystem_networkextension.dylib
0x00007fff77eb7000 	/usr/lib/system/libsystem_notify.dylib
0x00007fff77ed4000 	/usr/lib/system/libsystem_sandbox.dylib
0x00007fff77ed8000 	/usr/lib/system/libsystem_secinit.dylib
0x00007fff77e0c000 	/usr/lib/system/libsystem_kernel.dylib
0x00007fff77ebf000 	/usr/lib/system/libsystem_platform.dylib
0x00007fff77ec9000 	/usr/lib/system/libsystem_pthread.dylib
0x00007fff77edb000 	/usr/lib/system/libsystem_symptoms.dylib
0x00007fff77ee3000 	/usr/lib/system/libsystem_trace.dylib
0x00007fff77efa000 	/usr/lib/system/libunwind.dylib
0x00007fff77f00000 	/usr/lib/system/libxpc.dylib
0x00007fff74ee3000 	/usr/lib/libbsm.0.dylib
0x00007fff77cf0000 	/usr/lib/system/libkxld.dylib
0x00007fff5be8c000 	/System/Library/PrivateFrameworks/AppleFSCompression.framework/Versions/A/AppleFSCompression
0x00007fff74b7f000 	/usr/lib/libOpenScriptingUtil.dylib
0x00007fff7520b000 	/usr/lib/libcoretls.dylib
0x00007fff75222000 	/usr/lib/libcoretls_cfhelpers.dylib
0x00007fff76c8d000 	/usr/lib/libpam.2.dylib
0x00007fff76e4d000 	/usr/lib/libsqlite3.dylib
0x00007fff77247000 	/usr/lib/libxar.1.dylib
0x00007fff74ef4000 	/usr/lib/libbz2.1.0.dylib
0x00007fff75c62000 	/usr/lib/liblzma.5.dylib
0x00007fff76113000 	/usr/lib/libnetwork.dylib
0x00007fff74d4f000 	/usr/lib/libapple_nghttp2.dylib
0x00007fff76c94000 	/usr/lib/libpcap.A.dylib
0x00007fff4d33c000 	/System/Library/Frameworks/CoreServices.framework/Versions/A/Frameworks/FSEvents.framework/Versions/A/FSEvents
0x00007fff4d01b000 	/System/Library/Frameworks/CoreServices.framework/Versions/A/Frameworks/CarbonCore.framework/Versions/A/CarbonCore
0x00007fff4d4f7000 	/System/Library/Frameworks/CoreServices.framework/Versions/A/Frameworks/Metadata.framework/Versions/A/Metadata
0x00007fff4d596000 	/System/Library/Frameworks/CoreServices.framework/Versions/A/Frameworks/OSServices.framework/Versions/A/OSServices
0x00007fff4d5e1000 	/System/Library/Frameworks/CoreServices.framework/Versions/A/Frameworks/SearchKit.framework/Versions/A/SearchKit
0x00007fff4cf9e000 	/System/Library/Frameworks/CoreServices.framework/Versions/A/Frameworks/AE.framework/Versions/A/AE
0x00007fff4d345000 	/System/Library/Frameworks/CoreServices.framework/Versions/A/Frameworks/LaunchServices.framework/Versions/A/LaunchServices
0x00007fff4d2f3000 	/System/Library/Frameworks/CoreServices.framework/Versions/A/Frameworks/DictionaryServices.framework/Versions/A/DictionaryServices
0x00007fff4d649000 	/System/Library/Frameworks/CoreServices.framework/Versions/A/Frameworks/SharedFileList.framework/Versions/A/SharedFileList
0x00007fff519b3000 	/System/Library/Frameworks/NetFS.framework/Versions/A/NetFS
0x00007fff6ab30000 	/System/Library/PrivateFrameworks/NetAuth.framework/Versions/A/NetAuth
0x00007fff744e4000 	/System/Library/PrivateFrameworks/login.framework/Versions/A/Frameworks/loginsupport.framework/Versions/A/loginsupport
0x00007fff72605000 	/System/Library/PrivateFrameworks/TCC.framework/Versions/A/TCC
0x00007fff5faa6000 	/System/Library/PrivateFrameworks/CoreNLP.framework/Versions/A/CoreNLP
0x00007fff6a5c5000 	/System/Library/PrivateFrameworks/MetadataUtilities.framework/Versions/A/MetadataUtilities
0x00007fff75d37000 	/usr/lib/libmecabra.dylib
0x00007fff4a166000 	/System/Library/Frameworks/ApplicationServices.framework/Versions/A/Frameworks/ATS.framework/Versions/A/ATS
0x00007fff4a4b5000 	/System/Library/Frameworks/ApplicationServices.framework/Versions/A/Frameworks/ColorSyncLegacy.framework/Versions/A/ColorSyncLegacy
0x00007fff4a554000 	/System/Library/Frameworks/ApplicationServices.framework/Versions/A/Frameworks/HIServices.framework/Versions/A/HIServices
0x00007fff4a5a7000 	/System/Library/Frameworks/ApplicationServices.framework/Versions/A/Frameworks/LangAnalysis.framework/Versions/A/LangAnalysis
0x00007fff4a5b7000 	/System/Library/Frameworks/ApplicationServices.framework/Versions/A/Frameworks/PrintCore.framework/Versions/A/PrintCore
0x00007fff4a601000 	/System/Library/Frameworks/ApplicationServices.framework/Versions/A/Frameworks/QD.framework/Versions/A/QD
0x00007fff4a63b000 	/System/Library/Frameworks/ApplicationServices.framework/Versions/A/Frameworks/SpeechSynthesis.framework/Versions/A/SpeechSynthesis
0x00007fff74f7e000 	/usr/lib/libcompression.dylib
0x00007fff50bbb000 	/System/Library/Frameworks/MetalPerformanceShaders.framework/Versions/A/MetalPerformanceShaders
0x00007fff48142000 	/System/Library/Frameworks/Accelerate.framework/Versions/A/Frameworks/vImage.framework/Versions/A/vImage
0x00007fff491bc000 	/System/Library/Frameworks/Accelerate.framework/Versions/A/Frameworks/vecLib.framework/Versions/A/vecLib
0x00007fff49108000 	/System/Library/Frameworks/Accelerate.framework/Versions/A/Frameworks/vecLib.framework/Versions/A/libvMisc.dylib
0x00007fff48f20000 	/System/Library/Frameworks/Accelerate.framework/Versions/A/Frameworks/vecLib.framework/Versions/A/libvDSP.dylib
0x00007fff487dc000 	/System/Library/Frameworks/Accelerate.framework/Versions/A/Frameworks/vecLib.framework/Versions/A/libBLAS.dylib
0x00007fff48ac9000 	/System/Library/Frameworks/Accelerate.framework/Versions/A/Frameworks/vecLib.framework/Versions/A/libLAPACK.dylib
0x00007fff48e73000 	/System/Library/Frameworks/Accelerate.framework/Versions/A/Frameworks/vecLib.framework/Versions/A/libLinearAlgebra.dylib
0x00007fff48f0c000 	/System/Library/Frameworks/Accelerate.framework/Versions/A/Frameworks/vecLib.framework/Versions/A/libSparseBLAS.dylib
0x00007fff48e89000 	/System/Library/Frameworks/Accelerate.framework/Versions/A/Frameworks/vecLib.framework/Versions/A/libQuadrature.dylib
0x00007fff48a56000 	/System/Library/Frameworks/Accelerate.framework/Versions/A/Frameworks/vecLib.framework/Versions/A/libBNNS.dylib
0x00007fff48e8f000 	/System/Library/Frameworks/Accelerate.framework/Versions/A/Frameworks/vecLib.framework/Versions/A/libSparse.dylib
0x00007fff66df4000 	/System/Library/PrivateFrameworks/GPUWrangler.framework/Versions/A/GPUWrangler
0x00007fff690f4000 	/System/Library/PrivateFrameworks/IOAccelerator.framework/Versions/A/IOAccelerator
0x00007fff690ff000 	/System/Library/PrivateFrameworks/IOPresentment.framework/Versions/A/IOPresentment
0x00007fff6087e000 	/System/Library/PrivateFrameworks/DSExternalDisplay.framework/Versions/A/DSExternalDisplay
0x00007fff54e2f000 	/System/Library/Frameworks/OpenGL.framework/Versions/A/Libraries/libCoreFSCache.dylib
0x00007fff509af000 	/System/Library/Frameworks/MetalPerformanceShaders.framework/Frameworks/MPSCore.framework/Versions/A/MPSCore
0x00007fff509cf000 	/System/Library/Frameworks/MetalPerformanceShaders.framework/Frameworks/MPSImage.framework/Versions/A/MPSImage
0x00007fff50a74000 	/System/Library/Frameworks/MetalPerformanceShaders.framework/Frameworks/MPSNeuralNetwork.framework/Versions/A/MPSNeuralNetwork
0x00007fff50a4c000 	/System/Library/Frameworks/MetalPerformanceShaders.framework/Frameworks/MPSMatrix.framework/Versions/A/MPSMatrix
0x00007fff50ba0000 	/System/Library/Frameworks/MetalPerformanceShaders.framework/Frameworks/MPSRayIntersector.framework/Versions/A/MPSRayIntersector
0x00007fff6a5ee000 	/System/Library/PrivateFrameworks/MetalTools.framework/Versions/A/MetalTools
0x00007fff5b736000 	/System/Library/PrivateFrameworks/AggregateDictionary.framework/Versions/A/AggregateDictionary
0x00007fff74b5f000 	/usr/lib/libMobileGestalt.dylib
0x00007fff4dad8000 	/System/Library/Frameworks/CoreVideo.framework/Versions/A/CoreVideo
0x00007fff67c05000 	/System/Library/PrivateFrameworks/GraphVisualizer.framework/Versions/A/GraphVisualizer
0x00007fff61a84000 	/System/Library/PrivateFrameworks/FaceCore.framework/Versions/A/FaceCore
0x00007fff5445d000 	/System/Library/Frameworks/OpenCL.framework/Versions/A/OpenCL
0x00007fff748b7000 	/usr/lib/libFosl_dynamic.dylib
0x00007fff6b39b000 	/System/Library/PrivateFrameworks/OTSVG.framework/Versions/A/OTSVG
0x00007fff4a26a000 	/System/Library/Frameworks/ApplicationServices.framework/Versions/A/Frameworks/ATS.framework/Versions/A/Resources/libFontParser.dylib
0x00007fff4a382000 	/System/Library/Frameworks/ApplicationServices.framework/Versions/A/Frameworks/ATS.framework/Versions/A/Resources/libFontRegistry.dylib
0x00007fff4e9e4000 	/System/Library/Frameworks/ImageIO.framework/Versions/A/Resources/libJPEG.dylib
0x00007fff4ecf6000 	/System/Library/Frameworks/ImageIO.framework/Versions/A/Resources/libTIFF.dylib
0x00007fff4eccc000 	/System/Library/Frameworks/ImageIO.framework/Versions/A/Resources/libPng.dylib
0x00007fff4e902000 	/System/Library/Frameworks/ImageIO.framework/Versions/A/Resources/libGIF.dylib
0x00007fff4e907000 	/System/Library/Frameworks/ImageIO.framework/Versions/A/Resources/libJP2.dylib
0x00007fff4ecf3000 	/System/Library/Frameworks/ImageIO.framework/Versions/A/Resources/libRadiance.dylib
0x00007fff5bfe3000 	/System/Library/PrivateFrameworks/AppleJPEG.framework/Versions/A/AppleJPEG
0x00007fff54e3a000 	/System/Library/Frameworks/OpenGL.framework/Versions/A/Libraries/libGFXShared.dylib
0x00007fff54ffd000 	/System/Library/Frameworks/OpenGL.framework/Versions/A/Libraries/libGLU.dylib
0x00007fff54e43000 	/System/Library/Frameworks/OpenGL.framework/Versions/A/Libraries/libGL.dylib
0x00007fff54e4f000 	/System/Library/Frameworks/OpenGL.framework/Versions/A/Libraries/libGLImage.dylib
0x00007fff54e2c000 	/System/Library/Frameworks/OpenGL.framework/Versions/A/Libraries/libCVMSPluginSupport.dylib
0x00007fff54e35000 	/System/Library/Frameworks/OpenGL.framework/Versions/A/Libraries/libCoreVMClient.dylib
0x00007fff756cf000 	/usr/lib/libcups.2.dylib
0x00007fff4feb6000 	/System/Library/Frameworks/Kerberos.framework/Versions/A/Kerberos
0x00007fff4e3e6000 	/System/Library/Frameworks/GSS.framework/Versions/A/GSS
0x00007fff76de2000 	/usr/lib/libresolv.9.dylib
0x00007fff758c1000 	/usr/lib/libiconv.2.dylib
0x00007fff67d7a000 	/System/Library/PrivateFrameworks/Heimdal.framework/Versions/A/Heimdal
0x00007fff75891000 	/usr/lib/libheimdal-asn1.dylib
0x00007fff544d1000 	/System/Library/Frameworks/OpenDirectory.framework/Versions/A/OpenDirectory
0x00007fff5e809000 	/System/Library/PrivateFrameworks/CommonAuth.framework/Versions/A/CommonAuth
0x00007fff544b5000 	/System/Library/Frameworks/OpenDirectory.framework/Versions/A/Frameworks/CFOpenDirectory.framework/Versions/A/CFOpenDirectory
0x00007fff57578000 	/System/Library/Frameworks/SecurityFoundation.framework/Versions/A/SecurityFoundation
0x00007fff5ac7c000 	/System/Library/PrivateFrameworks/APFS.framework/Versions/A/APFS
0x00007fff77243000 	/usr/lib/libutil.dylib
0x00007fff74f6c000 	/usr/lib/libcharset.1.dylib
0x00007fff5c280000 	/System/Library/PrivateFrameworks/AppleSauce.framework/Versions/A/AppleSauce
0x00007fff5c401000 	/System/Library/PrivateFrameworks/AssertionServices.framework/Versions/A/AssertionServices
0x00007fff5cb31000 	/System/Library/PrivateFrameworks/BaseBoard.framework/Versions/A/BaseBoard
0x00007fff75c92000 	/usr/lib/libmecab.1.0.0.dylib
0x00007fff7588b000 	/usr/lib/libgermantok.dylib
0x00007fff74d3c000 	/usr/lib/libThaiTokenizer.dylib
0x00007fff747e7000 	/usr/lib/libChineseTokenizer.dylib
0x00007fff697ac000 	/System/Library/PrivateFrameworks/LanguageModeling.framework/Versions/A/LanguageModeling
0x00007fff5f4eb000 	/System/Library/PrivateFrameworks/CoreEmoji.framework/Versions/A/CoreEmoji
0x00007fff69888000 	/System/Library/PrivateFrameworks/Lexicon.framework/Versions/A/Lexicon
0x00007fff698cb000 	/System/Library/PrivateFrameworks/LinguisticData.framework/Versions/A/LinguisticData
0x00007fff74f6d000 	/usr/lib/libcmph.dylib
0x00007fff57636000 	/System/Library/Frameworks/ServiceManagement.framework/Versions/A/ServiceManagement
0x00007fff5ca92000 	/System/Library/PrivateFrameworks/BackgroundTaskManagement.framework/Versions/A/BackgroundTaskManagement
0x00007fff7733c000 	/usr/lib/libxslt.1.dylib
0x00007fff4b2d7000 	/System/Library/Frameworks/Carbon.framework/Versions/A/Frameworks/Ink.framework/Versions/A/Ink
0x00007fff72877000 	/System/Library/PrivateFrameworks/TextureIO.framework/Versions/A/TextureIO
0x00007fff74d90000 	/usr/lib/libate.dylib
0x00007fff607cd000 	/System/Library/PrivateFrameworks/CrashReporterSupport.framework/Versions/A/CrashReporterSupport
0x00007fff6ffb1000 	/System/Library/PrivateFrameworks/Sharing.framework/Versions/A/Sharing
0x00007fff5c7e4000 	/System/Library/PrivateFrameworks/AuthKit.framework/Versions/A/AuthKit
0x00007fff5bd38000 	/System/Library/PrivateFrameworks/Apple80211.framework/Versions/A/Apple80211
0x00007fff60575000 	/System/Library/PrivateFrameworks/CoreUtils.framework/Versions/A/CoreUtils
0x00007fff4db19000 	/System/Library/Frameworks/CoreWLAN.framework/Versions/A/CoreWLAN
0x00007fff4e515000 	/System/Library/Frameworks/IOBluetooth.framework/Versions/A/IOBluetooth
0x00007fff6e425000 	/System/Library/PrivateFrameworks/ProtocolBuffer.framework/Versions/A/ProtocolBuffer
0x00007fff6a826000 	/System/Library/PrivateFrameworks/MobileKeyBag.framework/Versions/A/MobileKeyBag
0x00007fff5fdb9000 	/System/Library/PrivateFrameworks/CorePhoneNumbers.framework/Versions/A/CorePhoneNumbers
0x00007fff5bf97000 	/System/Library/PrivateFrameworks/AppleIDAuthSupport.framework/Versions/A/AppleIDAuthSupport
0x00007fff6977f000 	/System/Library/PrivateFrameworks/KeychainCircle.framework/Versions/A/KeychainCircle
0x00007fff6e5db000 	/System/Library/PrivateFrameworks/ROCKit.framework/Versions/A/ROCKit
0x00007fff60769000 	/System/Library/PrivateFrameworks/CoreWiFi.framework/Versions/A/CoreWiFi
0x00007fff4b8a5000 	/System/Library/Frameworks/CoreBluetooth.framework/Versions/A/CoreBluetooth
0x00007fff609c4000 	/System/Library/PrivateFrameworks/DebugSymbols.framework/Versions/A/DebugSymbols
0x00007fff60335000 	/System/Library/PrivateFrameworks/CoreSymbolication.framework/Versions/A/CoreSymbolication
0x00007fff72092000 	/System/Library/PrivateFrameworks/Symbolication.framework/Versions/A/Symbolication
0x00007fff71935000 	/System/Library/PrivateFrameworks/SpeechRecognitionCore.framework/Versions/A/SpeechRecognitionCore
0x000000010a800000 	/Library/Internet Plug-Ins/JavaAppletPlugin.plugin/Contents/Home/lib/server/libjvm.dylib
0x00007fff7711e000 	/usr/lib/libstdc++.6.dylib
0x0000000109e87000 	/Library/Internet Plug-Ins/JavaAppletPlugin.plugin/Contents/Home/lib/libverify.dylib
0x0000000109e95000 	/Library/Internet Plug-Ins/JavaAppletPlugin.plugin/Contents/Home/lib/libjava.dylib
0x0000000109f15000 	/Library/Internet Plug-Ins/JavaAppletPlugin.plugin/Contents/Home/lib/libzip.dylib
0x00000001120b2000 	/Library/Internet Plug-Ins/JavaAppletPlugin.plugin/Contents/Home/lib/libosx.dylib
0x0000000112356000 	/Library/Internet Plug-Ins/JavaAppletPlugin.plugin/Contents/Home/lib/./libosxapp.dylib
0x00007fff4fe9f000 	/System/Library/Frameworks/JavaVM.framework/Versions/A/Frameworks/JavaNativeFoundation.framework/Versions/A/JavaNativeFoundation
0x00007fff4fea8000 	/System/Library/Frameworks/JavaVM.framework/Versions/A/Frameworks/JavaRuntimeSupport.framework/Versions/A/JavaRuntimeSupport
0x00007fff4afd0000 	/System/Library/Frameworks/Carbon.framework/Versions/A/Carbon
0x00007fff4dfa3000 	/System/Library/Frameworks/ExceptionHandling.framework/Versions/A/ExceptionHandling
0x00007fff4afd1000 	/System/Library/Frameworks/Carbon.framework/Versions/A/Frameworks/CommonPanels.framework/Versions/A/CommonPanels
0x00007fff4b2cd000 	/System/Library/Frameworks/Carbon.framework/Versions/A/Frameworks/Help.framework/Versions/A/Help
0x00007fff4b2d1000 	/System/Library/Frameworks/Carbon.framework/Versions/A/Frameworks/ImageCapture.framework/Versions/A/ImageCapture
0x00007fff4b36d000 	/System/Library/Frameworks/Carbon.framework/Versions/A/Frameworks/OpenScripting.framework/Versions/A/OpenScripting
0x00007fff4b3a5000 	/System/Library/Frameworks/Carbon.framework/Versions/A/Frameworks/Print.framework/Versions/A/Print
0x00007fff4b3a7000 	/System/Library/Frameworks/Carbon.framework/Versions/A/Frameworks/SecurityHI.framework/Versions/A/SecurityHI
0x00007fff4feb1000 	/System/Library/Frameworks/JavaVM.framework/Versions/A/JavaVM
0x00007fff6969e000 	/System/Library/PrivateFrameworks/JavaLaunching.framework/Versions/A/JavaLaunching
0x000000011223a000 	/Library/Internet Plug-Ins/JavaAppletPlugin.plugin/Contents/Home/lib/libawt.dylib
0x0000000112372000 	/Library/Internet Plug-Ins/JavaAppletPlugin.plugin/Contents/Home/lib/./libmlib_image.dylib
0x000000011243e000 	/Library/Internet Plug-Ins/JavaAppletPlugin.plugin/Contents/Home/lib/libawt_lwawt.dylib
0x00007fff5ff3d000 	/System/Library/PrivateFrameworks/CoreServicesInternal.framework/Versions/A/CoreServicesInternal
0x00007fff404a8000 	/System/Library/CoreServices/RawCamera.bundle/Contents/MacOS/RawCamera
0x00007fff6a692000 	/System/Library/PrivateFrameworks/MobileAsset.framework/Versions/A/MobileAsset
0x00007fff71fe0000 	/System/Library/PrivateFrameworks/StreamingZip.framework/Versions/A/StreamingZip
0x00007fff50243000 	/System/Library/Frameworks/MediaToolbox.framework/Versions/A/MediaToolbox
0x00007fff5f08f000 	/System/Library/PrivateFrameworks/CoreAVCHD.framework/Versions/A/CoreAVCHD
0x00007fff50189000 	/System/Library/Frameworks/MediaAccessibility.framework/Versions/A/MediaAccessibility
0x00007fff6a0ee000 	/System/Library/PrivateFrameworks/Mangrove.framework/Versions/A/Mangrove
0x00007fff4ce3c000 	/System/Library/Frameworks/CoreMedia.framework/Versions/A/CoreMedia
0x00007fff57c9f000 	/System/Library/Frameworks/VideoToolbox.framework/Versions/A/VideoToolbox
0x00007fff5ecab000 	/System/Library/PrivateFrameworks/CoreAUC.framework/Versions/A/CoreAUC
0x00007fff76e4b000 	/usr/lib/libspindump.dylib
0x00007fff5c366000 	/System/Library/PrivateFrameworks/AppleVA.framework/Versions/A/AppleVA
0x00007fff4812b000 	/System/Library/Frameworks/Accelerate.framework/Versions/A/Frameworks/vImage.framework/Versions/A/Libraries/libCGInterfaces.dylib
0x00007fff4a41e000 	/System/Library/Frameworks/ApplicationServices.framework/Versions/A/Frameworks/ATS.framework/Versions/A/Resources/libTrueTypeScaler.dylib
0x00007fff437dc000 	/System/Library/Extensions/AppleIntelBDWGraphicsMTLDriver.bundle/Contents/MacOS/AppleIntelBDWGraphicsMTLDriver
0x00007fff65753000 	/System/Library/PrivateFrameworks/GPUCompiler.framework/Versions/3902/Libraries/libmetal_timestamp.dylib
0x00007fff61ea9000 	/System/Library/PrivateFrameworks/FamilyControls.framework/Versions/A/FamilyControls
0x00007fff5e7fc000 	/System/Library/PrivateFrameworks/CommerceKit.framework/Versions/A/Frameworks/CommerceCore.framework/Versions/A/CommerceCore
0x00007fff72365000 	/System/Library/PrivateFrameworks/SystemAdministration.framework/Versions/A/SystemAdministration
0x00007fff5bc39000 	/System/Library/PrivateFrameworks/AppContainer.framework/Versions/A/AppContainer
0x00007fff5bc55000 	/System/Library/PrivateFrameworks/AppSandbox.framework/Versions/A/AppSandbox
0x00007fff6fe52000 	/System/Library/PrivateFrameworks/SecCodeWrapper.framework/Versions/A/SecCodeWrapper
0x00007fff76dfc000 	/usr/lib/libsandbox.1.dylib
0x00007fff74b2e000 	/usr/lib/libMatch.1.dylib
0x00007fff60d49000 	/System/Library/PrivateFrameworks/DiskManagement.framework/Versions/A/DiskManagement
0x00007fff4dd1f000 	/System/Library/Frameworks/DirectoryService.framework/Versions/A/DirectoryService
0x00007fff60c7a000 	/System/Library/PrivateFrameworks/DiskImages.framework/Versions/A/DiskImages
0x00007fff699c4000 	/System/Library/PrivateFrameworks/LoginUIKit.framework/Versions/A/Frameworks/LoginUICore.framework/Versions/A/LoginUICore
0x00007fff747f2000 	/usr/lib/libCoreStorage.dylib
0x00007fff756bc000 	/usr/lib/libcsfde.dylib
0x00007fff76c7c000 	/usr/lib/libodfde.dylib
0x00007fff6a206000 	/System/Library/PrivateFrameworks/MediaKit.framework/Versions/A/MediaKit
0x00007fff4dd2b000 	/System/Library/Frameworks/DiscRecording.framework/Versions/A/DiscRecording
0x00007fff60ebd000 	/System/Library/PrivateFrameworks/EFILogin.framework/Versions/A/EFILogin
0x00007fff6e3d0000 	/System/Library/PrivateFrameworks/ProtectedCloudStorage.framework/Versions/A/ProtectedCloudStorage
0x00007fff7574e000 	/usr/lib/libcurl.4.dylib
0x00007fff755bb000 	/usr/lib/libcrypto.42.dylib
0x00007fff770ee000 	/usr/lib/libssl.44.dylib
0x00007fff4fed0000 	/System/Library/Frameworks/LDAP.framework/Versions/A/LDAP
0x00007fff729f5000 	/System/Library/PrivateFrameworks/TrustEvaluationAgent.framework/Versions/A/TrustEvaluationAgent
0x00007fff76e38000 	/usr/lib/libsasl2.2.dylib
0x00007fff5f2e8000 	/System/Library/PrivateFrameworks/CoreDaemon.framework/Versions/B/CoreDaemon
0x00007fff5c27b000 	/System/Library/PrivateFrameworks/AppleSRP.framework/Versions/A/AppleSRP
0x00007fff7382f000 	/System/Library/PrivateFrameworks/ViewBridge.framework/Versions/A/ViewBridge
0x00007fff559e8000 	/System/Library/Frameworks/OpenGL.framework/Versions/A/Resources/GLEngine.bundle/GLEngine
0x00007fff54e8a000 	/System/Library/Frameworks/OpenGL.framework/Versions/A/Libraries/libGLProgrammability.dylib
0x00007fff432d7000 	/System/Library/Extensions/AppleIntelBDWGraphicsGLDriver.bundle/Contents/MacOS/AppleIntelBDWGraphicsGLDriver
0x00007fff66de8000 	/System/Library/PrivateFrameworks/GPUSupport.framework/Versions/A/Libraries/libGPUSupportMercury.dylib
0x00007fff55b80000 	/System/Library/Frameworks/OpenGL.framework/Versions/A/Resources/GLRendererFloat.bundle/GLRendererFloat
0x00007fff54454000 	/System/Library/Frameworks/OpenCL.framework/Versions/A/Libraries/libcldcpuengine.dylib
0x00007fff753c1000 	/usr/lib/libcrypto.35.dylib
0x000000012613b000 	/Library/Internet Plug-Ins/JavaAppletPlugin.plugin/Contents/Home/lib/libfontmanager.dylib
0x00000001127ca000 	/Library/Internet Plug-Ins/JavaAppletPlugin.plugin/Contents/Home/lib/libosxui.dylib
0x0000000126bcb000 	/Library/Internet Plug-Ins/JavaAppletPlugin.plugin/Contents/Home/lib/libjpeg.dylib
0x00000001270aa000 	/Library/Internet Plug-Ins/JavaAppletPlugin.plugin/Contents/Home/lib/libnet.dylib
0x0000000126ebb000 	/Library/Internet Plug-Ins/JavaAppletPlugin.plugin/Contents/Home/lib/libnio.dylib
0x0000000124d79000 	/usr/lib/libobjc-trampolines.dylib
0x00007fff5db65000 	/System/Library/PrivateFrameworks/CloudDocs.framework/Versions/A/CloudDocs
0x00007fff61ed0000 	/System/Library/PrivateFrameworks/FileProvider.framework/Versions/A/FileProvider
0x00007fff719f3000 	/System/Library/PrivateFrameworks/SpotlightIndex.framework/Versions/A/SpotlightIndex
0x00007fff7211e000 	/System/Library/PrivateFrameworks/SymptomDiagnosticReporter.framework/Versions/A/SymptomDiagnosticReporter
0x00007fff67187000 	/System/Library/PrivateFrameworks/GenerationalStorage.framework/Versions/A/GenerationalStorage
0x00007fff5d9fc000 	/System/Library/PrivateFrameworks/ChunkingLibrary.framework/Versions/A/ChunkingLibrary
0x00007fff6dfc4000 	/System/Library/PrivateFrameworks/PowerLog.framework/Versions/A/PowerLog
0x00007fff5f0dd000 	/System/Library/PrivateFrameworks/CoreAnalytics.framework/Versions/A/CoreAnalytics
0x0000000194604000 	/Library/Internet Plug-Ins/JavaAppletPlugin.plugin/Contents/Home/lib/libdcpr.dylib
0x00007fff744e7000 	/System/Library/PrivateFrameworks/login.framework/Versions/A/login

VM Arguments:
java_command: /Users/Minh/Uni/KTMT/Shared_with_students/Mars/Mars4_5.jar
java_class_path (initial): /Users/Minh/Uni/KTMT/Shared_with_students/Mars/Mars4_5.jar
Launcher Type: SUN_STANDARD

Environment Variables:
PATH=/usr/bin:/bin:/usr/sbin:/sbin
SHELL=/bin/bash

Signal Handlers:
SIGSEGV: [libjvm.dylib+0x5bc2ff], sa_mask[0]=11111111011111110111111111111111, sa_flags=SA_ONSTACK|SA_RESTART|SA_SIGINFO
SIGBUS: [libjvm.dylib+0x5bc2ff], sa_mask[0]=11111111011111110111111111111111, sa_flags=SA_RESTART|SA_SIGINFO
SIGFPE: [libjvm.dylib+0x48d41c], sa_mask[0]=11111111011111110111111111111111, sa_flags=SA_RESTART|SA_SIGINFO
SIGPIPE: [libjvm.dylib+0x48d41c], sa_mask[0]=11111111011111110111111111111111, sa_flags=SA_RESTART|SA_SIGINFO
SIGXFSZ: [libjvm.dylib+0x48d41c], sa_mask[0]=11111111011111110111111111111111, sa_flags=SA_RESTART|SA_SIGINFO
SIGILL: [libjvm.dylib+0x48d41c], sa_mask[0]=11111111011111110111111111111111, sa_flags=SA_RESTART|SA_SIGINFO
SIGUSR1: SIG_DFL, sa_mask[0]=00000000000000000000000000000000, sa_flags=none
SIGUSR2: [libjvm.dylib+0x48cf3a], sa_mask[0]=00000000000000000000000000000000, sa_flags=SA_RESTART|SA_SIGINFO
SIGHUP: [libjvm.dylib+0x48b4c5], sa_mask[0]=11111111011111110111111111111111, sa_flags=SA_RESTART|SA_SIGINFO
SIGINT: [libjvm.dylib+0x48b4c5], sa_mask[0]=11111111011111110111111111111111, sa_flags=SA_RESTART|SA_SIGINFO
SIGTERM: [libjvm.dylib+0x48b4c5], sa_mask[0]=11111111011111110111111111111111, sa_flags=SA_RESTART|SA_SIGINFO
SIGQUIT: [libjvm.dylib+0x48b4c5], sa_mask[0]=11111111011111110111111111111111, sa_flags=SA_RESTART|SA_SIGINFO


---------------  S Y S T E M  ---------------

OS:Bsduname:Darwin 18.7.0 Darwin Kernel Version 18.7.0: Tue Aug 20 16:57:14 PDT 2019; root:xnu-4903.271.2~2/RELEASE_X86_64 x86_64
rlimit: STACK 8192k, CORE 0k, NPROC 709, NOFILE 10240, AS infinity
load average:2.17 2.01 2.21

CPU:total 4 (initial active 4) (2 cores per cpu, 2 threads per core) family 6 model 61 stepping 4, cmov, cx8, fxsr, mmx, sse, sse2, sse3, ssse3, sse4.1, sse4.2, popcnt, avx, avx2, aes, clmul, erms, 3dnowpref, lzcnt, ht, tsc, tscinvbit, bmi1, bmi2, adx

Memory: 4k page, physical 8388608k(2031904k free)

/proc/meminfo:


vm_info: Java HotSpot(TM) 64-Bit Server VM (25.251-b08) for bsd-amd64 JRE (1.8.0_251-b08), built on Mar 12 2020 02:36:37 by "java_re" with gcc 4.2.1 (Based on Apple Inc. build 5658) (LLVM build 2336.11.00)

time: Tue May  5 18:18:28 2020
timezone: +07
elapsed time: 1491 seconds (0d 0h 24m 51s)

